[0.137s] Invoking command in '/home/heybat/Desktop/miniproject/src/build/turtle_bringup': CMAKE_PREFIX_PATH=${CMAKE_PREFIX_PATH}:/home/heybat/Desktop/miniproject/install/turtle_project:/home/heybat/Desktop/ws_ros2/install/my_robot_controller:/home/heybat/Desktop/ROS/ActivitywithROS/Activity2_Ros2/install/my_second_pkg:/home/heybat/Desktop/ros2_ws2/install/my_first_pkg:/opt/ros/humble /usr/bin/cmake --build /home/heybat/Desktop/miniproject/src/build/turtle_bringup -- -j4 -l4
[0.405s] Invoked command in '/home/heybat/Desktop/miniproject/src/build/turtle_bringup' returned '0': CMAKE_PREFIX_PATH=${CMAKE_PREFIX_PATH}:/home/heybat/Desktop/miniproject/install/turtle_project:/home/heybat/Desktop/ws_ros2/install/my_robot_controller:/home/heybat/Desktop/ROS/ActivitywithROS/Activity2_Ros2/install/my_second_pkg:/home/heybat/Desktop/ros2_ws2/install/my_first_pkg:/opt/ros/humble /usr/bin/cmake --build /home/heybat/Desktop/miniproject/src/build/turtle_bringup -- -j4 -l4
[0.613s] Invoking command in '/home/heybat/Desktop/miniproject/src/build/turtle_bringup': CMAKE_PREFIX_PATH=${CMAKE_PREFIX_PATH}:/home/heybat/Desktop/miniproject/install/turtle_project:/home/heybat/Desktop/ws_ros2/install/my_robot_controller:/home/heybat/Desktop/ROS/ActivitywithROS/Activity2_Ros2/install/my_second_pkg:/home/heybat/Desktop/ros2_ws2/install/my_first_pkg:/opt/ros/humble /usr/bin/cmake --install /home/heybat/Desktop/miniproject/src/build/turtle_bringup
[0.654s] -- Install configuration: ""
[0.655s] -- Execute custom install script
[0.657s] -- Up-to-date symlink: /home/heybat/Desktop/miniproject/src/install/turtle_bringup/share/turtle_bringup/launch/turtlecatcher.launch.py
[0.659s] -- Up-to-date symlink: /home/heybat/Desktop/miniproject/src/install/turtle_bringup/share/ament_index/resource_index/package_run_dependencies/turtle_bringup
[0.660s] -- Up-to-date symlink: /home/heybat/Desktop/miniproject/src/install/turtle_bringup/share/ament_index/resource_index/parent_prefix_path/turtle_bringup
[0.661s] -- Up-to-date symlink: /home/heybat/Desktop/miniproject/src/install/turtle_bringup/share/turtle_bringup/environment/ament_prefix_path.sh
[0.662s] -- Up-to-date symlink: /home/heybat/Desktop/miniproject/src/install/turtle_bringup/share/turtle_bringup/environment/ament_prefix_path.dsv
[0.664s] -- Up-to-date symlink: /home/heybat/Desktop/miniproject/src/install/turtle_bringup/share/turtle_bringup/environment/path.sh
[0.665s] -- Up-to-date symlink: /home/heybat/Desktop/miniproject/src/install/turtle_bringup/share/turtle_bringup/environment/path.dsv
[0.666s] -- Up-to-date symlink: /home/heybat/Desktop/miniproject/src/install/turtle_bringup/share/turtle_bringup/local_setup.bash
[0.668s] -- Up-to-date symlink: /home/heybat/Desktop/miniproject/src/install/turtle_bringup/share/turtle_bringup/local_setup.sh
[0.670s] -- Up-to-date symlink: /home/heybat/Desktop/miniproject/src/install/turtle_bringup/share/turtle_bringup/local_setup.zsh
[0.672s] -- Up-to-date symlink: /home/heybat/Desktop/miniproject/src/install/turtle_bringup/share/turtle_bringup/local_setup.dsv
[0.673s] -- Symlinking: /home/heybat/Desktop/miniproject/src/install/turtle_bringup/share/turtle_bringup/package.dsv
[0.725s] -- Up-to-date symlink: /home/heybat/Desktop/miniproject/src/install/turtle_bringup/share/ament_index/resource_index/packages/turtle_bringup
[0.725s] -- Up-to-date symlink: /home/heybat/Desktop/miniproject/src/install/turtle_bringup/share/turtle_bringup/cmake/turtle_bringupConfig.cmake
[0.726s] -- Up-to-date symlink: /home/heybat/Desktop/miniproject/src/install/turtle_bringup/share/turtle_bringup/cmake/turtle_bringupConfig-version.cmake
[0.727s] -- Up-to-date symlink: /home/heybat/Desktop/miniproject/src/install/turtle_bringup/share/turtle_bringup/package.xml
[0.740s] Invoked command in '/home/heybat/Desktop/miniproject/src/build/turtle_bringup' returned '0': CMAKE_PREFIX_PATH=${CMAKE_PREFIX_PATH}:/home/heybat/Desktop/miniproject/install/turtle_project:/home/heybat/Desktop/ws_ros2/install/my_robot_controller:/home/heybat/Desktop/ROS/ActivitywithROS/Activity2_Ros2/install/my_second_pkg:/home/heybat/Desktop/ros2_ws2/install/my_first_pkg:/opt/ros/humble /usr/bin/cmake --install /home/heybat/Desktop/miniproject/src/build/turtle_bringup
