[0.156s] Invoking command in '/home/heybat/Desktop/miniproject/build/turtle_bringup': CMAKE_PREFIX_PATH=${CMAKE_PREFIX_PATH}:/home/heybat/Desktop/miniproject/install/turtle_project:/home/heybat/Desktop/ws_ros2/install/my_robot_controller:/home/heybat/Desktop/ROS/ActivitywithROS/Activity2_Ros2/install/my_second_pkg:/home/heybat/Desktop/ros2_ws2/install/my_first_pkg:/opt/ros/humble /usr/bin/cmake --build /home/heybat/Desktop/miniproject/build/turtle_bringup -- -j4 -l4
[0.334s] Invoked command in '/home/heybat/Desktop/miniproject/build/turtle_bringup' returned '0': CMAKE_PREFIX_PATH=${CMAKE_PREFIX_PATH}:/home/heybat/Desktop/miniproject/install/turtle_project:/home/heybat/Desktop/ws_ros2/install/my_robot_controller:/home/heybat/Desktop/ROS/ActivitywithROS/Activity2_Ros2/install/my_second_pkg:/home/heybat/Desktop/ros2_ws2/install/my_first_pkg:/opt/ros/humble /usr/bin/cmake --build /home/heybat/Desktop/miniproject/build/turtle_bringup -- -j4 -l4
[0.513s] Invoking command in '/home/heybat/Desktop/miniproject/build/turtle_bringup': CMAKE_PREFIX_PATH=${CMAKE_PREFIX_PATH}:/home/heybat/Desktop/miniproject/install/turtle_project:/home/heybat/Desktop/ws_ros2/install/my_robot_controller:/home/heybat/Desktop/ROS/ActivitywithROS/Activity2_Ros2/install/my_second_pkg:/home/heybat/Desktop/ros2_ws2/install/my_first_pkg:/opt/ros/humble /usr/bin/cmake --install /home/heybat/Desktop/miniproject/build/turtle_bringup
[0.544s] -- Install configuration: ""
[0.546s] -- Execute custom install script
[0.548s] -- Up-to-date symlink: /home/heybat/Desktop/miniproject/install/turtle_bringup/share/turtle_bringup/launch/turtlecatcher.launch.py
[0.549s] -- Up-to-date symlink: /home/heybat/Desktop/miniproject/install/turtle_bringup/share/ament_index/resource_index/package_run_dependencies/turtle_bringup
[0.551s] -- Up-to-date symlink: /home/heybat/Desktop/miniproject/install/turtle_bringup/share/ament_index/resource_index/parent_prefix_path/turtle_bringup
[0.552s] -- Up-to-date symlink: /home/heybat/Desktop/miniproject/install/turtle_bringup/share/turtle_bringup/environment/ament_prefix_path.sh
[0.555s] -- Up-to-date symlink: /home/heybat/Desktop/miniproject/install/turtle_bringup/share/turtle_bringup/environment/ament_prefix_path.dsv
[0.558s] -- Up-to-date symlink: /home/heybat/Desktop/miniproject/install/turtle_bringup/share/turtle_bringup/environment/path.sh
[0.559s] -- Up-to-date symlink: /home/heybat/Desktop/miniproject/install/turtle_bringup/share/turtle_bringup/environment/path.dsv
[0.562s] -- Up-to-date symlink: /home/heybat/Desktop/miniproject/install/turtle_bringup/share/turtle_bringup/local_setup.bash
[0.563s] -- Up-to-date symlink: /home/heybat/Desktop/miniproject/install/turtle_bringup/share/turtle_bringup/local_setup.sh
[0.568s] -- Up-to-date symlink: /home/heybat/Desktop/miniproject/install/turtle_bringup/share/turtle_bringup/local_setup.zsh
[0.569s] -- Up-to-date symlink: /home/heybat/Desktop/miniproject/install/turtle_bringup/share/turtle_bringup/local_setup.dsv
[0.570s] -- Symlinking: /home/heybat/Desktop/miniproject/install/turtle_bringup/share/turtle_bringup/package.dsv
[0.611s] -- Up-to-date symlink: /home/heybat/Desktop/miniproject/install/turtle_bringup/share/ament_index/resource_index/packages/turtle_bringup
[0.614s] -- Up-to-date symlink: /home/heybat/Desktop/miniproject/install/turtle_bringup/share/turtle_bringup/cmake/turtle_bringupConfig.cmake
[0.615s] -- Up-to-date symlink: /home/heybat/Desktop/miniproject/install/turtle_bringup/share/turtle_bringup/cmake/turtle_bringupConfig-version.cmake
[0.615s] -- Up-to-date symlink: /home/heybat/Desktop/miniproject/install/turtle_bringup/share/turtle_bringup/package.xml
[0.625s] Invoked command in '/home/heybat/Desktop/miniproject/build/turtle_bringup' returned '0': CMAKE_PREFIX_PATH=${CMAKE_PREFIX_PATH}:/home/heybat/Desktop/miniproject/install/turtle_project:/home/heybat/Desktop/ws_ros2/install/my_robot_controller:/home/heybat/Desktop/ROS/ActivitywithROS/Activity2_Ros2/install/my_second_pkg:/home/heybat/Desktop/ros2_ws2/install/my_first_pkg:/opt/ros/humble /usr/bin/cmake --install /home/heybat/Desktop/miniproject/build/turtle_bringup
