[0.135s] Invoking command in '/home/heybat/Desktop/miniproject/build/turtle_bringup': CMAKE_PREFIX_PATH=${CMAKE_PREFIX_PATH}:/home/heybat/Desktop/miniproject/install/turtle_project:/home/heybat/Desktop/ws_ros2/install/my_robot_controller:/home/heybat/Desktop/ROS/ActivitywithROS/Activity2_Ros2/install/my_second_pkg:/home/heybat/Desktop/ros2_ws2/install/my_first_pkg:/opt/ros/humble /usr/bin/cmake /home/heybat/Desktop/miniproject/src/turtle_bringup -DAMENT_CMAKE_SYMLINK_INSTALL=1 -DCMAKE_INSTALL_PREFIX=/home/heybat/Desktop/miniproject/install/turtle_bringup
[0.548s] -- The C compiler identification is GNU 11.4.0
[0.935s] -- The CXX compiler identification is GNU 11.4.0
[0.971s] -- Detecting C compiler ABI info
[1.382s] -- Detecting C compiler ABI info - done
[1.411s] -- Check for working C compiler: /usr/bin/cc - skipped
[1.431s] -- Detecting C compile features
[1.445s] -- Detecting C compile features - done
[1.479s] -- Detecting CXX compiler ABI info
[1.971s] -- Detecting CXX compiler ABI info - done
[2.005s] -- Check for working CXX compiler: /usr/bin/c++ - skipped
[2.006s] -- Detecting CXX compile features
[2.007s] -- Detecting CXX compile features - done
[2.044s] -- Found ament_cmake: 1.3.5 (/opt/ros/humble/share/ament_cmake/cmake)
[3.136s] -- Found Python3: /usr/bin/python3.10 (found version "3.10.12") found components: Interpreter 
[3.494s] -- Override CMake install command with custom implementation using symlinks instead of copying resources
[4.263s] -- Configuring done
[4.287s] -- Generating done
[4.297s] -- Build files have been written to: /home/heybat/Desktop/miniproject/build/turtle_bringup
[4.313s] Invoked command in '/home/heybat/Desktop/miniproject/build/turtle_bringup' returned '0': CMAKE_PREFIX_PATH=${CMAKE_PREFIX_PATH}:/home/heybat/Desktop/miniproject/install/turtle_project:/home/heybat/Desktop/ws_ros2/install/my_robot_controller:/home/heybat/Desktop/ROS/ActivitywithROS/Activity2_Ros2/install/my_second_pkg:/home/heybat/Desktop/ros2_ws2/install/my_first_pkg:/opt/ros/humble /usr/bin/cmake /home/heybat/Desktop/miniproject/src/turtle_bringup -DAMENT_CMAKE_SYMLINK_INSTALL=1 -DCMAKE_INSTALL_PREFIX=/home/heybat/Desktop/miniproject/install/turtle_bringup
[4.325s] Invoking command in '/home/heybat/Desktop/miniproject/build/turtle_bringup': CMAKE_PREFIX_PATH=${CMAKE_PREFIX_PATH}:/home/heybat/Desktop/miniproject/install/turtle_project:/home/heybat/Desktop/ws_ros2/install/my_robot_controller:/home/heybat/Desktop/ROS/ActivitywithROS/Activity2_Ros2/install/my_second_pkg:/home/heybat/Desktop/ros2_ws2/install/my_first_pkg:/opt/ros/humble /usr/bin/cmake --build /home/heybat/Desktop/miniproject/build/turtle_bringup -- -j4 -l4
[4.553s] Invoked command in '/home/heybat/Desktop/miniproject/build/turtle_bringup' returned '0': CMAKE_PREFIX_PATH=${CMAKE_PREFIX_PATH}:/home/heybat/Desktop/miniproject/install/turtle_project:/home/heybat/Desktop/ws_ros2/install/my_robot_controller:/home/heybat/Desktop/ROS/ActivitywithROS/Activity2_Ros2/install/my_second_pkg:/home/heybat/Desktop/ros2_ws2/install/my_first_pkg:/opt/ros/humble /usr/bin/cmake --build /home/heybat/Desktop/miniproject/build/turtle_bringup -- -j4 -l4
[4.750s] Invoking command in '/home/heybat/Desktop/miniproject/build/turtle_bringup': CMAKE_PREFIX_PATH=${CMAKE_PREFIX_PATH}:/home/heybat/Desktop/miniproject/install/turtle_project:/home/heybat/Desktop/ws_ros2/install/my_robot_controller:/home/heybat/Desktop/ROS/ActivitywithROS/Activity2_Ros2/install/my_second_pkg:/home/heybat/Desktop/ros2_ws2/install/my_first_pkg:/opt/ros/humble /usr/bin/cmake --install /home/heybat/Desktop/miniproject/build/turtle_bringup
[4.790s] -- Install configuration: ""
[4.792s] -- Execute custom install script
[4.795s] -- Symlinking: /home/heybat/Desktop/miniproject/install/turtle_bringup/share/turtle_bringup/launch/turtlecatcher.launch.py
[4.833s] -- Symlinking: /home/heybat/Desktop/miniproject/install/turtle_bringup/share/ament_index/resource_index/package_run_dependencies/turtle_bringup
[4.878s] -- Symlinking: /home/heybat/Desktop/miniproject/install/turtle_bringup/share/ament_index/resource_index/parent_prefix_path/turtle_bringup
[4.922s] -- Symlinking: /home/heybat/Desktop/miniproject/install/turtle_bringup/share/turtle_bringup/environment/ament_prefix_path.sh
[4.965s] -- Symlinking: /home/heybat/Desktop/miniproject/install/turtle_bringup/share/turtle_bringup/environment/ament_prefix_path.dsv
[5.024s] -- Symlinking: /home/heybat/Desktop/miniproject/install/turtle_bringup/share/turtle_bringup/environment/path.sh
[5.081s] -- Symlinking: /home/heybat/Desktop/miniproject/install/turtle_bringup/share/turtle_bringup/environment/path.dsv
[5.130s] -- Symlinking: /home/heybat/Desktop/miniproject/install/turtle_bringup/share/turtle_bringup/local_setup.bash
[5.173s] -- Symlinking: /home/heybat/Desktop/miniproject/install/turtle_bringup/share/turtle_bringup/local_setup.sh
[5.215s] -- Symlinking: /home/heybat/Desktop/miniproject/install/turtle_bringup/share/turtle_bringup/local_setup.zsh
[5.256s] -- Symlinking: /home/heybat/Desktop/miniproject/install/turtle_bringup/share/turtle_bringup/local_setup.dsv
[5.304s] -- Symlinking: /home/heybat/Desktop/miniproject/install/turtle_bringup/share/turtle_bringup/package.dsv
[5.341s] -- Symlinking: /home/heybat/Desktop/miniproject/install/turtle_bringup/share/ament_index/resource_index/packages/turtle_bringup
[5.386s] -- Symlinking: /home/heybat/Desktop/miniproject/install/turtle_bringup/share/turtle_bringup/cmake/turtle_bringupConfig.cmake
[5.440s] -- Symlinking: /home/heybat/Desktop/miniproject/install/turtle_bringup/share/turtle_bringup/cmake/turtle_bringupConfig-version.cmake
[5.496s] -- Symlinking: /home/heybat/Desktop/miniproject/install/turtle_bringup/share/turtle_bringup/package.xml
[5.546s] Invoked command in '/home/heybat/Desktop/miniproject/build/turtle_bringup' returned '0': CMAKE_PREFIX_PATH=${CMAKE_PREFIX_PATH}:/home/heybat/Desktop/miniproject/install/turtle_project:/home/heybat/Desktop/ws_ros2/install/my_robot_controller:/home/heybat/Desktop/ROS/ActivitywithROS/Activity2_Ros2/install/my_second_pkg:/home/heybat/Desktop/ros2_ws2/install/my_first_pkg:/opt/ros/humble /usr/bin/cmake --install /home/heybat/Desktop/miniproject/build/turtle_bringup
