gmake[2]: Warning: File 'CMakeFiles/robot_interfaces__cpp.dir/compiler_depend.make' has modification time 732 s in the future
gmake[2]: warning:  Clock skew detected.  Your build may be incomplete.
gmake[2]: Warning: File 'CMakeFiles/robot_interfaces__cpp.dir/compiler_depend.make' has modification time 732 s in the future
gmake[2]: warning:  Clock skew detected.  Your build may be incomplete.
gmake[2]: Warning: File 'CMakeFiles/ament_cmake_python_symlink_robot_interfaces.dir/compiler_depend.make' has modification time 732 s in the future
gmake[2]: warning:  Clock skew detected.  Your build may be incomplete.
gmake[2]: Warning: File 'CMakeFiles/ament_cmake_python_symlink_robot_interfaces.dir/compiler_depend.make' has modification time 732 s in the future
gmake[2]: warning:  Clock skew detected.  Your build may be incomplete.
gmake[2]: Warning: File 'CMakeFiles/robot_interfaces__rosidl_typesupport_fastrtps_cpp.dir/flags.make' has modification time 732 s in the future
gmake[2]: warning:  Clock skew detected.  Your build may be incomplete.
gmake[2]: Warning: File 'CMakeFiles/robot_interfaces__rosidl_typesupport_fastrtps_cpp.dir/flags.make' has modification time 732 s in the future
gmake[2]: warning:  Clock skew detected.  Your build may be incomplete.
gmake[2]: Warning: File 'CMakeFiles/robot_interfaces__rosidl_typesupport_introspection_cpp.dir/flags.make' has modification time 732 s in the future
gmake[2]: warning:  Clock skew detected.  Your build may be incomplete.
gmake[2]: Warning: File 'CMakeFiles/robot_interfaces__rosidl_typesupport_introspection_cpp.dir/flags.make' has modification time 732 s in the future
gmake[2]: warning:  Clock skew detected.  Your build may be incomplete.
gmake[2]: Warning: File 'CMakeFiles/ament_cmake_python_build_robot_interfaces_egg.dir/compiler_depend.make' has modification time 732 s in the future
gmake[2]: warning:  Clock skew detected.  Your build may be incomplete.
gmake[2]: Warning: File 'CMakeFiles/ament_cmake_python_build_robot_interfaces_egg.dir/compiler_depend.make' has modification time 732 s in the future
gmake[2]: warning:  Clock skew detected.  Your build may be incomplete.
gmake[2]: Warning: File 'CMakeFiles/robot_interfaces__rosidl_typesupport_cpp.dir/flags.make' has modification time 729 s in the future
gmake[2]: warning:  Clock skew detected.  Your build may be incomplete.
gmake[2]: Warning: File 'CMakeFiles/robot_interfaces__rosidl_typesupport_cpp.dir/flags.make' has modification time 729 s in the future
gmake[2]: warning:  Clock skew detected.  Your build may be incomplete.
gmake[2]: Warning: File 'CMakeFiles/robot_interfaces__rosidl_generator_c.dir/flags.make' has modification time 729 s in the future
gmake[2]: warning:  Clock skew detected.  Your build may be incomplete.
gmake[2]: Warning: File 'CMakeFiles/robot_interfaces__rosidl_generator_c.dir/flags.make' has modification time 728 s in the future
gmake[2]: warning:  Clock skew detected.  Your build may be incomplete.
gmake[2]: Warning: File 'CMakeFiles/robot_interfaces__rosidl_typesupport_fastrtps_c.dir/flags.make' has modification time 728 s in the future
gmake[2]: warning:  Clock skew detected.  Your build may be incomplete.
gmake[2]: Warning: File 'CMakeFiles/robot_interfaces__rosidl_typesupport_fastrtps_c.dir/flags.make' has modification time 728 s in the future
gmake[2]: warning:  Clock skew detected.  Your build may be incomplete.
gmake[2]: Warning: File 'CMakeFiles/robot_interfaces__rosidl_typesupport_c.dir/flags.make' has modification time 728 s in the future
gmake[2]: warning:  Clock skew detected.  Your build may be incomplete.
gmake[2]: Warning: File 'CMakeFiles/robot_interfaces__rosidl_typesupport_c.dir/flags.make' has modification time 728 s in the future
gmake[2]: warning:  Clock skew detected.  Your build may be incomplete.
gmake[2]: Warning: File 'CMakeFiles/robot_interfaces__rosidl_typesupport_introspection_c.dir/flags.make' has modification time 728 s in the future
gmake[2]: warning:  Clock skew detected.  Your build may be incomplete.
gmake[2]: Warning: File 'CMakeFiles/robot_interfaces__rosidl_typesupport_introspection_c.dir/flags.make' has modification time 728 s in the future
gmake[2]: warning:  Clock skew detected.  Your build may be incomplete.
gmake[2]: Warning: File 'CMakeFiles/robot_interfaces.dir/compiler_depend.make' has modification time 728 s in the future
gmake[2]: warning:  Clock skew detected.  Your build may be incomplete.
gmake[2]: Warning: File 'CMakeFiles/robot_interfaces.dir/compiler_depend.make' has modification time 728 s in the future
gmake[2]: warning:  Clock skew detected.  Your build may be incomplete.
gmake[2]: Warning: File 'robot_interfaces__py/CMakeFiles/robot_interfaces__py.dir/compiler_depend.make' has modification time 728 s in the future
gmake[2]: warning:  Clock skew detected.  Your build may be incomplete.
gmake[2]: Warning: File 'robot_interfaces__py/CMakeFiles/robot_interfaces__py.dir/compiler_depend.make' has modification time 728 s in the future
gmake[2]: warning:  Clock skew detected.  Your build may be incomplete.
gmake[2]: Warning: File 'CMakeFiles/robot_interfaces__rosidl_generator_py.dir/flags.make' has modification time 728 s in the future
gmake[2]: warning:  Clock skew detected.  Your build may be incomplete.
gmake[2]: Warning: File 'CMakeFiles/robot_interfaces__rosidl_generator_py.dir/flags.make' has modification time 727 s in the future
gmake[2]: warning:  Clock skew detected.  Your build may be incomplete.
gmake[2]: Warning: File 'CMakeFiles/robot_interfaces__rosidl_typesupport_fastrtps_c__pyext.dir/flags.make' has modification time 727 s in the future
gmake[2]: warning:  Clock skew detected.  Your build may be incomplete.
gmake[2]: Warning: File 'CMakeFiles/robot_interfaces__rosidl_typesupport_fastrtps_c__pyext.dir/flags.make' has modification time 727 s in the future
gmake[2]: warning:  Clock skew detected.  Your build may be incomplete.
gmake[2]: Warning: File 'CMakeFiles/robot_interfaces__rosidl_typesupport_c__pyext.dir/flags.make' has modification time 727 s in the future
gmake[2]: warning:  Clock skew detected.  Your build may be incomplete.
gmake[2]: Warning: File 'CMakeFiles/robot_interfaces__rosidl_typesupport_c__pyext.dir/flags.make' has modification time 727 s in the future
gmake[2]: warning:  Clock skew detected.  Your build may be incomplete.
gmake[2]: Warning: File 'CMakeFiles/robot_interfaces__rosidl_typesupport_introspection_c__pyext.dir/flags.make' has modification time 727 s in the future
gmake[2]: warning:  Clock skew detected.  Your build may be incomplete.
gmake[2]: Warning: File 'CMakeFiles/robot_interfaces__rosidl_typesupport_introspection_c__pyext.dir/flags.make' has modification time 726 s in the future
gmake[2]: warning:  Clock skew detected.  Your build may be incomplete.
