[0.259s] Invoking command in '/home/heybat/Desktop/miniproject/build/robot_interfaces': CMAKE_PREFIX_PATH=${CMAKE_PREFIX_PATH}:/home/heybat/Desktop/miniproject/install/turtle_project:/home/heybat/Desktop/ws_ros2/install/my_robot_controller:/home/heybat/Desktop/ROS/ActivitywithROS/Activity2_Ros2/install/my_second_pkg:/home/heybat/Desktop/ros2_ws2/install/my_first_pkg:/opt/ros/humble /usr/bin/cmake /home/heybat/Desktop/miniproject/src/robot_interfaces -DAMENT_CMAKE_SYMLINK_INSTALL=1 -DCMAKE_INSTALL_PREFIX=/home/heybat/Desktop/miniproject/install/robot_interfaces
[1.648s] -- Found ament_cmake: 1.3.5 (/opt/ros/humble/share/ament_cmake/cmake)
[3.220s] -- Override CMake install command with custom implementation using symlinks instead of copying resources
[3.456s] -- Found rosidl_default_generators: 1.2.0 (/opt/ros/humble/share/rosidl_default_generators/cmake)
[3.496s] -- Using all available rosidl_typesupport_c: rosidl_typesupport_fastrtps_c;rosidl_typesupport_introspection_c
[3.550s] -- Found rosidl_adapter: 3.1.5 (/opt/ros/humble/share/rosidl_adapter/cmake)
[3.842s] -- Using all available rosidl_typesupport_cpp: rosidl_typesupport_fastrtps_cpp;rosidl_typesupport_introspection_cpp
[6.280s] -- Found ament_cmake_ros: 0.10.0 (/opt/ros/humble/share/ament_cmake_ros/cmake)
[8.049s] -- Using all available rosidl_typesupport_c: rosidl_typesupport_fastrtps_c;rosidl_typesupport_introspection_c
[10.744s] -- Using all available rosidl_typesupport_cpp: rosidl_typesupport_fastrtps_cpp;rosidl_typesupport_introspection_cpp
[10.965s] -- Found python_cmake_module: 0.10.0 (/opt/ros/humble/share/python_cmake_module/cmake)
[11.152s] -- Using PYTHON_EXECUTABLE: /usr/bin/python3
[11.153s] -- Using PYTHON_INCLUDE_DIRS: /usr/include/python3.10
[11.154s] -- Using PYTHON_LIBRARIES: /usr/lib/aarch64-linux-gnu/libpython3.10.so
[11.441s] -- Configuring done
[11.803s] -- Generating done
[11.840s] -- Build files have been written to: /home/heybat/Desktop/miniproject/build/robot_interfaces
[11.887s] Invoked command in '/home/heybat/Desktop/miniproject/build/robot_interfaces' returned '0': CMAKE_PREFIX_PATH=${CMAKE_PREFIX_PATH}:/home/heybat/Desktop/miniproject/install/turtle_project:/home/heybat/Desktop/ws_ros2/install/my_robot_controller:/home/heybat/Desktop/ROS/ActivitywithROS/Activity2_Ros2/install/my_second_pkg:/home/heybat/Desktop/ros2_ws2/install/my_first_pkg:/opt/ros/humble /usr/bin/cmake /home/heybat/Desktop/miniproject/src/robot_interfaces -DAMENT_CMAKE_SYMLINK_INSTALL=1 -DCMAKE_INSTALL_PREFIX=/home/heybat/Desktop/miniproject/install/robot_interfaces
[11.919s] Invoking command in '/home/heybat/Desktop/miniproject/build/robot_interfaces': CMAKE_PREFIX_PATH=${CMAKE_PREFIX_PATH}:/home/heybat/Desktop/miniproject/install/turtle_project:/home/heybat/Desktop/ws_ros2/install/my_robot_controller:/home/heybat/Desktop/ROS/ActivitywithROS/Activity2_Ros2/install/my_second_pkg:/home/heybat/Desktop/ros2_ws2/install/my_first_pkg:/opt/ros/humble /usr/bin/cmake --build /home/heybat/Desktop/miniproject/build/robot_interfaces -- -j4 -l4
[12.070s] -- Found ament_cmake: 1.3.5 (/opt/ros/humble/share/ament_cmake/cmake)
[13.443s] -- Override CMake install command with custom implementation using symlinks instead of copying resources
[13.592s] -- Found rosidl_default_generators: 1.2.0 (/opt/ros/humble/share/rosidl_default_generators/cmake)
[13.617s] -- Using all available rosidl_typesupport_c: rosidl_typesupport_fastrtps_c;rosidl_typesupport_introspection_c
[13.653s] -- Found rosidl_adapter: 3.1.5 (/opt/ros/humble/share/rosidl_adapter/cmake)
[14.006s] -- Using all available rosidl_typesupport_cpp: rosidl_typesupport_fastrtps_cpp;rosidl_typesupport_introspection_cpp
[16.212s] -- Found ament_cmake_ros: 0.10.0 (/opt/ros/humble/share/ament_cmake_ros/cmake)
[17.503s] -- Using all available rosidl_typesupport_c: rosidl_typesupport_fastrtps_c;rosidl_typesupport_introspection_c
[19.058s] -- Using all available rosidl_typesupport_cpp: rosidl_typesupport_fastrtps_cpp;rosidl_typesupport_introspection_cpp
[19.211s] -- Found python_cmake_module: 0.10.0 (/opt/ros/humble/share/python_cmake_module/cmake)
[19.355s] -- Using PYTHON_EXECUTABLE: /usr/bin/python3
[19.356s] -- Using PYTHON_INCLUDE_DIRS: /usr/include/python3.10
[19.356s] -- Using PYTHON_LIBRARIES: /usr/lib/aarch64-linux-gnu/libpython3.10.so
[19.502s] -- Configuring done
[19.823s] -- Generating done
[19.874s] -- Build files have been written to: /home/heybat/Desktop/miniproject/build/robot_interfaces
[19.967s] gmake[2]: Warning: File 'CMakeFiles/robot_interfaces__cpp.dir/compiler_depend.make' has modification time 732 s in the future
[20.018s] gmake[2]: warning:  Clock skew detected.  Your build may be incomplete.
[20.049s] gmake[2]: Warning: File 'CMakeFiles/robot_interfaces__cpp.dir/compiler_depend.make' has modification time 732 s in the future
[20.053s] gmake[2]: warning:  Clock skew detected.  Your build may be incomplete.
[20.096s] [  2%] Built target robot_interfaces__cpp
[20.114s] gmake[2]: Warning: File 'CMakeFiles/ament_cmake_python_symlink_robot_interfaces.dir/compiler_depend.make' has modification time 732 s in the future
[20.161s] gmake[2]: warning:  Clock skew detected.  Your build may be incomplete.
[20.171s] gmake[2]: Warning: File 'CMakeFiles/ament_cmake_python_symlink_robot_interfaces.dir/compiler_depend.make' has modification time 732 s in the future
[20.221s] gmake[2]: warning:  Clock skew detected.  Your build may be incomplete.
[20.266s] [  2%] Built target ament_cmake_python_symlink_robot_interfaces
[20.279s] gmake[2]: Warning: File 'CMakeFiles/robot_interfaces__rosidl_typesupport_fastrtps_cpp.dir/flags.make' has modification time 732 s in the future
[20.333s] [35m[1mConsolidate compiler generated dependencies of target robot_interfaces__rosidl_typesupport_fastrtps_cpp[0m
[20.362s] gmake[2]: warning:  Clock skew detected.  Your build may be incomplete.
[20.391s] gmake[2]: Warning: File 'CMakeFiles/robot_interfaces__rosidl_typesupport_fastrtps_cpp.dir/flags.make' has modification time 732 s in the future
[20.397s] gmake[2]: warning:  Clock skew detected.  Your build may be incomplete.
[20.504s] [ 12%] Built target robot_interfaces__rosidl_typesupport_fastrtps_cpp
[20.516s] gmake[2]: Warning: File 'CMakeFiles/robot_interfaces__rosidl_typesupport_introspection_cpp.dir/flags.make' has modification time 732 s in the future
[20.561s] [35m[1mConsolidate compiler generated dependencies of target robot_interfaces__rosidl_typesupport_introspection_cpp[0m
[20.595s] gmake[2]: warning:  Clock skew detected.  Your build may be incomplete.
[20.607s] gmake[2]: Warning: File 'CMakeFiles/robot_interfaces__rosidl_typesupport_introspection_cpp.dir/flags.make' has modification time 732 s in the future
[20.612s] gmake[2]: warning:  Clock skew detected.  Your build may be incomplete.
[20.658s] [ 23%] Built target robot_interfaces__rosidl_typesupport_introspection_cpp
[20.669s] gmake[2]: Warning: File 'CMakeFiles/ament_cmake_python_build_robot_interfaces_egg.dir/compiler_depend.make' has modification time 732 s in the future
[20.719s] gmake[2]: warning:  Clock skew detected.  Your build may be incomplete.
[20.727s] gmake[2]: Warning: File 'CMakeFiles/ament_cmake_python_build_robot_interfaces_egg.dir/compiler_depend.make' has modification time 732 s in the future
[23.153s] running egg_info
[23.158s] writing robot_interfaces.egg-info/PKG-INFO
[23.159s] writing dependency_links to robot_interfaces.egg-info/dependency_links.txt
[23.160s] writing top-level names to robot_interfaces.egg-info/top_level.txt
[23.175s] reading manifest file 'robot_interfaces.egg-info/SOURCES.txt'
[23.182s] writing manifest file 'robot_interfaces.egg-info/SOURCES.txt'
[23.352s] gmake[2]: warning:  Clock skew detected.  Your build may be incomplete.
[23.400s] [ 23%] Built target ament_cmake_python_build_robot_interfaces_egg
[23.417s] gmake[2]: Warning: File 'CMakeFiles/robot_interfaces__rosidl_typesupport_cpp.dir/flags.make' has modification time 729 s in the future
[23.541s] [35m[1mConsolidate compiler generated dependencies of target robot_interfaces__rosidl_typesupport_cpp[0m
[23.568s] gmake[2]: warning:  Clock skew detected.  Your build may be incomplete.
[23.584s] gmake[2]: Warning: File 'CMakeFiles/robot_interfaces__rosidl_typesupport_cpp.dir/flags.make' has modification time 729 s in the future
[23.589s] gmake[2]: warning:  Clock skew detected.  Your build may be incomplete.
[23.660s] [ 33%] Built target robot_interfaces__rosidl_typesupport_cpp
[23.670s] gmake[2]: Warning: File 'CMakeFiles/robot_interfaces__rosidl_generator_c.dir/flags.make' has modification time 729 s in the future
[23.730s] [35m[1mConsolidate compiler generated dependencies of target robot_interfaces__rosidl_generator_c[0m
[23.753s] gmake[2]: warning:  Clock skew detected.  Your build may be incomplete.
[23.773s] gmake[2]: Warning: File 'CMakeFiles/robot_interfaces__rosidl_generator_c.dir/flags.make' has modification time 728 s in the future
[23.775s] gmake[2]: warning:  Clock skew detected.  Your build may be incomplete.
[23.842s] [ 43%] Built target robot_interfaces__rosidl_generator_c
[23.863s] gmake[2]: Warning: File 'CMakeFiles/robot_interfaces__rosidl_typesupport_fastrtps_c.dir/flags.make' has modification time 728 s in the future
[23.926s] [35m[1mConsolidate compiler generated dependencies of target robot_interfaces__rosidl_typesupport_fastrtps_c[0m
[23.981s] gmake[2]: warning:  Clock skew detected.  Your build may be incomplete.
[23.997s] gmake[2]: Warning: File 'CMakeFiles/robot_interfaces__rosidl_typesupport_fastrtps_c.dir/flags.make' has modification time 728 s in the future
[24.002s] gmake[2]: warning:  Clock skew detected.  Your build may be incomplete.
[24.057s] [ 53%] Built target robot_interfaces__rosidl_typesupport_fastrtps_c
[24.070s] gmake[2]: Warning: File 'CMakeFiles/robot_interfaces__rosidl_typesupport_c.dir/flags.make' has modification time 728 s in the future
[24.212s] [35m[1mConsolidate compiler generated dependencies of target robot_interfaces__rosidl_typesupport_c[0m
[24.232s] gmake[2]: warning:  Clock skew detected.  Your build may be incomplete.
[24.242s] gmake[2]: Warning: File 'CMakeFiles/robot_interfaces__rosidl_typesupport_c.dir/flags.make' has modification time 728 s in the future
[24.244s] gmake[2]: warning:  Clock skew detected.  Your build may be incomplete.
[24.297s] [ 64%] Built target robot_interfaces__rosidl_typesupport_c
[24.315s] gmake[2]: Warning: File 'CMakeFiles/robot_interfaces__rosidl_typesupport_introspection_c.dir/flags.make' has modification time 728 s in the future
[24.371s] [35m[1mConsolidate compiler generated dependencies of target robot_interfaces__rosidl_typesupport_introspection_c[0m
[24.384s] gmake[2]: warning:  Clock skew detected.  Your build may be incomplete.
[24.397s] gmake[2]: Warning: File 'CMakeFiles/robot_interfaces__rosidl_typesupport_introspection_c.dir/flags.make' has modification time 728 s in the future
[24.401s] gmake[2]: warning:  Clock skew detected.  Your build may be incomplete.
[24.460s] [ 74%] Built target robot_interfaces__rosidl_typesupport_introspection_c
[24.481s] gmake[2]: Warning: File 'CMakeFiles/robot_interfaces.dir/compiler_depend.make' has modification time 728 s in the future
[24.543s] gmake[2]: warning:  Clock skew detected.  Your build may be incomplete.
[24.556s] gmake[2]: Warning: File 'CMakeFiles/robot_interfaces.dir/compiler_depend.make' has modification time 728 s in the future
[24.558s] gmake[2]: warning:  Clock skew detected.  Your build may be incomplete.
[24.611s] [ 74%] Built target robot_interfaces
[24.647s] gmake[2]: Warning: File 'robot_interfaces__py/CMakeFiles/robot_interfaces__py.dir/compiler_depend.make' has modification time 728 s in the future
[24.721s] gmake[2]: warning:  Clock skew detected.  Your build may be incomplete.
[24.734s] gmake[2]: Warning: File 'robot_interfaces__py/CMakeFiles/robot_interfaces__py.dir/compiler_depend.make' has modification time 728 s in the future
[24.735s] gmake[2]: warning:  Clock skew detected.  Your build may be incomplete.
[24.780s] [ 76%] Built target robot_interfaces__py
[24.793s] gmake[2]: Warning: File 'CMakeFiles/robot_interfaces__rosidl_generator_py.dir/flags.make' has modification time 728 s in the future
[25.075s] [35m[1mConsolidate compiler generated dependencies of target robot_interfaces__rosidl_generator_py[0m
[25.116s] gmake[2]: warning:  Clock skew detected.  Your build may be incomplete.
[25.129s] gmake[2]: Warning: File 'CMakeFiles/robot_interfaces__rosidl_generator_py.dir/flags.make' has modification time 727 s in the future
[25.138s] gmake[2]: warning:  Clock skew detected.  Your build may be incomplete.
[25.195s] [ 84%] Built target robot_interfaces__rosidl_generator_py
[25.216s] gmake[2]: Warning: File 'CMakeFiles/robot_interfaces__rosidl_typesupport_fastrtps_c__pyext.dir/flags.make' has modification time 727 s in the future
[25.294s] [35m[1mConsolidate compiler generated dependencies of target robot_interfaces__rosidl_typesupport_fastrtps_c__pyext[0m
[25.328s] gmake[2]: warning:  Clock skew detected.  Your build may be incomplete.
[25.368s] gmake[2]: Warning: File 'CMakeFiles/robot_interfaces__rosidl_typesupport_fastrtps_c__pyext.dir/flags.make' has modification time 727 s in the future
[25.371s] gmake[2]: warning:  Clock skew detected.  Your build may be incomplete.
[25.431s] [ 89%] Built target robot_interfaces__rosidl_typesupport_fastrtps_c__pyext
[25.461s] gmake[2]: Warning: File 'CMakeFiles/robot_interfaces__rosidl_typesupport_c__pyext.dir/flags.make' has modification time 727 s in the future
[25.519s] [35m[1mConsolidate compiler generated dependencies of target robot_interfaces__rosidl_typesupport_c__pyext[0m
[25.589s] gmake[2]: warning:  Clock skew detected.  Your build may be incomplete.
[25.626s] gmake[2]: Warning: File 'CMakeFiles/robot_interfaces__rosidl_typesupport_c__pyext.dir/flags.make' has modification time 727 s in the future
[25.640s] gmake[2]: warning:  Clock skew detected.  Your build may be incomplete.
[25.714s] [ 94%] Built target robot_interfaces__rosidl_typesupport_c__pyext
[25.757s] gmake[2]: Warning: File 'CMakeFiles/robot_interfaces__rosidl_typesupport_introspection_c__pyext.dir/flags.make' has modification time 727 s in the future
[25.817s] [35m[1mConsolidate compiler generated dependencies of target robot_interfaces__rosidl_typesupport_introspection_c__pyext[0m
[25.843s] gmake[2]: warning:  Clock skew detected.  Your build may be incomplete.
[25.882s] gmake[2]: Warning: File 'CMakeFiles/robot_interfaces__rosidl_typesupport_introspection_c__pyext.dir/flags.make' has modification time 726 s in the future
[25.885s] gmake[2]: warning:  Clock skew detected.  Your build may be incomplete.
[25.947s] [100%] Built target robot_interfaces__rosidl_typesupport_introspection_c__pyext
[26.040s] Invoked command in '/home/heybat/Desktop/miniproject/build/robot_interfaces' returned '0': CMAKE_PREFIX_PATH=${CMAKE_PREFIX_PATH}:/home/heybat/Desktop/miniproject/install/turtle_project:/home/heybat/Desktop/ws_ros2/install/my_robot_controller:/home/heybat/Desktop/ROS/ActivitywithROS/Activity2_Ros2/install/my_second_pkg:/home/heybat/Desktop/ros2_ws2/install/my_first_pkg:/opt/ros/humble /usr/bin/cmake --build /home/heybat/Desktop/miniproject/build/robot_interfaces -- -j4 -l4
[27.022s] Invoking command in '/home/heybat/Desktop/miniproject/build/robot_interfaces': CMAKE_PREFIX_PATH=${CMAKE_PREFIX_PATH}:/home/heybat/Desktop/miniproject/install/turtle_project:/home/heybat/Desktop/ws_ros2/install/my_robot_controller:/home/heybat/Desktop/ROS/ActivitywithROS/Activity2_Ros2/install/my_second_pkg:/home/heybat/Desktop/ros2_ws2/install/my_first_pkg:/opt/ros/humble /usr/bin/cmake --install /home/heybat/Desktop/miniproject/build/robot_interfaces
[27.130s] -- Install configuration: ""
[27.136s] -- Execute custom install script
[27.143s] -- Up-to-date symlink: /home/heybat/Desktop/miniproject/install/robot_interfaces/share/ament_index/resource_index/rosidl_interfaces/robot_interfaces
[27.151s] -- Up-to-date symlink: /home/heybat/Desktop/miniproject/install/robot_interfaces/include/robot_interfaces/robot_interfaces/msg/detail/turtle__functions.h
[27.156s] -- Up-to-date symlink: /home/heybat/Desktop/miniproject/install/robot_interfaces/include/robot_interfaces/robot_interfaces/msg/detail/turtle__struct.h
[27.161s] -- Up-to-date symlink: /home/heybat/Desktop/miniproject/install/robot_interfaces/include/robot_interfaces/robot_interfaces/msg/detail/turtle__type_support.h
[27.173s] -- Up-to-date symlink: /home/heybat/Desktop/miniproject/install/robot_interfaces/include/robot_interfaces/robot_interfaces/msg/detail/turtle_array__functions.h
[27.180s] -- Up-to-date symlink: /home/heybat/Desktop/miniproject/install/robot_interfaces/include/robot_interfaces/robot_interfaces/msg/detail/turtle_array__struct.h
[27.185s] -- Up-to-date symlink: /home/heybat/Desktop/miniproject/install/robot_interfaces/include/robot_interfaces/robot_interfaces/msg/detail/turtle_array__type_support.h
[27.188s] -- Up-to-date symlink: /home/heybat/Desktop/miniproject/install/robot_interfaces/include/robot_interfaces/robot_interfaces/msg/rosidl_generator_c__visibility_control.h
[27.192s] -- Up-to-date symlink: /home/heybat/Desktop/miniproject/install/robot_interfaces/include/robot_interfaces/robot_interfaces/msg/turtle.h
[27.195s] -- Up-to-date symlink: /home/heybat/Desktop/miniproject/install/robot_interfaces/include/robot_interfaces/robot_interfaces/msg/turtle_array.h
[27.198s] -- Up-to-date symlink: /home/heybat/Desktop/miniproject/install/robot_interfaces/share/robot_interfaces/environment/library_path.sh
[27.202s] -- Up-to-date symlink: /home/heybat/Desktop/miniproject/install/robot_interfaces/share/robot_interfaces/environment/library_path.dsv
[27.208s] -- Up-to-date symlink: /home/heybat/Desktop/miniproject/install/robot_interfaces/include/robot_interfaces/robot_interfaces/msg/detail/turtle__rosidl_typesupport_fastrtps_c.h
[27.210s] -- Up-to-date symlink: /home/heybat/Desktop/miniproject/install/robot_interfaces/include/robot_interfaces/robot_interfaces/msg/detail/turtle_array__rosidl_typesupport_fastrtps_c.h
[27.212s] -- Up-to-date symlink: /home/heybat/Desktop/miniproject/install/robot_interfaces/include/robot_interfaces/robot_interfaces/msg/rosidl_typesupport_fastrtps_c__visibility_control.h
[27.215s] -- Up-to-date symlink: /home/heybat/Desktop/miniproject/install/robot_interfaces/include/robot_interfaces/robot_interfaces/msg/detail/turtle__rosidl_typesupport_introspection_c.h
[27.217s] -- Up-to-date symlink: /home/heybat/Desktop/miniproject/install/robot_interfaces/include/robot_interfaces/robot_interfaces/msg/detail/turtle_array__rosidl_typesupport_introspection_c.h
[27.218s] -- Up-to-date symlink: /home/heybat/Desktop/miniproject/install/robot_interfaces/include/robot_interfaces/robot_interfaces/msg/rosidl_typesupport_introspection_c__visibility_control.h
[27.223s] -- Up-to-date symlink: /home/heybat/Desktop/miniproject/install/robot_interfaces/include/robot_interfaces/robot_interfaces/msg/detail/turtle__builder.hpp
[27.224s] -- Up-to-date symlink: /home/heybat/Desktop/miniproject/install/robot_interfaces/include/robot_interfaces/robot_interfaces/msg/detail/turtle__struct.hpp
[27.225s] -- Up-to-date symlink: /home/heybat/Desktop/miniproject/install/robot_interfaces/include/robot_interfaces/robot_interfaces/msg/detail/turtle__traits.hpp
[27.226s] -- Up-to-date symlink: /home/heybat/Desktop/miniproject/install/robot_interfaces/include/robot_interfaces/robot_interfaces/msg/detail/turtle_array__builder.hpp
[27.227s] -- Up-to-date symlink: /home/heybat/Desktop/miniproject/install/robot_interfaces/include/robot_interfaces/robot_interfaces/msg/detail/turtle_array__struct.hpp
[27.228s] -- Up-to-date symlink: /home/heybat/Desktop/miniproject/install/robot_interfaces/include/robot_interfaces/robot_interfaces/msg/detail/turtle_array__traits.hpp
[27.229s] -- Up-to-date symlink: /home/heybat/Desktop/miniproject/install/robot_interfaces/include/robot_interfaces/robot_interfaces/msg/turtle.hpp
[27.230s] -- Up-to-date symlink: /home/heybat/Desktop/miniproject/install/robot_interfaces/include/robot_interfaces/robot_interfaces/msg/turtle_array.hpp
[27.236s] -- Up-to-date symlink: /home/heybat/Desktop/miniproject/install/robot_interfaces/include/robot_interfaces/robot_interfaces/msg/detail/turtle__rosidl_typesupport_fastrtps_cpp.hpp
[27.237s] -- Up-to-date symlink: /home/heybat/Desktop/miniproject/install/robot_interfaces/include/robot_interfaces/robot_interfaces/msg/detail/turtle_array__rosidl_typesupport_fastrtps_cpp.hpp
[27.239s] -- Up-to-date symlink: /home/heybat/Desktop/miniproject/install/robot_interfaces/include/robot_interfaces/robot_interfaces/msg/rosidl_typesupport_fastrtps_cpp__visibility_control.h
[27.245s] -- Up-to-date symlink: /home/heybat/Desktop/miniproject/install/robot_interfaces/include/robot_interfaces/robot_interfaces/msg/detail/turtle__rosidl_typesupport_introspection_cpp.hpp
[27.247s] -- Up-to-date symlink: /home/heybat/Desktop/miniproject/install/robot_interfaces/include/robot_interfaces/robot_interfaces/msg/detail/turtle_array__rosidl_typesupport_introspection_cpp.hpp
[27.248s] -- Up-to-date symlink: /home/heybat/Desktop/miniproject/install/robot_interfaces/share/robot_interfaces/environment/pythonpath.sh
[27.250s] -- Up-to-date symlink: /home/heybat/Desktop/miniproject/install/robot_interfaces/share/robot_interfaces/environment/pythonpath.dsv
[27.251s] -- Up-to-date symlink: /home/heybat/Desktop/miniproject/install/robot_interfaces/local/lib/python3.10/dist-packages/robot_interfaces-0.0.0-py3.10.egg-info/PKG-INFO
[27.252s] -- Up-to-date symlink: /home/heybat/Desktop/miniproject/install/robot_interfaces/local/lib/python3.10/dist-packages/robot_interfaces-0.0.0-py3.10.egg-info/SOURCES.txt
[27.267s] -- Up-to-date symlink: /home/heybat/Desktop/miniproject/install/robot_interfaces/local/lib/python3.10/dist-packages/robot_interfaces-0.0.0-py3.10.egg-info/dependency_links.txt
[27.268s] -- Up-to-date symlink: /home/heybat/Desktop/miniproject/install/robot_interfaces/local/lib/python3.10/dist-packages/robot_interfaces-0.0.0-py3.10.egg-info/top_level.txt
[27.291s] -- Up-to-date symlink: /home/heybat/Desktop/miniproject/install/robot_interfaces/local/lib/python3.10/dist-packages/robot_interfaces/__init__.py
[27.293s] -- Up-to-date symlink: /home/heybat/Desktop/miniproject/install/robot_interfaces/local/lib/python3.10/dist-packages/robot_interfaces/_robot_interfaces_s.ep.rosidl_typesupport_c.c
[27.301s] -- Up-to-date symlink: /home/heybat/Desktop/miniproject/install/robot_interfaces/local/lib/python3.10/dist-packages/robot_interfaces/_robot_interfaces_s.ep.rosidl_typesupport_fastrtps_c.c
[27.304s] -- Up-to-date symlink: /home/heybat/Desktop/miniproject/install/robot_interfaces/local/lib/python3.10/dist-packages/robot_interfaces/_robot_interfaces_s.ep.rosidl_typesupport_introspection_c.c
[27.305s] -- Up-to-date symlink: /home/heybat/Desktop/miniproject/install/robot_interfaces/local/lib/python3.10/dist-packages/robot_interfaces/librobot_interfaces__rosidl_generator_py.so
[27.307s] -- Up-to-date symlink: /home/heybat/Desktop/miniproject/install/robot_interfaces/local/lib/python3.10/dist-packages/robot_interfaces/msg/__init__.py
[27.330s] -- Up-to-date symlink: /home/heybat/Desktop/miniproject/install/robot_interfaces/local/lib/python3.10/dist-packages/robot_interfaces/msg/_turtle.py
[27.331s] -- Up-to-date symlink: /home/heybat/Desktop/miniproject/install/robot_interfaces/local/lib/python3.10/dist-packages/robot_interfaces/msg/_turtle_array.py
[27.338s] -- Up-to-date symlink: /home/heybat/Desktop/miniproject/install/robot_interfaces/local/lib/python3.10/dist-packages/robot_interfaces/msg/_turtle_array_s.c
[27.338s] -- Up-to-date symlink: /home/heybat/Desktop/miniproject/install/robot_interfaces/local/lib/python3.10/dist-packages/robot_interfaces/msg/_turtle_s.c
[27.339s] -- Up-to-date symlink: /home/heybat/Desktop/miniproject/install/robot_interfaces/local/lib/python3.10/dist-packages/robot_interfaces/robot_interfaces_s__rosidl_typesupport_c.cpython-310-aarch64-linux-gnu.so
[27.341s] -- Up-to-date symlink: /home/heybat/Desktop/miniproject/install/robot_interfaces/local/lib/python3.10/dist-packages/robot_interfaces/robot_interfaces_s__rosidl_typesupport_fastrtps_c.cpython-310-aarch64-linux-gnu.so
[27.342s] -- Up-to-date symlink: /home/heybat/Desktop/miniproject/install/robot_interfaces/local/lib/python3.10/dist-packages/robot_interfaces/robot_interfaces_s__rosidl_typesupport_introspection_c.cpython-310-aarch64-linux-gnu.so
[27.343s] -- Up-to-date symlink: /home/heybat/Desktop/miniproject/install/robot_interfaces/local/lib/python3.10/dist-packages/robot_interfaces/robot_interfaces_s__rosidl_typesupport_fastrtps_c.cpython-310-aarch64-linux-gnu.so
[27.346s] -- Up-to-date symlink: /home/heybat/Desktop/miniproject/install/robot_interfaces/local/lib/python3.10/dist-packages/robot_interfaces/robot_interfaces_s__rosidl_typesupport_introspection_c.cpython-310-aarch64-linux-gnu.so
[27.350s] -- Up-to-date symlink: /home/heybat/Desktop/miniproject/install/robot_interfaces/local/lib/python3.10/dist-packages/robot_interfaces/robot_interfaces_s__rosidl_typesupport_c.cpython-310-aarch64-linux-gnu.so
[27.355s] -- Up-to-date symlink: /home/heybat/Desktop/miniproject/install/robot_interfaces/share/robot_interfaces/msg/Turtle.idl
[27.360s] -- Up-to-date symlink: /home/heybat/Desktop/miniproject/install/robot_interfaces/share/robot_interfaces/msg/TurtleArray.idl
[27.365s] -- Up-to-date symlink: /home/heybat/Desktop/miniproject/install/robot_interfaces/share/robot_interfaces/msg/Turtle.msg
[27.370s] -- Up-to-date symlink: /home/heybat/Desktop/miniproject/install/robot_interfaces/share/robot_interfaces/msg/TurtleArray.msg
[27.375s] -- Up-to-date symlink: /home/heybat/Desktop/miniproject/install/robot_interfaces/share/ament_index/resource_index/package_run_dependencies/robot_interfaces
[27.376s] -- Up-to-date symlink: /home/heybat/Desktop/miniproject/install/robot_interfaces/share/ament_index/resource_index/parent_prefix_path/robot_interfaces
[27.377s] -- Up-to-date symlink: /home/heybat/Desktop/miniproject/install/robot_interfaces/share/robot_interfaces/environment/ament_prefix_path.sh
[27.378s] -- Up-to-date symlink: /home/heybat/Desktop/miniproject/install/robot_interfaces/share/robot_interfaces/environment/ament_prefix_path.dsv
[27.379s] -- Up-to-date symlink: /home/heybat/Desktop/miniproject/install/robot_interfaces/share/robot_interfaces/environment/path.sh
[27.379s] -- Up-to-date symlink: /home/heybat/Desktop/miniproject/install/robot_interfaces/share/robot_interfaces/environment/path.dsv
[27.380s] -- Up-to-date symlink: /home/heybat/Desktop/miniproject/install/robot_interfaces/share/robot_interfaces/local_setup.bash
[27.381s] -- Up-to-date symlink: /home/heybat/Desktop/miniproject/install/robot_interfaces/share/robot_interfaces/local_setup.sh
[27.382s] -- Up-to-date symlink: /home/heybat/Desktop/miniproject/install/robot_interfaces/share/robot_interfaces/local_setup.zsh
[27.383s] -- Up-to-date symlink: /home/heybat/Desktop/miniproject/install/robot_interfaces/share/robot_interfaces/local_setup.dsv
[27.384s] -- Symlinking: /home/heybat/Desktop/miniproject/install/robot_interfaces/share/robot_interfaces/package.dsv
[27.411s] -- Up-to-date symlink: /home/heybat/Desktop/miniproject/install/robot_interfaces/share/ament_index/resource_index/packages/robot_interfaces
[27.413s] -- Up-to-date symlink: /home/heybat/Desktop/miniproject/install/robot_interfaces/share/robot_interfaces/cmake/rosidl_cmake-extras.cmake
[27.416s] -- Up-to-date symlink: /home/heybat/Desktop/miniproject/install/robot_interfaces/share/robot_interfaces/cmake/ament_cmake_export_include_directories-extras.cmake
[27.423s] -- Up-to-date symlink: /home/heybat/Desktop/miniproject/install/robot_interfaces/share/robot_interfaces/cmake/ament_cmake_export_libraries-extras.cmake
[27.426s] -- Up-to-date symlink: /home/heybat/Desktop/miniproject/install/robot_interfaces/share/robot_interfaces/cmake/ament_cmake_export_targets-extras.cmake
[27.427s] -- Up-to-date symlink: /home/heybat/Desktop/miniproject/install/robot_interfaces/share/robot_interfaces/cmake/rosidl_cmake_export_typesupport_targets-extras.cmake
[27.431s] -- Up-to-date symlink: /home/heybat/Desktop/miniproject/install/robot_interfaces/share/robot_interfaces/cmake/ament_cmake_export_dependencies-extras.cmake
[27.432s] -- Up-to-date symlink: /home/heybat/Desktop/miniproject/install/robot_interfaces/share/robot_interfaces/cmake/rosidl_cmake_export_typesupport_libraries-extras.cmake
[27.433s] -- Up-to-date symlink: /home/heybat/Desktop/miniproject/install/robot_interfaces/share/robot_interfaces/cmake/robot_interfacesConfig.cmake
[27.435s] -- Up-to-date symlink: /home/heybat/Desktop/miniproject/install/robot_interfaces/share/robot_interfaces/cmake/robot_interfacesConfig-version.cmake
[27.435s] -- Up-to-date symlink: /home/heybat/Desktop/miniproject/install/robot_interfaces/share/robot_interfaces/package.xml
[27.436s] -- Up-to-date: /home/heybat/Desktop/miniproject/install/robot_interfaces/lib/librobot_interfaces__rosidl_generator_c.so
[27.437s] -- Up-to-date: /home/heybat/Desktop/miniproject/install/robot_interfaces/lib/librobot_interfaces__rosidl_typesupport_fastrtps_c.so
[27.443s] -- Up-to-date: /home/heybat/Desktop/miniproject/install/robot_interfaces/lib/librobot_interfaces__rosidl_typesupport_introspection_c.so
[27.446s] -- Up-to-date: /home/heybat/Desktop/miniproject/install/robot_interfaces/lib/librobot_interfaces__rosidl_typesupport_c.so
[27.451s] -- Up-to-date: /home/heybat/Desktop/miniproject/install/robot_interfaces/lib/librobot_interfaces__rosidl_typesupport_fastrtps_cpp.so
[27.454s] -- Up-to-date: /home/heybat/Desktop/miniproject/install/robot_interfaces/lib/librobot_interfaces__rosidl_typesupport_introspection_cpp.so
[27.458s] -- Up-to-date: /home/heybat/Desktop/miniproject/install/robot_interfaces/lib/librobot_interfaces__rosidl_typesupport_cpp.so
[27.709s] Listing '/home/heybat/Desktop/miniproject/install/robot_interfaces/local/lib/python3.10/dist-packages/robot_interfaces'...
[27.711s] Compiling '/home/heybat/Desktop/miniproject/install/robot_interfaces/local/lib/python3.10/dist-packages/robot_interfaces/__init__.py'...
[27.714s] Listing '/home/heybat/Desktop/miniproject/install/robot_interfaces/local/lib/python3.10/dist-packages/robot_interfaces/msg'...
[27.778s] -- Up-to-date: /home/heybat/Desktop/miniproject/install/robot_interfaces/lib/librobot_interfaces__rosidl_generator_py.so
[27.781s] -- Up-to-date: /home/heybat/Desktop/miniproject/install/robot_interfaces/share/robot_interfaces/cmake/export_robot_interfaces__rosidl_generator_cExport.cmake
[27.782s] -- Up-to-date: /home/heybat/Desktop/miniproject/install/robot_interfaces/share/robot_interfaces/cmake/export_robot_interfaces__rosidl_generator_cExport-noconfig.cmake
[27.783s] -- Up-to-date: /home/heybat/Desktop/miniproject/install/robot_interfaces/share/robot_interfaces/cmake/export_robot_interfaces__rosidl_typesupport_fastrtps_cExport.cmake
[27.784s] -- Up-to-date: /home/heybat/Desktop/miniproject/install/robot_interfaces/share/robot_interfaces/cmake/export_robot_interfaces__rosidl_typesupport_fastrtps_cExport-noconfig.cmake
[27.786s] -- Up-to-date: /home/heybat/Desktop/miniproject/install/robot_interfaces/share/robot_interfaces/cmake/robot_interfaces__rosidl_typesupport_introspection_cExport.cmake
[27.790s] -- Up-to-date: /home/heybat/Desktop/miniproject/install/robot_interfaces/share/robot_interfaces/cmake/robot_interfaces__rosidl_typesupport_introspection_cExport-noconfig.cmake
[27.793s] -- Up-to-date: /home/heybat/Desktop/miniproject/install/robot_interfaces/share/robot_interfaces/cmake/robot_interfaces__rosidl_typesupport_cExport.cmake
[27.797s] -- Up-to-date: /home/heybat/Desktop/miniproject/install/robot_interfaces/share/robot_interfaces/cmake/robot_interfaces__rosidl_typesupport_cExport-noconfig.cmake
[27.803s] -- Up-to-date: /home/heybat/Desktop/miniproject/install/robot_interfaces/share/robot_interfaces/cmake/export_robot_interfaces__rosidl_generator_cppExport.cmake
[27.810s] -- Up-to-date: /home/heybat/Desktop/miniproject/install/robot_interfaces/share/robot_interfaces/cmake/export_robot_interfaces__rosidl_typesupport_fastrtps_cppExport.cmake
[27.811s] -- Up-to-date: /home/heybat/Desktop/miniproject/install/robot_interfaces/share/robot_interfaces/cmake/export_robot_interfaces__rosidl_typesupport_fastrtps_cppExport-noconfig.cmake
[27.813s] -- Up-to-date: /home/heybat/Desktop/miniproject/install/robot_interfaces/share/robot_interfaces/cmake/robot_interfaces__rosidl_typesupport_introspection_cppExport.cmake
[27.814s] -- Up-to-date: /home/heybat/Desktop/miniproject/install/robot_interfaces/share/robot_interfaces/cmake/robot_interfaces__rosidl_typesupport_introspection_cppExport-noconfig.cmake
[27.815s] -- Up-to-date: /home/heybat/Desktop/miniproject/install/robot_interfaces/share/robot_interfaces/cmake/robot_interfaces__rosidl_typesupport_cppExport.cmake
[27.816s] -- Up-to-date: /home/heybat/Desktop/miniproject/install/robot_interfaces/share/robot_interfaces/cmake/robot_interfaces__rosidl_typesupport_cppExport-noconfig.cmake
[27.817s] -- Up-to-date: /home/heybat/Desktop/miniproject/install/robot_interfaces/share/robot_interfaces/cmake/export_robot_interfaces__rosidl_generator_pyExport.cmake
[27.818s] -- Up-to-date: /home/heybat/Desktop/miniproject/install/robot_interfaces/share/robot_interfaces/cmake/export_robot_interfaces__rosidl_generator_pyExport-noconfig.cmake
[27.832s] Invoked command in '/home/heybat/Desktop/miniproject/build/robot_interfaces' returned '0': CMAKE_PREFIX_PATH=${CMAKE_PREFIX_PATH}:/home/heybat/Desktop/miniproject/install/turtle_project:/home/heybat/Desktop/ws_ros2/install/my_robot_controller:/home/heybat/Desktop/ROS/ActivitywithROS/Activity2_Ros2/install/my_second_pkg:/home/heybat/Desktop/ros2_ws2/install/my_first_pkg:/opt/ros/humble /usr/bin/cmake --install /home/heybat/Desktop/miniproject/build/robot_interfaces
