[1.654s] DEBUG:colcon:Command line arguments: ['/usr/bin/colcon', 'build', '--packages-select', 'turtle_bringup', '--symlink-install']
[1.654s] DEBUG:colcon:Parsed command line arguments: Namespace(log_base=None, log_level=None, verb_name='build', build_base='build', install_base='install', merge_install=False, symlink_install=True, test_result_base=None, continue_on_error=False, executor='parallel', parallel_workers=4, event_handlers=None, ignore_user_meta=False, metas=['./colcon.meta'], base_paths=['.'], packages_ignore=None, packages_ignore_regex=None, paths=None, packages_up_to=None, packages_up_to_regex=None, packages_above=None, packages_above_and_dependencies=None, packages_above_depth=None, packages_select_by_dep=None, packages_skip_by_dep=None, packages_skip_up_to=None, packages_select_build_failed=False, packages_skip_build_finished=False, packages_select_test_failures=False, packages_skip_test_passed=False, packages_select=['turtle_bringup'], packages_skip=None, packages_select_regex=None, packages_skip_regex=None, packages_start=None, packages_end=None, allow_overriding=[], cmake_args=None, cmake_target=None, cmake_target_skip_unavailable=False, cmake_clean_cache=False, cmake_clean_first=False, cmake_force_configure=False, ament_cmake_args=None, catkin_cmake_args=None, catkin_skip_building_tests=False, verb_parser=<colcon_defaults.argument_parser.defaults.DefaultArgumentsDecorator object at 0xffffa91dcc40>, verb_extension=<colcon_core.verb.build.BuildVerb object at 0xffffa9250b20>, main=<bound method BuildVerb.main of <colcon_core.verb.build.BuildVerb object at 0xffffa9250b20>>)
[1.784s] Level 1:colcon.colcon_core.package_discovery:discover_packages(colcon_meta) check parameters
[1.785s] Level 1:colcon.colcon_core.package_discovery:discover_packages(recursive) check parameters
[1.785s] Level 1:colcon.colcon_core.package_discovery:discover_packages(ignore) check parameters
[1.785s] Level 1:colcon.colcon_core.package_discovery:discover_packages(path) check parameters
[1.786s] Level 1:colcon.colcon_core.package_discovery:discover_packages(colcon_meta) discover
[1.786s] Level 1:colcon.colcon_core.package_discovery:discover_packages(recursive) discover
[1.786s] INFO:colcon.colcon_core.package_discovery:Crawling recursively for packages in '/home/heybat/Desktop/miniproject/src'
[1.787s] Level 1:colcon.colcon_core.package_identification:_identify(.) by extensions ['ignore', 'ignore_ament_install']
[1.788s] Level 1:colcon.colcon_core.package_identification:_identify(.) by extension 'ignore'
[1.789s] Level 1:colcon.colcon_core.package_identification:_identify(.) by extension 'ignore_ament_install'
[1.789s] Level 1:colcon.colcon_core.package_identification:_identify(.) by extensions ['colcon_pkg']
[1.789s] Level 1:colcon.colcon_core.package_identification:_identify(.) by extension 'colcon_pkg'
[1.789s] Level 1:colcon.colcon_core.package_identification:_identify(.) by extensions ['colcon_meta']
[1.790s] Level 1:colcon.colcon_core.package_identification:_identify(.) by extension 'colcon_meta'
[1.790s] Level 1:colcon.colcon_core.package_identification:_identify(.) by extensions ['ros']
[1.790s] Level 1:colcon.colcon_core.package_identification:_identify(.) by extension 'ros'
[1.846s] Level 1:colcon.colcon_core.package_identification:_identify(.) by extensions ['cmake', 'python']
[1.846s] Level 1:colcon.colcon_core.package_identification:_identify(.) by extension 'cmake'
[1.846s] Level 1:colcon.colcon_core.package_identification:_identify(.) by extension 'python'
[1.847s] Level 1:colcon.colcon_core.package_identification:_identify(.) by extensions ['python_setup_py']
[1.847s] Level 1:colcon.colcon_core.package_identification:_identify(.) by extension 'python_setup_py'
[1.847s] Level 1:colcon.colcon_core.package_identification:_identify(build) by extensions ['ignore', 'ignore_ament_install']
[1.848s] Level 1:colcon.colcon_core.package_identification:_identify(build) by extension 'ignore'
[1.848s] Level 1:colcon.colcon_core.package_identification:_identify(build) ignored
[1.849s] Level 1:colcon.colcon_core.package_identification:_identify(install) by extensions ['ignore', 'ignore_ament_install']
[1.849s] Level 1:colcon.colcon_core.package_identification:_identify(install) by extension 'ignore'
[1.849s] Level 1:colcon.colcon_core.package_identification:_identify(install) ignored
[1.850s] Level 1:colcon.colcon_core.package_identification:_identify(log) by extensions ['ignore', 'ignore_ament_install']
[1.850s] Level 1:colcon.colcon_core.package_identification:_identify(log) by extension 'ignore'
[1.850s] Level 1:colcon.colcon_core.package_identification:_identify(log) ignored
[1.851s] Level 1:colcon.colcon_core.package_identification:_identify(robot_interfaces) by extensions ['ignore', 'ignore_ament_install']
[1.851s] Level 1:colcon.colcon_core.package_identification:_identify(robot_interfaces) by extension 'ignore'
[1.852s] Level 1:colcon.colcon_core.package_identification:_identify(robot_interfaces) by extension 'ignore_ament_install'
[1.852s] Level 1:colcon.colcon_core.package_identification:_identify(robot_interfaces) by extensions ['colcon_pkg']
[1.852s] Level 1:colcon.colcon_core.package_identification:_identify(robot_interfaces) by extension 'colcon_pkg'
[1.852s] Level 1:colcon.colcon_core.package_identification:_identify(robot_interfaces) by extensions ['colcon_meta']
[1.852s] Level 1:colcon.colcon_core.package_identification:_identify(robot_interfaces) by extension 'colcon_meta'
[1.853s] Level 1:colcon.colcon_core.package_identification:_identify(robot_interfaces) by extensions ['ros']
[1.853s] Level 1:colcon.colcon_core.package_identification:_identify(robot_interfaces) by extension 'ros'
[1.861s] DEBUG:colcon.colcon_core.package_identification:Package 'robot_interfaces' with type 'ros.ament_cmake' and name 'robot_interfaces'
[1.861s] Level 1:colcon.colcon_core.package_identification:_identify(turtle_bringup) by extensions ['ignore', 'ignore_ament_install']
[1.862s] Level 1:colcon.colcon_core.package_identification:_identify(turtle_bringup) by extension 'ignore'
[1.862s] Level 1:colcon.colcon_core.package_identification:_identify(turtle_bringup) by extension 'ignore_ament_install'
[1.863s] Level 1:colcon.colcon_core.package_identification:_identify(turtle_bringup) by extensions ['colcon_pkg']
[1.863s] Level 1:colcon.colcon_core.package_identification:_identify(turtle_bringup) by extension 'colcon_pkg'
[1.863s] Level 1:colcon.colcon_core.package_identification:_identify(turtle_bringup) by extensions ['colcon_meta']
[1.863s] Level 1:colcon.colcon_core.package_identification:_identify(turtle_bringup) by extension 'colcon_meta'
[1.863s] Level 1:colcon.colcon_core.package_identification:_identify(turtle_bringup) by extensions ['ros']
[1.864s] Level 1:colcon.colcon_core.package_identification:_identify(turtle_bringup) by extension 'ros'
[1.866s] DEBUG:colcon.colcon_core.package_identification:Package 'turtle_bringup' with type 'ros.ament_cmake' and name 'turtle_bringup'
[1.867s] Level 1:colcon.colcon_core.package_identification:_identify(turtle_project) by extensions ['ignore', 'ignore_ament_install']
[1.867s] Level 1:colcon.colcon_core.package_identification:_identify(turtle_project) by extension 'ignore'
[1.867s] Level 1:colcon.colcon_core.package_identification:_identify(turtle_project) by extension 'ignore_ament_install'
[1.868s] Level 1:colcon.colcon_core.package_identification:_identify(turtle_project) by extensions ['colcon_pkg']
[1.868s] Level 1:colcon.colcon_core.package_identification:_identify(turtle_project) by extension 'colcon_pkg'
[1.868s] Level 1:colcon.colcon_core.package_identification:_identify(turtle_project) by extensions ['colcon_meta']
[1.868s] Level 1:colcon.colcon_core.package_identification:_identify(turtle_project) by extension 'colcon_meta'
[1.868s] Level 1:colcon.colcon_core.package_identification:_identify(turtle_project) by extensions ['ros']
[1.869s] Level 1:colcon.colcon_core.package_identification:_identify(turtle_project) by extension 'ros'
[1.872s] DEBUG:colcon.colcon_core.package_identification:Package 'turtle_project' with type 'ros.ament_python' and name 'turtle_project'
[1.873s] Level 1:colcon.colcon_core.package_discovery:discover_packages(recursive) using defaults
[1.873s] Level 1:colcon.colcon_core.package_discovery:discover_packages(ignore) discover
[1.873s] Level 1:colcon.colcon_core.package_discovery:discover_packages(ignore) using defaults
[1.873s] Level 1:colcon.colcon_core.package_discovery:discover_packages(path) discover
[1.873s] Level 1:colcon.colcon_core.package_discovery:discover_packages(path) using defaults
[1.971s] INFO:colcon.colcon_core.package_selection:Skipping not selected package 'robot_interfaces' in 'robot_interfaces'
[1.972s] INFO:colcon.colcon_core.package_selection:Skipping not selected package 'turtle_project' in 'turtle_project'
[1.975s] Level 1:colcon.colcon_core.package_discovery:discover_packages(prefix_path) check parameters
[1.975s] Level 1:colcon.colcon_core.package_discovery:discover_packages(prefix_path) discover
[1.992s] DEBUG:colcon.colcon_installed_package_information.package_discovery:Found 3 installed packages in /home/heybat/Desktop/miniproject/install
[1.996s] DEBUG:colcon.colcon_installed_package_information.package_discovery:Found 1 installed packages in /home/heybat/Desktop/ROS/ActivitywithROS/Activity2_Ros2/install
[2.001s] DEBUG:colcon.colcon_installed_package_information.package_discovery:Found 1 installed packages in /home/heybat/Desktop/ros2_ws2/install
[2.007s] DEBUG:colcon.colcon_installed_package_information.package_discovery:Found 2 installed packages in /home/heybat/Desktop/ws_ros2/install
[2.018s] DEBUG:colcon.colcon_installed_package_information.package_discovery:Found 270 installed packages in /opt/ros/humble
[2.025s] Level 1:colcon.colcon_core.package_discovery:discover_packages(prefix_path) using defaults
[2.313s] Level 5:colcon.colcon_core.verb:set package 'turtle_bringup' build argument 'cmake_args' from command line to 'None'
[2.313s] Level 5:colcon.colcon_core.verb:set package 'turtle_bringup' build argument 'cmake_target' from command line to 'None'
[2.314s] Level 5:colcon.colcon_core.verb:set package 'turtle_bringup' build argument 'cmake_target_skip_unavailable' from command line to 'False'
[2.314s] Level 5:colcon.colcon_core.verb:set package 'turtle_bringup' build argument 'cmake_clean_cache' from command line to 'False'
[2.314s] Level 5:colcon.colcon_core.verb:set package 'turtle_bringup' build argument 'cmake_clean_first' from command line to 'False'
[2.314s] Level 5:colcon.colcon_core.verb:set package 'turtle_bringup' build argument 'cmake_force_configure' from command line to 'False'
[2.314s] Level 5:colcon.colcon_core.verb:set package 'turtle_bringup' build argument 'ament_cmake_args' from command line to 'None'
[2.314s] Level 5:colcon.colcon_core.verb:set package 'turtle_bringup' build argument 'catkin_cmake_args' from command line to 'None'
[2.314s] Level 5:colcon.colcon_core.verb:set package 'turtle_bringup' build argument 'catkin_skip_building_tests' from command line to 'False'
[2.315s] DEBUG:colcon.colcon_core.verb:Building package 'turtle_bringup' with the following arguments: {'ament_cmake_args': None, 'build_base': '/home/heybat/Desktop/miniproject/src/build/turtle_bringup', 'catkin_cmake_args': None, 'catkin_skip_building_tests': False, 'cmake_args': None, 'cmake_clean_cache': False, 'cmake_clean_first': False, 'cmake_force_configure': False, 'cmake_target': None, 'cmake_target_skip_unavailable': False, 'install_base': '/home/heybat/Desktop/miniproject/src/install/turtle_bringup', 'merge_install': False, 'path': '/home/heybat/Desktop/miniproject/src/turtle_bringup', 'symlink_install': True, 'test_result_base': None}
[2.318s] INFO:colcon.colcon_core.executor:Executing jobs using 'parallel' executor
[2.330s] DEBUG:colcon.colcon_parallel_executor.executor.parallel:run_until_complete
[2.331s] INFO:colcon.colcon_ros.task.ament_cmake.build:Building ROS package in '/home/heybat/Desktop/miniproject/src/turtle_bringup' with build type 'ament_cmake'
[2.333s] INFO:colcon.colcon_cmake.task.cmake.build:Building CMake package in '/home/heybat/Desktop/miniproject/src/turtle_bringup'
[2.361s] INFO:colcon.colcon_core.plugin_system:Skipping extension 'colcon_core.shell.bat': Not used on non-Windows systems
[2.362s] INFO:colcon.colcon_core.shell:Skip shell extension 'powershell' for command environment: Not usable outside of PowerShell
[2.363s] DEBUG:colcon.colcon_core.shell:Skip shell extension 'dsv' for command environment
[2.400s] WARNING:colcon.colcon_core.shell:The following packages are in the workspace but haven't been built:
- robot_interfaces
- turtle_project
They are being used from the following locations instead:
- /home/heybat/Desktop/miniproject/install/robot_interfaces
- /home/heybat/Desktop/miniproject/install/turtle_project
To suppress this warning ignore these packages in the workspace:
--packages-ignore robot_interfaces turtle_project
[2.434s] DEBUG:colcon.colcon_core.event_handler.log_command:Invoking command in '/home/heybat/Desktop/miniproject/src/build/turtle_bringup': CMAKE_PREFIX_PATH=${CMAKE_PREFIX_PATH}:/home/heybat/Desktop/miniproject/install/turtle_project:/home/heybat/Desktop/ws_ros2/install/my_robot_controller:/home/heybat/Desktop/ROS/ActivitywithROS/Activity2_Ros2/install/my_second_pkg:/home/heybat/Desktop/ros2_ws2/install/my_first_pkg:/opt/ros/humble /usr/bin/cmake /home/heybat/Desktop/miniproject/src/turtle_bringup -DAMENT_CMAKE_SYMLINK_INSTALL=1 -DCMAKE_INSTALL_PREFIX=/home/heybat/Desktop/miniproject/src/install/turtle_bringup
[3.858s] DEBUG:colcon.colcon_core.event_handler.log_command:Invoked command in '/home/heybat/Desktop/miniproject/src/build/turtle_bringup' returned '0': CMAKE_PREFIX_PATH=${CMAKE_PREFIX_PATH}:/home/heybat/Desktop/miniproject/install/turtle_project:/home/heybat/Desktop/ws_ros2/install/my_robot_controller:/home/heybat/Desktop/ROS/ActivitywithROS/Activity2_Ros2/install/my_second_pkg:/home/heybat/Desktop/ros2_ws2/install/my_first_pkg:/opt/ros/humble /usr/bin/cmake /home/heybat/Desktop/miniproject/src/turtle_bringup -DAMENT_CMAKE_SYMLINK_INSTALL=1 -DCMAKE_INSTALL_PREFIX=/home/heybat/Desktop/miniproject/src/install/turtle_bringup
[3.860s] DEBUG:colcon.colcon_core.event_handler.log_command:Invoking command in '/home/heybat/Desktop/miniproject/src/build/turtle_bringup': CMAKE_PREFIX_PATH=${CMAKE_PREFIX_PATH}:/home/heybat/Desktop/miniproject/install/turtle_project:/home/heybat/Desktop/ws_ros2/install/my_robot_controller:/home/heybat/Desktop/ROS/ActivitywithROS/Activity2_Ros2/install/my_second_pkg:/home/heybat/Desktop/ros2_ws2/install/my_first_pkg:/opt/ros/humble /usr/bin/cmake --build /home/heybat/Desktop/miniproject/src/build/turtle_bringup -- -j4 -l4
[4.055s] DEBUG:colcon.colcon_core.event_handler.log_command:Invoked command in '/home/heybat/Desktop/miniproject/src/build/turtle_bringup' returned '0': CMAKE_PREFIX_PATH=${CMAKE_PREFIX_PATH}:/home/heybat/Desktop/miniproject/install/turtle_project:/home/heybat/Desktop/ws_ros2/install/my_robot_controller:/home/heybat/Desktop/ROS/ActivitywithROS/Activity2_Ros2/install/my_second_pkg:/home/heybat/Desktop/ros2_ws2/install/my_first_pkg:/opt/ros/humble /usr/bin/cmake --build /home/heybat/Desktop/miniproject/src/build/turtle_bringup -- -j4 -l4
[4.241s] DEBUG:colcon.colcon_core.event_handler.log_command:Invoking command in '/home/heybat/Desktop/miniproject/src/build/turtle_bringup': CMAKE_PREFIX_PATH=${CMAKE_PREFIX_PATH}:/home/heybat/Desktop/miniproject/install/turtle_project:/home/heybat/Desktop/ws_ros2/install/my_robot_controller:/home/heybat/Desktop/ROS/ActivitywithROS/Activity2_Ros2/install/my_second_pkg:/home/heybat/Desktop/ros2_ws2/install/my_first_pkg:/opt/ros/humble /usr/bin/cmake --install /home/heybat/Desktop/miniproject/src/build/turtle_bringup
[5.055s] Level 1:colcon.colcon_core.environment:create_environment_scripts_only(turtle_bringup)
[5.059s] DEBUG:colcon.colcon_core.event_handler.log_command:Invoked command in '/home/heybat/Desktop/miniproject/src/build/turtle_bringup' returned '0': CMAKE_PREFIX_PATH=${CMAKE_PREFIX_PATH}:/home/heybat/Desktop/miniproject/install/turtle_project:/home/heybat/Desktop/ws_ros2/install/my_robot_controller:/home/heybat/Desktop/ROS/ActivitywithROS/Activity2_Ros2/install/my_second_pkg:/home/heybat/Desktop/ros2_ws2/install/my_first_pkg:/opt/ros/humble /usr/bin/cmake --install /home/heybat/Desktop/miniproject/src/build/turtle_bringup
[5.097s] Level 1:colcon.colcon_core.environment:checking '/home/heybat/Desktop/miniproject/src/install/turtle_bringup' for CMake module files
[5.100s] Level 1:colcon.colcon_core.environment:checking '/home/heybat/Desktop/miniproject/src/install/turtle_bringup' for CMake config files
[5.102s] Level 1:colcon.colcon_core.shell:create_environment_hook('turtle_bringup', 'cmake_prefix_path')
[5.110s] INFO:colcon.colcon_core.shell:Creating environment hook '/home/heybat/Desktop/miniproject/src/install/turtle_bringup/share/turtle_bringup/hook/cmake_prefix_path.ps1'
[5.113s] INFO:colcon.colcon_core.shell:Creating environment descriptor '/home/heybat/Desktop/miniproject/src/install/turtle_bringup/share/turtle_bringup/hook/cmake_prefix_path.dsv'
[5.115s] INFO:colcon.colcon_core.shell:Creating environment hook '/home/heybat/Desktop/miniproject/src/install/turtle_bringup/share/turtle_bringup/hook/cmake_prefix_path.sh'
[5.119s] Level 1:colcon.colcon_core.environment:checking '/home/heybat/Desktop/miniproject/src/install/turtle_bringup/bin'
[5.120s] Level 1:colcon.colcon_core.environment:checking '/home/heybat/Desktop/miniproject/src/install/turtle_bringup/lib/pkgconfig/turtle_bringup.pc'
[5.121s] Level 1:colcon.colcon_core.environment:checking '/home/heybat/Desktop/miniproject/src/install/turtle_bringup/lib/python3.10/site-packages'
[5.125s] Level 1:colcon.colcon_core.environment:checking '/home/heybat/Desktop/miniproject/src/install/turtle_bringup/bin'
[5.131s] INFO:colcon.colcon_core.shell:Creating package script '/home/heybat/Desktop/miniproject/src/install/turtle_bringup/share/turtle_bringup/package.ps1'
[5.142s] INFO:colcon.colcon_core.shell:Creating package descriptor '/home/heybat/Desktop/miniproject/src/install/turtle_bringup/share/turtle_bringup/package.dsv'
[5.146s] INFO:colcon.colcon_core.shell:Creating package script '/home/heybat/Desktop/miniproject/src/install/turtle_bringup/share/turtle_bringup/package.sh'
[5.153s] INFO:colcon.colcon_core.shell:Creating package script '/home/heybat/Desktop/miniproject/src/install/turtle_bringup/share/turtle_bringup/package.bash'
[5.158s] INFO:colcon.colcon_core.shell:Creating package script '/home/heybat/Desktop/miniproject/src/install/turtle_bringup/share/turtle_bringup/package.zsh'
[5.162s] Level 1:colcon.colcon_core.environment:create_file_with_runtime_dependencies(/home/heybat/Desktop/miniproject/src/install/turtle_bringup/share/colcon-core/packages/turtle_bringup)
[5.318s] Level 1:colcon.colcon_core.environment:create_environment_scripts_only(turtle_bringup)
[5.329s] Level 1:colcon.colcon_core.environment:checking '/home/heybat/Desktop/miniproject/src/install/turtle_bringup' for CMake module files
[5.333s] Level 1:colcon.colcon_core.environment:checking '/home/heybat/Desktop/miniproject/src/install/turtle_bringup' for CMake config files
[5.338s] Level 1:colcon.colcon_core.shell:create_environment_hook('turtle_bringup', 'cmake_prefix_path')
[5.351s] INFO:colcon.colcon_core.shell:Creating environment hook '/home/heybat/Desktop/miniproject/src/install/turtle_bringup/share/turtle_bringup/hook/cmake_prefix_path.ps1'
[5.354s] INFO:colcon.colcon_core.shell:Creating environment descriptor '/home/heybat/Desktop/miniproject/src/install/turtle_bringup/share/turtle_bringup/hook/cmake_prefix_path.dsv'
[5.361s] INFO:colcon.colcon_core.shell:Creating environment hook '/home/heybat/Desktop/miniproject/src/install/turtle_bringup/share/turtle_bringup/hook/cmake_prefix_path.sh'
[5.367s] Level 1:colcon.colcon_core.environment:checking '/home/heybat/Desktop/miniproject/src/install/turtle_bringup/bin'
[5.368s] Level 1:colcon.colcon_core.environment:checking '/home/heybat/Desktop/miniproject/src/install/turtle_bringup/lib/pkgconfig/turtle_bringup.pc'
[5.370s] Level 1:colcon.colcon_core.environment:checking '/home/heybat/Desktop/miniproject/src/install/turtle_bringup/lib/python3.10/site-packages'
[5.371s] Level 1:colcon.colcon_core.environment:checking '/home/heybat/Desktop/miniproject/src/install/turtle_bringup/bin'
[5.392s] INFO:colcon.colcon_core.shell:Creating package script '/home/heybat/Desktop/miniproject/src/install/turtle_bringup/share/turtle_bringup/package.ps1'
[5.396s] INFO:colcon.colcon_core.shell:Creating package descriptor '/home/heybat/Desktop/miniproject/src/install/turtle_bringup/share/turtle_bringup/package.dsv'
[5.403s] INFO:colcon.colcon_core.shell:Creating package script '/home/heybat/Desktop/miniproject/src/install/turtle_bringup/share/turtle_bringup/package.sh'
[5.407s] INFO:colcon.colcon_core.shell:Creating package script '/home/heybat/Desktop/miniproject/src/install/turtle_bringup/share/turtle_bringup/package.bash'
[5.410s] INFO:colcon.colcon_core.shell:Creating package script '/home/heybat/Desktop/miniproject/src/install/turtle_bringup/share/turtle_bringup/package.zsh'
[5.418s] Level 1:colcon.colcon_core.environment:create_file_with_runtime_dependencies(/home/heybat/Desktop/miniproject/src/install/turtle_bringup/share/colcon-core/packages/turtle_bringup)
[5.436s] DEBUG:colcon.colcon_parallel_executor.executor.parallel:closing loop
[5.439s] DEBUG:colcon.colcon_parallel_executor.executor.parallel:loop closed
[5.440s] DEBUG:colcon.colcon_parallel_executor.executor.parallel:run_until_complete finished with '0'
[5.441s] DEBUG:colcon.colcon_core.event_reactor:joining thread
[5.478s] INFO:colcon.colcon_core.plugin_system:Skipping extension 'colcon_notification.desktop_notification.terminal_notifier': Not used on non-Darwin systems
[5.479s] INFO:colcon.colcon_core.plugin_system:Skipping extension 'colcon_notification.desktop_notification.win32': Not used on non-Windows systems
[5.479s] INFO:colcon.colcon_notification.desktop_notification:Sending desktop notification using 'notify2'
[5.553s] DEBUG:colcon.colcon_core.event_reactor:joined thread
[5.562s] INFO:colcon.colcon_core.shell:Creating prefix script '/home/heybat/Desktop/miniproject/src/install/local_setup.ps1'
[5.566s] INFO:colcon.colcon_core.shell:Creating prefix util module '/home/heybat/Desktop/miniproject/src/install/_local_setup_util_ps1.py'
[5.574s] INFO:colcon.colcon_core.shell:Creating prefix chain script '/home/heybat/Desktop/miniproject/src/install/setup.ps1'
[5.585s] INFO:colcon.colcon_core.shell:Creating prefix script '/home/heybat/Desktop/miniproject/src/install/local_setup.sh'
[5.591s] INFO:colcon.colcon_core.shell:Creating prefix util module '/home/heybat/Desktop/miniproject/src/install/_local_setup_util_sh.py'
[5.595s] INFO:colcon.colcon_core.shell:Creating prefix chain script '/home/heybat/Desktop/miniproject/src/install/setup.sh'
[5.613s] INFO:colcon.colcon_core.shell:Creating prefix script '/home/heybat/Desktop/miniproject/src/install/local_setup.bash'
[5.619s] INFO:colcon.colcon_core.shell:Creating prefix chain script '/home/heybat/Desktop/miniproject/src/install/setup.bash'
[5.636s] INFO:colcon.colcon_core.shell:Creating prefix script '/home/heybat/Desktop/miniproject/src/install/local_setup.zsh'
[5.640s] INFO:colcon.colcon_core.shell:Creating prefix chain script '/home/heybat/Desktop/miniproject/src/install/setup.zsh'
