[0.183s] Invoking command in '/home/heybat/Desktop/miniproject/build/robot_interfaces': CMAKE_PREFIX_PATH=${CMAKE_PREFIX_PATH}:/home/heybat/Desktop/miniproject/install/turtle_project:/home/heybat/Desktop/ws_ros2/install/my_robot_controller:/home/heybat/Desktop/ROS/ActivitywithROS/Activity2_Ros2/install/my_second_pkg:/home/heybat/Desktop/ros2_ws2/install/my_first_pkg:/opt/ros/humble /usr/bin/cmake --build /home/heybat/Desktop/miniproject/build/robot_interfaces -- -j4 -l4
[0.527s] [ 10%] Built target robot_interfaces__rosidl_generator_c
[0.608s] [ 10%] Built target ament_cmake_python_symlink_robot_interfaces
[0.624s] [ 12%] Built target robot_interfaces__cpp
[0.752s] [ 23%] Built target robot_interfaces__rosidl_typesupport_introspection_c
[0.766s] [ 33%] Built target robot_interfaces__rosidl_typesupport_fastrtps_c
[0.826s] [ 43%] Built target robot_interfaces__rosidl_typesupport_c
[1.003s] [ 53%] Built target robot_interfaces__rosidl_typesupport_fastrtps_cpp
[1.060s] [ 64%] Built target robot_interfaces__rosidl_typesupport_cpp
[1.066s] [ 74%] Built target robot_interfaces__rosidl_typesupport_introspection_cpp
[1.212s] [ 74%] Built target robot_interfaces
[1.370s] [ 76%] Built target robot_interfaces__py
[1.500s] [ 84%] Built target robot_interfaces__rosidl_generator_py
[1.671s] [ 89%] Built target robot_interfaces__rosidl_typesupport_fastrtps_c__pyext
[1.716s] [100%] Built target robot_interfaces__rosidl_typesupport_c__pyext
[1.718s] [100%] Built target robot_interfaces__rosidl_typesupport_introspection_c__pyext
[2.820s] running egg_info
[2.825s] writing robot_interfaces.egg-info/PKG-INFO
[2.833s] writing dependency_links to robot_interfaces.egg-info/dependency_links.txt
[2.833s] writing top-level names to robot_interfaces.egg-info/top_level.txt
[2.846s] reading manifest file 'robot_interfaces.egg-info/SOURCES.txt'
[2.865s] writing manifest file 'robot_interfaces.egg-info/SOURCES.txt'
[3.052s] [100%] Built target ament_cmake_python_build_robot_interfaces_egg
[3.112s] Invoked command in '/home/heybat/Desktop/miniproject/build/robot_interfaces' returned '0': CMAKE_PREFIX_PATH=${CMAKE_PREFIX_PATH}:/home/heybat/Desktop/miniproject/install/turtle_project:/home/heybat/Desktop/ws_ros2/install/my_robot_controller:/home/heybat/Desktop/ROS/ActivitywithROS/Activity2_Ros2/install/my_second_pkg:/home/heybat/Desktop/ros2_ws2/install/my_first_pkg:/opt/ros/humble /usr/bin/cmake --build /home/heybat/Desktop/miniproject/build/robot_interfaces -- -j4 -l4
[3.827s] Invoking command in '/home/heybat/Desktop/miniproject/build/robot_interfaces': CMAKE_PREFIX_PATH=${CMAKE_PREFIX_PATH}:/home/heybat/Desktop/miniproject/install/turtle_project:/home/heybat/Desktop/ws_ros2/install/my_robot_controller:/home/heybat/Desktop/ROS/ActivitywithROS/Activity2_Ros2/install/my_second_pkg:/home/heybat/Desktop/ros2_ws2/install/my_first_pkg:/opt/ros/humble /usr/bin/cmake --install /home/heybat/Desktop/miniproject/build/robot_interfaces
[3.861s] -- Install configuration: ""
[3.864s] -- Execute custom install script
[3.866s] -- Up-to-date symlink: /home/heybat/Desktop/miniproject/install/robot_interfaces/share/ament_index/resource_index/rosidl_interfaces/robot_interfaces
[3.870s] -- Up-to-date symlink: /home/heybat/Desktop/miniproject/install/robot_interfaces/include/robot_interfaces/robot_interfaces/msg/detail/turtle__functions.h
[3.872s] -- Up-to-date symlink: /home/heybat/Desktop/miniproject/install/robot_interfaces/include/robot_interfaces/robot_interfaces/msg/detail/turtle__struct.h
[3.873s] -- Up-to-date symlink: /home/heybat/Desktop/miniproject/install/robot_interfaces/include/robot_interfaces/robot_interfaces/msg/detail/turtle__type_support.h
[3.875s] -- Up-to-date symlink: /home/heybat/Desktop/miniproject/install/robot_interfaces/include/robot_interfaces/robot_interfaces/msg/detail/turtle_array__functions.h
[3.876s] -- Up-to-date symlink: /home/heybat/Desktop/miniproject/install/robot_interfaces/include/robot_interfaces/robot_interfaces/msg/detail/turtle_array__struct.h
[3.878s] -- Up-to-date symlink: /home/heybat/Desktop/miniproject/install/robot_interfaces/include/robot_interfaces/robot_interfaces/msg/detail/turtle_array__type_support.h
[3.878s] -- Up-to-date symlink: /home/heybat/Desktop/miniproject/install/robot_interfaces/include/robot_interfaces/robot_interfaces/msg/rosidl_generator_c__visibility_control.h
[3.880s] -- Up-to-date symlink: /home/heybat/Desktop/miniproject/install/robot_interfaces/include/robot_interfaces/robot_interfaces/msg/turtle.h
[3.881s] -- Up-to-date symlink: /home/heybat/Desktop/miniproject/install/robot_interfaces/include/robot_interfaces/robot_interfaces/msg/turtle_array.h
[3.883s] -- Up-to-date symlink: /home/heybat/Desktop/miniproject/install/robot_interfaces/share/robot_interfaces/environment/library_path.sh
[3.884s] -- Up-to-date symlink: /home/heybat/Desktop/miniproject/install/robot_interfaces/share/robot_interfaces/environment/library_path.dsv
[3.887s] -- Up-to-date symlink: /home/heybat/Desktop/miniproject/install/robot_interfaces/include/robot_interfaces/robot_interfaces/msg/detail/turtle__rosidl_typesupport_fastrtps_c.h
[3.889s] -- Up-to-date symlink: /home/heybat/Desktop/miniproject/install/robot_interfaces/include/robot_interfaces/robot_interfaces/msg/detail/turtle_array__rosidl_typesupport_fastrtps_c.h
[3.890s] -- Up-to-date symlink: /home/heybat/Desktop/miniproject/install/robot_interfaces/include/robot_interfaces/robot_interfaces/msg/rosidl_typesupport_fastrtps_c__visibility_control.h
[3.893s] -- Up-to-date symlink: /home/heybat/Desktop/miniproject/install/robot_interfaces/include/robot_interfaces/robot_interfaces/msg/detail/turtle__rosidl_typesupport_introspection_c.h
[3.898s] -- Up-to-date symlink: /home/heybat/Desktop/miniproject/install/robot_interfaces/include/robot_interfaces/robot_interfaces/msg/detail/turtle_array__rosidl_typesupport_introspection_c.h
[3.900s] -- Up-to-date symlink: /home/heybat/Desktop/miniproject/install/robot_interfaces/include/robot_interfaces/robot_interfaces/msg/rosidl_typesupport_introspection_c__visibility_control.h
[3.907s] -- Up-to-date symlink: /home/heybat/Desktop/miniproject/install/robot_interfaces/include/robot_interfaces/robot_interfaces/msg/detail/turtle__builder.hpp
[3.909s] -- Up-to-date symlink: /home/heybat/Desktop/miniproject/install/robot_interfaces/include/robot_interfaces/robot_interfaces/msg/detail/turtle__struct.hpp
[3.910s] -- Up-to-date symlink: /home/heybat/Desktop/miniproject/install/robot_interfaces/include/robot_interfaces/robot_interfaces/msg/detail/turtle__traits.hpp
[3.913s] -- Up-to-date symlink: /home/heybat/Desktop/miniproject/install/robot_interfaces/include/robot_interfaces/robot_interfaces/msg/detail/turtle_array__builder.hpp
[3.914s] -- Up-to-date symlink: /home/heybat/Desktop/miniproject/install/robot_interfaces/include/robot_interfaces/robot_interfaces/msg/detail/turtle_array__struct.hpp
[3.915s] -- Up-to-date symlink: /home/heybat/Desktop/miniproject/install/robot_interfaces/include/robot_interfaces/robot_interfaces/msg/detail/turtle_array__traits.hpp
[3.915s] -- Up-to-date symlink: /home/heybat/Desktop/miniproject/install/robot_interfaces/include/robot_interfaces/robot_interfaces/msg/turtle.hpp
[3.917s] -- Up-to-date symlink: /home/heybat/Desktop/miniproject/install/robot_interfaces/include/robot_interfaces/robot_interfaces/msg/turtle_array.hpp
[3.921s] -- Up-to-date symlink: /home/heybat/Desktop/miniproject/install/robot_interfaces/include/robot_interfaces/robot_interfaces/msg/detail/turtle__rosidl_typesupport_fastrtps_cpp.hpp
[3.922s] -- Up-to-date symlink: /home/heybat/Desktop/miniproject/install/robot_interfaces/include/robot_interfaces/robot_interfaces/msg/detail/turtle_array__rosidl_typesupport_fastrtps_cpp.hpp
[3.924s] -- Up-to-date symlink: /home/heybat/Desktop/miniproject/install/robot_interfaces/include/robot_interfaces/robot_interfaces/msg/rosidl_typesupport_fastrtps_cpp__visibility_control.h
[3.927s] -- Up-to-date symlink: /home/heybat/Desktop/miniproject/install/robot_interfaces/include/robot_interfaces/robot_interfaces/msg/detail/turtle__rosidl_typesupport_introspection_cpp.hpp
[3.928s] -- Up-to-date symlink: /home/heybat/Desktop/miniproject/install/robot_interfaces/include/robot_interfaces/robot_interfaces/msg/detail/turtle_array__rosidl_typesupport_introspection_cpp.hpp
[3.931s] -- Up-to-date symlink: /home/heybat/Desktop/miniproject/install/robot_interfaces/share/robot_interfaces/environment/pythonpath.sh
[3.932s] -- Up-to-date symlink: /home/heybat/Desktop/miniproject/install/robot_interfaces/share/robot_interfaces/environment/pythonpath.dsv
[3.934s] -- Up-to-date symlink: /home/heybat/Desktop/miniproject/install/robot_interfaces/local/lib/python3.10/dist-packages/robot_interfaces-0.0.0-py3.10.egg-info/PKG-INFO
[3.935s] -- Up-to-date symlink: /home/heybat/Desktop/miniproject/install/robot_interfaces/local/lib/python3.10/dist-packages/robot_interfaces-0.0.0-py3.10.egg-info/SOURCES.txt
[3.936s] -- Up-to-date symlink: /home/heybat/Desktop/miniproject/install/robot_interfaces/local/lib/python3.10/dist-packages/robot_interfaces-0.0.0-py3.10.egg-info/dependency_links.txt
[3.937s] -- Up-to-date symlink: /home/heybat/Desktop/miniproject/install/robot_interfaces/local/lib/python3.10/dist-packages/robot_interfaces-0.0.0-py3.10.egg-info/top_level.txt
[3.943s] -- Up-to-date symlink: /home/heybat/Desktop/miniproject/install/robot_interfaces/local/lib/python3.10/dist-packages/robot_interfaces/__init__.py
[3.945s] -- Up-to-date symlink: /home/heybat/Desktop/miniproject/install/robot_interfaces/local/lib/python3.10/dist-packages/robot_interfaces/_robot_interfaces_s.ep.rosidl_typesupport_c.c
[3.946s] -- Up-to-date symlink: /home/heybat/Desktop/miniproject/install/robot_interfaces/local/lib/python3.10/dist-packages/robot_interfaces/_robot_interfaces_s.ep.rosidl_typesupport_fastrtps_c.c
[3.947s] -- Up-to-date symlink: /home/heybat/Desktop/miniproject/install/robot_interfaces/local/lib/python3.10/dist-packages/robot_interfaces/_robot_interfaces_s.ep.rosidl_typesupport_introspection_c.c
[3.948s] -- Up-to-date symlink: /home/heybat/Desktop/miniproject/install/robot_interfaces/local/lib/python3.10/dist-packages/robot_interfaces/librobot_interfaces__rosidl_generator_py.so
[3.949s] -- Up-to-date symlink: /home/heybat/Desktop/miniproject/install/robot_interfaces/local/lib/python3.10/dist-packages/robot_interfaces/msg/__init__.py
[3.951s] -- Up-to-date symlink: /home/heybat/Desktop/miniproject/install/robot_interfaces/local/lib/python3.10/dist-packages/robot_interfaces/msg/_turtle.py
[3.952s] -- Up-to-date symlink: /home/heybat/Desktop/miniproject/install/robot_interfaces/local/lib/python3.10/dist-packages/robot_interfaces/msg/_turtle_array.py
[3.953s] -- Up-to-date symlink: /home/heybat/Desktop/miniproject/install/robot_interfaces/local/lib/python3.10/dist-packages/robot_interfaces/msg/_turtle_array_s.c
[3.954s] -- Up-to-date symlink: /home/heybat/Desktop/miniproject/install/robot_interfaces/local/lib/python3.10/dist-packages/robot_interfaces/msg/_turtle_s.c
[3.956s] -- Up-to-date symlink: /home/heybat/Desktop/miniproject/install/robot_interfaces/local/lib/python3.10/dist-packages/robot_interfaces/robot_interfaces_s__rosidl_typesupport_c.cpython-310-aarch64-linux-gnu.so
[3.958s] -- Up-to-date symlink: /home/heybat/Desktop/miniproject/install/robot_interfaces/local/lib/python3.10/dist-packages/robot_interfaces/robot_interfaces_s__rosidl_typesupport_fastrtps_c.cpython-310-aarch64-linux-gnu.so
[3.959s] -- Up-to-date symlink: /home/heybat/Desktop/miniproject/install/robot_interfaces/local/lib/python3.10/dist-packages/robot_interfaces/robot_interfaces_s__rosidl_typesupport_introspection_c.cpython-310-aarch64-linux-gnu.so
[3.960s] -- Up-to-date symlink: /home/heybat/Desktop/miniproject/install/robot_interfaces/local/lib/python3.10/dist-packages/robot_interfaces/robot_interfaces_s__rosidl_typesupport_fastrtps_c.cpython-310-aarch64-linux-gnu.so
[3.962s] -- Up-to-date symlink: /home/heybat/Desktop/miniproject/install/robot_interfaces/local/lib/python3.10/dist-packages/robot_interfaces/robot_interfaces_s__rosidl_typesupport_introspection_c.cpython-310-aarch64-linux-gnu.so
[3.964s] -- Up-to-date symlink: /home/heybat/Desktop/miniproject/install/robot_interfaces/local/lib/python3.10/dist-packages/robot_interfaces/robot_interfaces_s__rosidl_typesupport_c.cpython-310-aarch64-linux-gnu.so
[3.966s] -- Up-to-date symlink: /home/heybat/Desktop/miniproject/install/robot_interfaces/share/robot_interfaces/msg/Turtle.idl
[3.967s] -- Up-to-date symlink: /home/heybat/Desktop/miniproject/install/robot_interfaces/share/robot_interfaces/msg/TurtleArray.idl
[3.969s] -- Up-to-date symlink: /home/heybat/Desktop/miniproject/install/robot_interfaces/share/robot_interfaces/msg/Turtle.msg
[3.970s] -- Up-to-date symlink: /home/heybat/Desktop/miniproject/install/robot_interfaces/share/robot_interfaces/msg/TurtleArray.msg
[3.971s] -- Up-to-date symlink: /home/heybat/Desktop/miniproject/install/robot_interfaces/share/ament_index/resource_index/package_run_dependencies/robot_interfaces
[3.973s] -- Up-to-date symlink: /home/heybat/Desktop/miniproject/install/robot_interfaces/share/ament_index/resource_index/parent_prefix_path/robot_interfaces
[3.974s] -- Up-to-date symlink: /home/heybat/Desktop/miniproject/install/robot_interfaces/share/robot_interfaces/environment/ament_prefix_path.sh
[3.975s] -- Up-to-date symlink: /home/heybat/Desktop/miniproject/install/robot_interfaces/share/robot_interfaces/environment/ament_prefix_path.dsv
[3.977s] -- Up-to-date symlink: /home/heybat/Desktop/miniproject/install/robot_interfaces/share/robot_interfaces/environment/path.sh
[3.978s] -- Up-to-date symlink: /home/heybat/Desktop/miniproject/install/robot_interfaces/share/robot_interfaces/environment/path.dsv
[3.979s] -- Up-to-date symlink: /home/heybat/Desktop/miniproject/install/robot_interfaces/share/robot_interfaces/local_setup.bash
[3.981s] -- Up-to-date symlink: /home/heybat/Desktop/miniproject/install/robot_interfaces/share/robot_interfaces/local_setup.sh
[3.982s] -- Up-to-date symlink: /home/heybat/Desktop/miniproject/install/robot_interfaces/share/robot_interfaces/local_setup.zsh
[3.983s] -- Up-to-date symlink: /home/heybat/Desktop/miniproject/install/robot_interfaces/share/robot_interfaces/local_setup.dsv
[3.998s] -- Symlinking: /home/heybat/Desktop/miniproject/install/robot_interfaces/share/robot_interfaces/package.dsv
[4.036s] -- Up-to-date symlink: /home/heybat/Desktop/miniproject/install/robot_interfaces/share/ament_index/resource_index/packages/robot_interfaces
[4.037s] -- Up-to-date symlink: /home/heybat/Desktop/miniproject/install/robot_interfaces/share/robot_interfaces/cmake/rosidl_cmake-extras.cmake
[4.039s] -- Up-to-date symlink: /home/heybat/Desktop/miniproject/install/robot_interfaces/share/robot_interfaces/cmake/ament_cmake_export_include_directories-extras.cmake
[4.040s] -- Up-to-date symlink: /home/heybat/Desktop/miniproject/install/robot_interfaces/share/robot_interfaces/cmake/ament_cmake_export_libraries-extras.cmake
[4.043s] -- Up-to-date symlink: /home/heybat/Desktop/miniproject/install/robot_interfaces/share/robot_interfaces/cmake/ament_cmake_export_targets-extras.cmake
[4.044s] -- Up-to-date symlink: /home/heybat/Desktop/miniproject/install/robot_interfaces/share/robot_interfaces/cmake/rosidl_cmake_export_typesupport_targets-extras.cmake
[4.044s] -- Up-to-date symlink: /home/heybat/Desktop/miniproject/install/robot_interfaces/share/robot_interfaces/cmake/ament_cmake_export_dependencies-extras.cmake
[4.047s] -- Up-to-date symlink: /home/heybat/Desktop/miniproject/install/robot_interfaces/share/robot_interfaces/cmake/rosidl_cmake_export_typesupport_libraries-extras.cmake
[4.053s] -- Up-to-date symlink: /home/heybat/Desktop/miniproject/install/robot_interfaces/share/robot_interfaces/cmake/robot_interfacesConfig.cmake
[4.053s] -- Up-to-date symlink: /home/heybat/Desktop/miniproject/install/robot_interfaces/share/robot_interfaces/cmake/robot_interfacesConfig-version.cmake
[4.055s] -- Up-to-date symlink: /home/heybat/Desktop/miniproject/install/robot_interfaces/share/robot_interfaces/package.xml
[4.056s] -- Up-to-date: /home/heybat/Desktop/miniproject/install/robot_interfaces/lib/librobot_interfaces__rosidl_generator_c.so
[4.059s] -- Up-to-date: /home/heybat/Desktop/miniproject/install/robot_interfaces/lib/librobot_interfaces__rosidl_typesupport_fastrtps_c.so
[4.059s] -- Up-to-date: /home/heybat/Desktop/miniproject/install/robot_interfaces/lib/librobot_interfaces__rosidl_typesupport_introspection_c.so
[4.060s] -- Up-to-date: /home/heybat/Desktop/miniproject/install/robot_interfaces/lib/librobot_interfaces__rosidl_typesupport_c.so
[4.061s] -- Up-to-date: /home/heybat/Desktop/miniproject/install/robot_interfaces/lib/librobot_interfaces__rosidl_typesupport_fastrtps_cpp.so
[4.063s] -- Up-to-date: /home/heybat/Desktop/miniproject/install/robot_interfaces/lib/librobot_interfaces__rosidl_typesupport_introspection_cpp.so
[4.065s] -- Up-to-date: /home/heybat/Desktop/miniproject/install/robot_interfaces/lib/librobot_interfaces__rosidl_typesupport_cpp.so
[4.309s] Listing '/home/heybat/Desktop/miniproject/install/robot_interfaces/local/lib/python3.10/dist-packages/robot_interfaces'...
[4.313s] Listing '/home/heybat/Desktop/miniproject/install/robot_interfaces/local/lib/python3.10/dist-packages/robot_interfaces/msg'...
[4.339s] -- Up-to-date: /home/heybat/Desktop/miniproject/install/robot_interfaces/lib/librobot_interfaces__rosidl_generator_py.so
[4.355s] -- Up-to-date: /home/heybat/Desktop/miniproject/install/robot_interfaces/share/robot_interfaces/cmake/export_robot_interfaces__rosidl_generator_cExport.cmake
[4.356s] -- Up-to-date: /home/heybat/Desktop/miniproject/install/robot_interfaces/share/robot_interfaces/cmake/export_robot_interfaces__rosidl_generator_cExport-noconfig.cmake
[4.358s] -- Up-to-date: /home/heybat/Desktop/miniproject/install/robot_interfaces/share/robot_interfaces/cmake/export_robot_interfaces__rosidl_typesupport_fastrtps_cExport.cmake
[4.359s] -- Up-to-date: /home/heybat/Desktop/miniproject/install/robot_interfaces/share/robot_interfaces/cmake/export_robot_interfaces__rosidl_typesupport_fastrtps_cExport-noconfig.cmake
[4.361s] -- Up-to-date: /home/heybat/Desktop/miniproject/install/robot_interfaces/share/robot_interfaces/cmake/robot_interfaces__rosidl_typesupport_introspection_cExport.cmake
[4.361s] -- Up-to-date: /home/heybat/Desktop/miniproject/install/robot_interfaces/share/robot_interfaces/cmake/robot_interfaces__rosidl_typesupport_introspection_cExport-noconfig.cmake
[4.362s] -- Up-to-date: /home/heybat/Desktop/miniproject/install/robot_interfaces/share/robot_interfaces/cmake/robot_interfaces__rosidl_typesupport_cExport.cmake
[4.363s] -- Up-to-date: /home/heybat/Desktop/miniproject/install/robot_interfaces/share/robot_interfaces/cmake/robot_interfaces__rosidl_typesupport_cExport-noconfig.cmake
[4.364s] -- Up-to-date: /home/heybat/Desktop/miniproject/install/robot_interfaces/share/robot_interfaces/cmake/export_robot_interfaces__rosidl_generator_cppExport.cmake
[4.365s] -- Up-to-date: /home/heybat/Desktop/miniproject/install/robot_interfaces/share/robot_interfaces/cmake/export_robot_interfaces__rosidl_typesupport_fastrtps_cppExport.cmake
[4.365s] -- Up-to-date: /home/heybat/Desktop/miniproject/install/robot_interfaces/share/robot_interfaces/cmake/export_robot_interfaces__rosidl_typesupport_fastrtps_cppExport-noconfig.cmake
[4.367s] -- Up-to-date: /home/heybat/Desktop/miniproject/install/robot_interfaces/share/robot_interfaces/cmake/robot_interfaces__rosidl_typesupport_introspection_cppExport.cmake
[4.367s] -- Up-to-date: /home/heybat/Desktop/miniproject/install/robot_interfaces/share/robot_interfaces/cmake/robot_interfaces__rosidl_typesupport_introspection_cppExport-noconfig.cmake
[4.369s] -- Up-to-date: /home/heybat/Desktop/miniproject/install/robot_interfaces/share/robot_interfaces/cmake/robot_interfaces__rosidl_typesupport_cppExport.cmake
[4.369s] -- Up-to-date: /home/heybat/Desktop/miniproject/install/robot_interfaces/share/robot_interfaces/cmake/robot_interfaces__rosidl_typesupport_cppExport-noconfig.cmake
[4.371s] -- Up-to-date: /home/heybat/Desktop/miniproject/install/robot_interfaces/share/robot_interfaces/cmake/export_robot_interfaces__rosidl_generator_pyExport.cmake
[4.372s] -- Up-to-date: /home/heybat/Desktop/miniproject/install/robot_interfaces/share/robot_interfaces/cmake/export_robot_interfaces__rosidl_generator_pyExport-noconfig.cmake
[4.385s] Invoked command in '/home/heybat/Desktop/miniproject/build/robot_interfaces' returned '0': CMAKE_PREFIX_PATH=${CMAKE_PREFIX_PATH}:/home/heybat/Desktop/miniproject/install/turtle_project:/home/heybat/Desktop/ws_ros2/install/my_robot_controller:/home/heybat/Desktop/ROS/ActivitywithROS/Activity2_Ros2/install/my_second_pkg:/home/heybat/Desktop/ros2_ws2/install/my_first_pkg:/opt/ros/humble /usr/bin/cmake --install /home/heybat/Desktop/miniproject/build/robot_interfaces
