-- Found ament_cmake: 1.3.5 (/opt/ros/humble/share/ament_cmake/cmake)
-- Override CMake install command with custom implementation using symlinks instead of copying resources
-- Configuring done
-- Generating done
-- Build files have been written to: /home/heybat/Desktop/miniproject/src/build/turtle_bringup
-- Install configuration: ""
-- Execute custom install script
-- Symlinking: /home/heybat/Desktop/miniproject/src/install/turtle_bringup/share/turtle_bringup/launch/turtlecatcher.launch.py
-- Symlinking: /home/heybat/Desktop/miniproject/src/install/turtle_bringup/share/ament_index/resource_index/package_run_dependencies/turtle_bringup
-- Symlinking: /home/heybat/Desktop/miniproject/src/install/turtle_bringup/share/ament_index/resource_index/parent_prefix_path/turtle_bringup
-- Symlinking: /home/heybat/Desktop/miniproject/src/install/turtle_bringup/share/turtle_bringup/environment/ament_prefix_path.sh
-- Symlinking: /home/heybat/Desktop/miniproject/src/install/turtle_bringup/share/turtle_bringup/environment/ament_prefix_path.dsv
-- Symlinking: /home/heybat/Desktop/miniproject/src/install/turtle_bringup/share/turtle_bringup/environment/path.sh
-- Symlinking: /home/heybat/Desktop/miniproject/src/install/turtle_bringup/share/turtle_bringup/environment/path.dsv
-- Symlinking: /home/heybat/Desktop/miniproject/src/install/turtle_bringup/share/turtle_bringup/local_setup.bash
-- Symlinking: /home/heybat/Desktop/miniproject/src/install/turtle_bringup/share/turtle_bringup/local_setup.sh
-- Symlinking: /home/heybat/Desktop/miniproject/src/install/turtle_bringup/share/turtle_bringup/local_setup.zsh
-- Symlinking: /home/heybat/Desktop/miniproject/src/install/turtle_bringup/share/turtle_bringup/local_setup.dsv
-- Symlinking: /home/heybat/Desktop/miniproject/src/install/turtle_bringup/share/turtle_bringup/package.dsv
-- Symlinking: /home/heybat/Desktop/miniproject/src/install/turtle_bringup/share/ament_index/resource_index/packages/turtle_bringup
-- Symlinking: /home/heybat/Desktop/miniproject/src/install/turtle_bringup/share/turtle_bringup/cmake/turtle_bringupConfig.cmake
-- Symlinking: /home/heybat/Desktop/miniproject/src/install/turtle_bringup/share/turtle_bringup/cmake/turtle_bringupConfig-version.cmake
-- Symlinking: /home/heybat/Desktop/miniproject/src/install/turtle_bringup/share/turtle_bringup/package.xml
