[1.564s] DEBUG:colcon:Command line arguments: ['/usr/bin/colcon', 'build', '--packages-select', 'turtle_bringup', '--symlink-install']
[1.564s] DEBUG:colcon:Parsed command line arguments: Namespace(log_base=None, log_level=None, verb_name='build', build_base='build', install_base='install', merge_install=False, symlink_install=True, test_result_base=None, continue_on_error=False, executor='parallel', parallel_workers=4, event_handlers=None, ignore_user_meta=False, metas=['./colcon.meta'], base_paths=['.'], packages_ignore=None, packages_ignore_regex=None, paths=None, packages_up_to=None, packages_up_to_regex=None, packages_above=None, packages_above_and_dependencies=None, packages_above_depth=None, packages_select_by_dep=None, packages_skip_by_dep=None, packages_skip_up_to=None, packages_select_build_failed=False, packages_skip_build_finished=False, packages_select_test_failures=False, packages_skip_test_passed=False, packages_select=['turtle_bringup'], packages_skip=None, packages_select_regex=None, packages_skip_regex=None, packages_start=None, packages_end=None, allow_overriding=[], cmake_args=None, cmake_target=None, cmake_target_skip_unavailable=False, cmake_clean_cache=False, cmake_clean_first=False, cmake_force_configure=False, ament_cmake_args=None, catkin_cmake_args=None, catkin_skip_building_tests=False, verb_parser=<colcon_defaults.argument_parser.defaults.DefaultArgumentsDecorator object at 0xffffb15719c0>, verb_extension=<colcon_core.verb.build.BuildVerb object at 0xffffb15f0d90>, main=<bound method BuildVerb.main of <colcon_core.verb.build.BuildVerb object at 0xffffb15f0d90>>)
[1.688s] Level 1:colcon.colcon_core.package_discovery:discover_packages(colcon_meta) check parameters
[1.689s] Level 1:colcon.colcon_core.package_discovery:discover_packages(recursive) check parameters
[1.689s] Level 1:colcon.colcon_core.package_discovery:discover_packages(ignore) check parameters
[1.689s] Level 1:colcon.colcon_core.package_discovery:discover_packages(path) check parameters
[1.689s] Level 1:colcon.colcon_core.package_discovery:discover_packages(colcon_meta) discover
[1.690s] Level 1:colcon.colcon_core.package_discovery:discover_packages(recursive) discover
[1.690s] INFO:colcon.colcon_core.package_discovery:Crawling recursively for packages in '/home/heybat/Desktop/miniproject'
[1.691s] Level 1:colcon.colcon_core.package_identification:_identify(.) by extensions ['ignore', 'ignore_ament_install']
[1.691s] Level 1:colcon.colcon_core.package_identification:_identify(.) by extension 'ignore'
[1.692s] Level 1:colcon.colcon_core.package_identification:_identify(.) by extension 'ignore_ament_install'
[1.692s] Level 1:colcon.colcon_core.package_identification:_identify(.) by extensions ['colcon_pkg']
[1.692s] Level 1:colcon.colcon_core.package_identification:_identify(.) by extension 'colcon_pkg'
[1.692s] Level 1:colcon.colcon_core.package_identification:_identify(.) by extensions ['colcon_meta']
[1.692s] Level 1:colcon.colcon_core.package_identification:_identify(.) by extension 'colcon_meta'
[1.692s] Level 1:colcon.colcon_core.package_identification:_identify(.) by extensions ['ros']
[1.693s] Level 1:colcon.colcon_core.package_identification:_identify(.) by extension 'ros'
[1.748s] Level 1:colcon.colcon_core.package_identification:_identify(.) by extensions ['cmake', 'python']
[1.748s] Level 1:colcon.colcon_core.package_identification:_identify(.) by extension 'cmake'
[1.748s] Level 1:colcon.colcon_core.package_identification:_identify(.) by extension 'python'
[1.748s] Level 1:colcon.colcon_core.package_identification:_identify(.) by extensions ['python_setup_py']
[1.749s] Level 1:colcon.colcon_core.package_identification:_identify(.) by extension 'python_setup_py'
[1.749s] Level 1:colcon.colcon_core.package_identification:_identify(build) by extensions ['ignore', 'ignore_ament_install']
[1.750s] Level 1:colcon.colcon_core.package_identification:_identify(build) by extension 'ignore'
[1.750s] Level 1:colcon.colcon_core.package_identification:_identify(build) ignored
[1.751s] Level 1:colcon.colcon_core.package_identification:_identify(install) by extensions ['ignore', 'ignore_ament_install']
[1.753s] Level 1:colcon.colcon_core.package_identification:_identify(install) by extension 'ignore'
[1.754s] Level 1:colcon.colcon_core.package_identification:_identify(install) ignored
[1.755s] Level 1:colcon.colcon_core.package_identification:_identify(log) by extensions ['ignore', 'ignore_ament_install']
[1.755s] Level 1:colcon.colcon_core.package_identification:_identify(log) by extension 'ignore'
[1.756s] Level 1:colcon.colcon_core.package_identification:_identify(log) ignored
[1.756s] Level 1:colcon.colcon_core.package_identification:_identify(src) by extensions ['ignore', 'ignore_ament_install']
[1.757s] Level 1:colcon.colcon_core.package_identification:_identify(src) by extension 'ignore'
[1.757s] Level 1:colcon.colcon_core.package_identification:_identify(src) by extension 'ignore_ament_install'
[1.757s] Level 1:colcon.colcon_core.package_identification:_identify(src) by extensions ['colcon_pkg']
[1.758s] Level 1:colcon.colcon_core.package_identification:_identify(src) by extension 'colcon_pkg'
[1.758s] Level 1:colcon.colcon_core.package_identification:_identify(src) by extensions ['colcon_meta']
[1.758s] Level 1:colcon.colcon_core.package_identification:_identify(src) by extension 'colcon_meta'
[1.758s] Level 1:colcon.colcon_core.package_identification:_identify(src) by extensions ['ros']
[1.758s] Level 1:colcon.colcon_core.package_identification:_identify(src) by extension 'ros'
[1.759s] Level 1:colcon.colcon_core.package_identification:_identify(src) by extensions ['cmake', 'python']
[1.759s] Level 1:colcon.colcon_core.package_identification:_identify(src) by extension 'cmake'
[1.759s] Level 1:colcon.colcon_core.package_identification:_identify(src) by extension 'python'
[1.760s] Level 1:colcon.colcon_core.package_identification:_identify(src) by extensions ['python_setup_py']
[1.760s] Level 1:colcon.colcon_core.package_identification:_identify(src) by extension 'python_setup_py'
[1.761s] Level 1:colcon.colcon_core.package_identification:_identify(src/robot_interfaces) by extensions ['ignore', 'ignore_ament_install']
[1.761s] Level 1:colcon.colcon_core.package_identification:_identify(src/robot_interfaces) by extension 'ignore'
[1.761s] Level 1:colcon.colcon_core.package_identification:_identify(src/robot_interfaces) by extension 'ignore_ament_install'
[1.762s] Level 1:colcon.colcon_core.package_identification:_identify(src/robot_interfaces) by extensions ['colcon_pkg']
[1.762s] Level 1:colcon.colcon_core.package_identification:_identify(src/robot_interfaces) by extension 'colcon_pkg'
[1.762s] Level 1:colcon.colcon_core.package_identification:_identify(src/robot_interfaces) by extensions ['colcon_meta']
[1.762s] Level 1:colcon.colcon_core.package_identification:_identify(src/robot_interfaces) by extension 'colcon_meta'
[1.762s] Level 1:colcon.colcon_core.package_identification:_identify(src/robot_interfaces) by extensions ['ros']
[1.763s] Level 1:colcon.colcon_core.package_identification:_identify(src/robot_interfaces) by extension 'ros'
[1.772s] DEBUG:colcon.colcon_core.package_identification:Package 'src/robot_interfaces' with type 'ros.ament_cmake' and name 'robot_interfaces'
[1.773s] Level 1:colcon.colcon_core.package_identification:_identify(src/turtle_bringup) by extensions ['ignore', 'ignore_ament_install']
[1.774s] Level 1:colcon.colcon_core.package_identification:_identify(src/turtle_bringup) by extension 'ignore'
[1.774s] Level 1:colcon.colcon_core.package_identification:_identify(src/turtle_bringup) by extension 'ignore_ament_install'
[1.774s] Level 1:colcon.colcon_core.package_identification:_identify(src/turtle_bringup) by extensions ['colcon_pkg']
[1.775s] Level 1:colcon.colcon_core.package_identification:_identify(src/turtle_bringup) by extension 'colcon_pkg'
[1.775s] Level 1:colcon.colcon_core.package_identification:_identify(src/turtle_bringup) by extensions ['colcon_meta']
[1.775s] Level 1:colcon.colcon_core.package_identification:_identify(src/turtle_bringup) by extension 'colcon_meta'
[1.775s] Level 1:colcon.colcon_core.package_identification:_identify(src/turtle_bringup) by extensions ['ros']
[1.776s] Level 1:colcon.colcon_core.package_identification:_identify(src/turtle_bringup) by extension 'ros'
[1.779s] DEBUG:colcon.colcon_core.package_identification:Failed to parse potential ROS package manifest in'src/turtle_bringup': Error(s) in package 'src/turtle_bringup/package.xml':
The manifest contains invalid XML:
mismatched tag: line 24, column 2
[1.779s] Level 1:colcon.colcon_core.package_identification:_identify(src/turtle_bringup) by extensions ['cmake', 'python']
[1.779s] Level 1:colcon.colcon_core.package_identification:_identify(src/turtle_bringup) by extension 'cmake'
[1.785s] Level 1:colcon.colcon_core.package_identification:_identify(src/turtle_bringup) by extension 'python'
[1.785s] DEBUG:colcon.colcon_core.package_identification:Package 'src/turtle_bringup' with type 'cmake' and name 'turtle_bringup'
[1.786s] Level 1:colcon.colcon_core.package_identification:_identify(src/turtle_project) by extensions ['ignore', 'ignore_ament_install']
[1.786s] Level 1:colcon.colcon_core.package_identification:_identify(src/turtle_project) by extension 'ignore'
[1.787s] Level 1:colcon.colcon_core.package_identification:_identify(src/turtle_project) by extension 'ignore_ament_install'
[1.787s] Level 1:colcon.colcon_core.package_identification:_identify(src/turtle_project) by extensions ['colcon_pkg']
[1.787s] Level 1:colcon.colcon_core.package_identification:_identify(src/turtle_project) by extension 'colcon_pkg'
[1.788s] Level 1:colcon.colcon_core.package_identification:_identify(src/turtle_project) by extensions ['colcon_meta']
[1.788s] Level 1:colcon.colcon_core.package_identification:_identify(src/turtle_project) by extension 'colcon_meta'
[1.788s] Level 1:colcon.colcon_core.package_identification:_identify(src/turtle_project) by extensions ['ros']
[1.788s] Level 1:colcon.colcon_core.package_identification:_identify(src/turtle_project) by extension 'ros'
[1.792s] DEBUG:colcon.colcon_core.package_identification:Package 'src/turtle_project' with type 'ros.ament_python' and name 'turtle_project'
[1.793s] Level 1:colcon.colcon_core.package_discovery:discover_packages(recursive) using defaults
[1.793s] Level 1:colcon.colcon_core.package_discovery:discover_packages(ignore) discover
[1.793s] Level 1:colcon.colcon_core.package_discovery:discover_packages(ignore) using defaults
[1.793s] Level 1:colcon.colcon_core.package_discovery:discover_packages(path) discover
[1.793s] Level 1:colcon.colcon_core.package_discovery:discover_packages(path) using defaults
[1.904s] INFO:colcon.colcon_core.package_selection:Skipping not selected package 'robot_interfaces' in 'src/robot_interfaces'
[1.905s] INFO:colcon.colcon_core.package_selection:Skipping not selected package 'turtle_project' in 'src/turtle_project'
[1.909s] Level 1:colcon.colcon_core.package_discovery:discover_packages(prefix_path) check parameters
[1.909s] Level 1:colcon.colcon_core.package_discovery:discover_packages(prefix_path) discover
[1.926s] DEBUG:colcon.colcon_installed_package_information.package_discovery:Found 3 installed packages in /home/heybat/Desktop/miniproject/install
[1.932s] DEBUG:colcon.colcon_installed_package_information.package_discovery:Found 1 installed packages in /home/heybat/Desktop/ROS/ActivitywithROS/Activity2_Ros2/install
[1.937s] DEBUG:colcon.colcon_installed_package_information.package_discovery:Found 1 installed packages in /home/heybat/Desktop/ros2_ws2/install
[1.941s] DEBUG:colcon.colcon_installed_package_information.package_discovery:Found 2 installed packages in /home/heybat/Desktop/ws_ros2/install
[1.952s] DEBUG:colcon.colcon_installed_package_information.package_discovery:Found 270 installed packages in /opt/ros/humble
[1.958s] Level 1:colcon.colcon_core.package_discovery:discover_packages(prefix_path) using defaults
[2.218s] Level 5:colcon.colcon_core.verb:set package 'turtle_bringup' build argument 'cmake_args' from command line to 'None'
[2.218s] Level 5:colcon.colcon_core.verb:set package 'turtle_bringup' build argument 'cmake_target' from command line to 'None'
[2.218s] Level 5:colcon.colcon_core.verb:set package 'turtle_bringup' build argument 'cmake_target_skip_unavailable' from command line to 'False'
[2.219s] Level 5:colcon.colcon_core.verb:set package 'turtle_bringup' build argument 'cmake_clean_cache' from command line to 'False'
[2.219s] Level 5:colcon.colcon_core.verb:set package 'turtle_bringup' build argument 'cmake_clean_first' from command line to 'False'
[2.219s] Level 5:colcon.colcon_core.verb:set package 'turtle_bringup' build argument 'cmake_force_configure' from command line to 'False'
[2.219s] Level 5:colcon.colcon_core.verb:set package 'turtle_bringup' build argument 'ament_cmake_args' from command line to 'None'
[2.219s] Level 5:colcon.colcon_core.verb:set package 'turtle_bringup' build argument 'catkin_cmake_args' from command line to 'None'
[2.219s] Level 5:colcon.colcon_core.verb:set package 'turtle_bringup' build argument 'catkin_skip_building_tests' from command line to 'False'
[2.219s] DEBUG:colcon.colcon_core.verb:Building package 'turtle_bringup' with the following arguments: {'ament_cmake_args': None, 'build_base': '/home/heybat/Desktop/miniproject/build/turtle_bringup', 'catkin_cmake_args': None, 'catkin_skip_building_tests': False, 'cmake_args': None, 'cmake_clean_cache': False, 'cmake_clean_first': False, 'cmake_force_configure': False, 'cmake_target': None, 'cmake_target_skip_unavailable': False, 'install_base': '/home/heybat/Desktop/miniproject/install/turtle_bringup', 'merge_install': False, 'path': '/home/heybat/Desktop/miniproject/src/turtle_bringup', 'symlink_install': True, 'test_result_base': None}
[2.222s] INFO:colcon.colcon_core.executor:Executing jobs using 'parallel' executor
[2.235s] DEBUG:colcon.colcon_parallel_executor.executor.parallel:run_until_complete
[2.236s] INFO:colcon.colcon_cmake.task.cmake.build:Building CMake package in '/home/heybat/Desktop/miniproject/src/turtle_bringup'
[2.256s] INFO:colcon.colcon_core.plugin_system:Skipping extension 'colcon_core.shell.bat': Not used on non-Windows systems
[2.257s] INFO:colcon.colcon_core.shell:Skip shell extension 'powershell' for command environment: Not usable outside of PowerShell
[2.257s] DEBUG:colcon.colcon_core.shell:Skip shell extension 'dsv' for command environment
[2.319s] DEBUG:colcon.colcon_core.event_handler.log_command:Invoking command in '/home/heybat/Desktop/miniproject/build/turtle_bringup': /usr/bin/cmake /home/heybat/Desktop/miniproject/src/turtle_bringup -DCMAKE_INSTALL_PREFIX=/home/heybat/Desktop/miniproject/install/turtle_bringup
[3.809s] DEBUG:colcon.colcon_core.event_handler.log_command:Invoked command in '/home/heybat/Desktop/miniproject/build/turtle_bringup' returned '1': /usr/bin/cmake /home/heybat/Desktop/miniproject/src/turtle_bringup -DCMAKE_INSTALL_PREFIX=/home/heybat/Desktop/miniproject/install/turtle_bringup
[3.821s] DEBUG:colcon.colcon_parallel_executor.executor.parallel:closing loop
[3.821s] DEBUG:colcon.colcon_parallel_executor.executor.parallel:loop closed
[3.822s] DEBUG:colcon.colcon_parallel_executor.executor.parallel:run_until_complete finished with '1'
[3.822s] DEBUG:colcon.colcon_core.event_reactor:joining thread
[3.855s] INFO:colcon.colcon_core.plugin_system:Skipping extension 'colcon_notification.desktop_notification.terminal_notifier': Not used on non-Darwin systems
[3.856s] INFO:colcon.colcon_core.plugin_system:Skipping extension 'colcon_notification.desktop_notification.win32': Not used on non-Windows systems
[3.856s] INFO:colcon.colcon_notification.desktop_notification:Sending desktop notification using 'notify2'
[3.920s] DEBUG:colcon.colcon_core.event_reactor:joined thread
[3.928s] INFO:colcon.colcon_core.shell:Creating prefix script '/home/heybat/Desktop/miniproject/install/local_setup.ps1'
[3.935s] INFO:colcon.colcon_core.shell:Creating prefix util module '/home/heybat/Desktop/miniproject/install/_local_setup_util_ps1.py'
[3.942s] INFO:colcon.colcon_core.shell:Creating prefix chain script '/home/heybat/Desktop/miniproject/install/setup.ps1'
[3.954s] INFO:colcon.colcon_core.shell:Creating prefix script '/home/heybat/Desktop/miniproject/install/local_setup.sh'
[3.959s] INFO:colcon.colcon_core.shell:Creating prefix util module '/home/heybat/Desktop/miniproject/install/_local_setup_util_sh.py'
[3.967s] INFO:colcon.colcon_core.shell:Creating prefix chain script '/home/heybat/Desktop/miniproject/install/setup.sh'
[3.986s] INFO:colcon.colcon_core.shell:Creating prefix script '/home/heybat/Desktop/miniproject/install/local_setup.bash'
[3.990s] INFO:colcon.colcon_core.shell:Creating prefix chain script '/home/heybat/Desktop/miniproject/install/setup.bash'
[4.002s] INFO:colcon.colcon_core.shell:Creating prefix script '/home/heybat/Desktop/miniproject/install/local_setup.zsh'
[4.005s] INFO:colcon.colcon_core.shell:Creating prefix chain script '/home/heybat/Desktop/miniproject/install/setup.zsh'
