running develop
Removing /home/heybat/Desktop/miniproject/install/turtle_project/lib/python3.10/site-packages/turtle-project.egg-link (link to .)
running egg_info
writing ../../build/turtle_project/turtle_project.egg-info/PKG-INFO
writing dependency_links to ../../build/turtle_project/turtle_project.egg-info/dependency_links.txt
writing entry points to ../../build/turtle_project/turtle_project.egg-info/entry_points.txt
writing requirements to ../../build/turtle_project/turtle_project.egg-info/requires.txt
writing top-level names to ../../build/turtle_project/turtle_project.egg-info/top_level.txt
reading manifest file '../../build/turtle_project/turtle_project.egg-info/SOURCES.txt'
writing manifest file '../../build/turtle_project/turtle_project.egg-info/SOURCES.txt'
running build
running build_py
copying turtle_project/turtle_controller.py -> /home/heybat/Desktop/miniproject/build/turtle_project/build/lib/turtle_project
running install
running install_lib
creating /home/heybat/Desktop/miniproject/install/turtle_project/lib/python3.10/site-packages/turtle_project
copying /home/heybat/Desktop/miniproject/build/turtle_project/build/lib/turtle_project/__init__.py -> /home/heybat/Desktop/miniproject/install/turtle_project/lib/python3.10/site-packages/turtle_project
copying /home/heybat/Desktop/miniproject/build/turtle_project/build/lib/turtle_project/template_python_node.py -> /home/heybat/Desktop/miniproject/install/turtle_project/lib/python3.10/site-packages/turtle_project
copying /home/heybat/Desktop/miniproject/build/turtle_project/build/lib/turtle_project/turtle_controller.py -> /home/heybat/Desktop/miniproject/install/turtle_project/lib/python3.10/site-packages/turtle_project
byte-compiling /home/heybat/Desktop/miniproject/install/turtle_project/lib/python3.10/site-packages/turtle_project/__init__.py to __init__.cpython-310.pyc
byte-compiling /home/heybat/Desktop/miniproject/install/turtle_project/lib/python3.10/site-packages/turtle_project/template_python_node.py to template_python_node.cpython-310.pyc
byte-compiling /home/heybat/Desktop/miniproject/install/turtle_project/lib/python3.10/site-packages/turtle_project/turtle_controller.py to turtle_controller.cpython-310.pyc
running install_data
copying package.xml -> /home/heybat/Desktop/miniproject/install/turtle_project/share/turtle_project
running install_egg_info
Copying ../../build/turtle_project/turtle_project.egg-info to /home/heybat/Desktop/miniproject/install/turtle_project/lib/python3.10/site-packages/turtle_project-0.0.0-py3.10.egg-info
running install_scripts
Installing turtle_controller script to /home/heybat/Desktop/miniproject/install/turtle_project/lib/turtle_project
writing list of installed files to '/home/heybat/Desktop/miniproject/build/turtle_project/install.log'
