[3.504s] Invoking command in '/home/heybat/Desktop/miniproject/build/turtle_project': PYTHONPATH=/home/heybat/Desktop/miniproject/build/turtle_project/prefix_override:/home/heybat/Desktop/miniproject/install/turtle_project/lib/python3.10/site-packages:${PYTHONPATH} /usr/bin/python3 setup.py develop --uninstall --editable --build-directory /home/heybat/Desktop/miniproject/build/turtle_project/build
[4.889s] running develop
[5.777s] Removing /home/heybat/Desktop/miniproject/install/turtle_project/lib/python3.10/site-packages/turtle-project.egg-link (link to .)
[5.963s] Invoked command in '/home/heybat/Desktop/miniproject/build/turtle_project' returned '0': PYTHONPATH=/home/heybat/Desktop/miniproject/build/turtle_project/prefix_override:/home/heybat/Desktop/miniproject/install/turtle_project/lib/python3.10/site-packages:${PYTHONPATH} /usr/bin/python3 setup.py develop --uninstall --editable --build-directory /home/heybat/Desktop/miniproject/build/turtle_project/build
[5.971s] Invoking command in '/home/heybat/Desktop/miniproject/src/turtle_project': PYTHONPATH=/home/heybat/Desktop/miniproject/build/turtle_project/prefix_override:/home/heybat/Desktop/miniproject/install/turtle_project/lib/python3.10/site-packages:${PYTHONPATH} /usr/bin/python3 setup.py egg_info --egg-base ../../build/turtle_project build --build-base /home/heybat/Desktop/miniproject/build/turtle_project/build install --record /home/heybat/Desktop/miniproject/build/turtle_project/install.log --single-version-externally-managed
[7.255s] running egg_info
[7.257s] writing ../../build/turtle_project/turtle_project.egg-info/PKG-INFO
[7.258s] writing dependency_links to ../../build/turtle_project/turtle_project.egg-info/dependency_links.txt
[7.259s] writing entry points to ../../build/turtle_project/turtle_project.egg-info/entry_points.txt
[7.260s] writing requirements to ../../build/turtle_project/turtle_project.egg-info/requires.txt
[7.261s] writing top-level names to ../../build/turtle_project/turtle_project.egg-info/top_level.txt
[7.270s] reading manifest file '../../build/turtle_project/turtle_project.egg-info/SOURCES.txt'
[7.274s] writing manifest file '../../build/turtle_project/turtle_project.egg-info/SOURCES.txt'
[7.275s] running build
[7.275s] running build_py
[7.276s] copying turtle_project/turtle_controller.py -> /home/heybat/Desktop/miniproject/build/turtle_project/build/lib/turtle_project
[7.278s] running install
[7.279s] running install_lib
[7.283s] creating /home/heybat/Desktop/miniproject/install/turtle_project/lib/python3.10/site-packages/turtle_project
[7.283s] copying /home/heybat/Desktop/miniproject/build/turtle_project/build/lib/turtle_project/__init__.py -> /home/heybat/Desktop/miniproject/install/turtle_project/lib/python3.10/site-packages/turtle_project
[7.284s] copying /home/heybat/Desktop/miniproject/build/turtle_project/build/lib/turtle_project/template_python_node.py -> /home/heybat/Desktop/miniproject/install/turtle_project/lib/python3.10/site-packages/turtle_project
[7.285s] copying /home/heybat/Desktop/miniproject/build/turtle_project/build/lib/turtle_project/turtle_controller.py -> /home/heybat/Desktop/miniproject/install/turtle_project/lib/python3.10/site-packages/turtle_project
[7.289s] byte-compiling /home/heybat/Desktop/miniproject/install/turtle_project/lib/python3.10/site-packages/turtle_project/__init__.py to __init__.cpython-310.pyc
[7.292s] byte-compiling /home/heybat/Desktop/miniproject/install/turtle_project/lib/python3.10/site-packages/turtle_project/template_python_node.py to template_python_node.cpython-310.pyc
[7.295s] byte-compiling /home/heybat/Desktop/miniproject/install/turtle_project/lib/python3.10/site-packages/turtle_project/turtle_controller.py to turtle_controller.cpython-310.pyc
[7.297s] running install_data
[7.300s] copying package.xml -> /home/heybat/Desktop/miniproject/install/turtle_project/share/turtle_project
[7.300s] running install_egg_info
[7.307s] Copying ../../build/turtle_project/turtle_project.egg-info to /home/heybat/Desktop/miniproject/install/turtle_project/lib/python3.10/site-packages/turtle_project-0.0.0-py3.10.egg-info
[7.314s] running install_scripts
[7.405s] Installing turtle_controller script to /home/heybat/Desktop/miniproject/install/turtle_project/lib/turtle_project
[7.409s] writing list of installed files to '/home/heybat/Desktop/miniproject/build/turtle_project/install.log'
[7.567s] Invoked command in '/home/heybat/Desktop/miniproject/src/turtle_project' returned '0': PYTHONPATH=/home/heybat/Desktop/miniproject/build/turtle_project/prefix_override:/home/heybat/Desktop/miniproject/install/turtle_project/lib/python3.10/site-packages:${PYTHONPATH} /usr/bin/python3 setup.py egg_info --egg-base ../../build/turtle_project build --build-base /home/heybat/Desktop/miniproject/build/turtle_project/build install --record /home/heybat/Desktop/miniproject/build/turtle_project/install.log --single-version-externally-managed
