[1.597s] DEBUG:colcon:Command line arguments: ['/usr/bin/colcon', 'build', '--symlink-install']
[1.598s] DEBUG:colcon:Parsed command line arguments: Namespace(log_base=None, log_level=None, verb_name='build', build_base='build', install_base='install', merge_install=False, symlink_install=True, test_result_base=None, continue_on_error=False, executor='parallel', parallel_workers=4, event_handlers=None, ignore_user_meta=False, metas=['./colcon.meta'], base_paths=['.'], packages_ignore=None, packages_ignore_regex=None, paths=None, packages_up_to=None, packages_up_to_regex=None, packages_above=None, packages_above_and_dependencies=None, packages_above_depth=None, packages_select_by_dep=None, packages_skip_by_dep=None, packages_skip_up_to=None, packages_select_build_failed=False, packages_skip_build_finished=False, packages_select_test_failures=False, packages_skip_test_passed=False, packages_select=None, packages_skip=None, packages_select_regex=None, packages_skip_regex=None, packages_start=None, packages_end=None, allow_overriding=[], cmake_args=None, cmake_target=None, cmake_target_skip_unavailable=False, cmake_clean_cache=False, cmake_clean_first=False, cmake_force_configure=False, ament_cmake_args=None, catkin_cmake_args=None, catkin_skip_building_tests=False, verb_parser=<colcon_defaults.argument_parser.defaults.DefaultArgumentsDecorator object at 0xffff8beb78e0>, verb_extension=<colcon_core.verb.build.BuildVerb object at 0xffff8bf60760>, main=<bound method BuildVerb.main of <colcon_core.verb.build.BuildVerb object at 0xffff8bf60760>>)
[1.729s] Level 1:colcon.colcon_core.package_discovery:discover_packages(colcon_meta) check parameters
[1.730s] Level 1:colcon.colcon_core.package_discovery:discover_packages(recursive) check parameters
[1.730s] Level 1:colcon.colcon_core.package_discovery:discover_packages(ignore) check parameters
[1.731s] Level 1:colcon.colcon_core.package_discovery:discover_packages(path) check parameters
[1.731s] Level 1:colcon.colcon_core.package_discovery:discover_packages(colcon_meta) discover
[1.732s] Level 1:colcon.colcon_core.package_discovery:discover_packages(recursive) discover
[1.733s] INFO:colcon.colcon_core.package_discovery:Crawling recursively for packages in '/home/heybat/Desktop/miniproject'
[1.734s] Level 1:colcon.colcon_core.package_identification:_identify(.) by extensions ['ignore', 'ignore_ament_install']
[1.734s] Level 1:colcon.colcon_core.package_identification:_identify(.) by extension 'ignore'
[1.735s] Level 1:colcon.colcon_core.package_identification:_identify(.) by extension 'ignore_ament_install'
[1.735s] Level 1:colcon.colcon_core.package_identification:_identify(.) by extensions ['colcon_pkg']
[1.736s] Level 1:colcon.colcon_core.package_identification:_identify(.) by extension 'colcon_pkg'
[1.736s] Level 1:colcon.colcon_core.package_identification:_identify(.) by extensions ['colcon_meta']
[1.736s] Level 1:colcon.colcon_core.package_identification:_identify(.) by extension 'colcon_meta'
[1.737s] Level 1:colcon.colcon_core.package_identification:_identify(.) by extensions ['ros']
[1.737s] Level 1:colcon.colcon_core.package_identification:_identify(.) by extension 'ros'
[1.794s] Level 1:colcon.colcon_core.package_identification:_identify(.) by extensions ['cmake', 'python']
[1.794s] Level 1:colcon.colcon_core.package_identification:_identify(.) by extension 'cmake'
[1.794s] Level 1:colcon.colcon_core.package_identification:_identify(.) by extension 'python'
[1.795s] Level 1:colcon.colcon_core.package_identification:_identify(.) by extensions ['python_setup_py']
[1.795s] Level 1:colcon.colcon_core.package_identification:_identify(.) by extension 'python_setup_py'
[1.796s] Level 1:colcon.colcon_core.package_identification:_identify(build) by extensions ['ignore', 'ignore_ament_install']
[1.796s] Level 1:colcon.colcon_core.package_identification:_identify(build) by extension 'ignore'
[1.797s] Level 1:colcon.colcon_core.package_identification:_identify(build) ignored
[1.798s] Level 1:colcon.colcon_core.package_identification:_identify(install) by extensions ['ignore', 'ignore_ament_install']
[1.798s] Level 1:colcon.colcon_core.package_identification:_identify(install) by extension 'ignore'
[1.799s] Level 1:colcon.colcon_core.package_identification:_identify(install) ignored
[1.800s] Level 1:colcon.colcon_core.package_identification:_identify(log) by extensions ['ignore', 'ignore_ament_install']
[1.800s] Level 1:colcon.colcon_core.package_identification:_identify(log) by extension 'ignore'
[1.801s] Level 1:colcon.colcon_core.package_identification:_identify(log) ignored
[1.801s] Level 1:colcon.colcon_core.package_identification:_identify(src) by extensions ['ignore', 'ignore_ament_install']
[1.802s] Level 1:colcon.colcon_core.package_identification:_identify(src) by extension 'ignore'
[1.802s] Level 1:colcon.colcon_core.package_identification:_identify(src) by extension 'ignore_ament_install'
[1.803s] Level 1:colcon.colcon_core.package_identification:_identify(src) by extensions ['colcon_pkg']
[1.803s] Level 1:colcon.colcon_core.package_identification:_identify(src) by extension 'colcon_pkg'
[1.803s] Level 1:colcon.colcon_core.package_identification:_identify(src) by extensions ['colcon_meta']
[1.804s] Level 1:colcon.colcon_core.package_identification:_identify(src) by extension 'colcon_meta'
[1.804s] Level 1:colcon.colcon_core.package_identification:_identify(src) by extensions ['ros']
[1.805s] Level 1:colcon.colcon_core.package_identification:_identify(src) by extension 'ros'
[1.805s] Level 1:colcon.colcon_core.package_identification:_identify(src) by extensions ['cmake', 'python']
[1.806s] Level 1:colcon.colcon_core.package_identification:_identify(src) by extension 'cmake'
[1.806s] Level 1:colcon.colcon_core.package_identification:_identify(src) by extension 'python'
[1.807s] Level 1:colcon.colcon_core.package_identification:_identify(src) by extensions ['python_setup_py']
[1.807s] Level 1:colcon.colcon_core.package_identification:_identify(src) by extension 'python_setup_py'
[1.808s] Level 1:colcon.colcon_core.package_identification:_identify(src/robot_interfaces) by extensions ['ignore', 'ignore_ament_install']
[1.808s] Level 1:colcon.colcon_core.package_identification:_identify(src/robot_interfaces) by extension 'ignore'
[1.809s] Level 1:colcon.colcon_core.package_identification:_identify(src/robot_interfaces) by extension 'ignore_ament_install'
[1.809s] Level 1:colcon.colcon_core.package_identification:_identify(src/robot_interfaces) by extensions ['colcon_pkg']
[1.809s] Level 1:colcon.colcon_core.package_identification:_identify(src/robot_interfaces) by extension 'colcon_pkg'
[1.809s] Level 1:colcon.colcon_core.package_identification:_identify(src/robot_interfaces) by extensions ['colcon_meta']
[1.810s] Level 1:colcon.colcon_core.package_identification:_identify(src/robot_interfaces) by extension 'colcon_meta'
[1.810s] Level 1:colcon.colcon_core.package_identification:_identify(src/robot_interfaces) by extensions ['ros']
[1.810s] Level 1:colcon.colcon_core.package_identification:_identify(src/robot_interfaces) by extension 'ros'
[1.819s] DEBUG:colcon.colcon_core.package_identification:Package 'src/robot_interfaces' with type 'ros.ament_cmake' and name 'robot_interfaces'
[1.820s] Level 1:colcon.colcon_core.package_identification:_identify(src/turtle_project) by extensions ['ignore', 'ignore_ament_install']
[1.821s] Level 1:colcon.colcon_core.package_identification:_identify(src/turtle_project) by extension 'ignore'
[1.821s] Level 1:colcon.colcon_core.package_identification:_identify(src/turtle_project) by extension 'ignore_ament_install'
[1.822s] Level 1:colcon.colcon_core.package_identification:_identify(src/turtle_project) by extensions ['colcon_pkg']
[1.822s] Level 1:colcon.colcon_core.package_identification:_identify(src/turtle_project) by extension 'colcon_pkg'
[1.822s] Level 1:colcon.colcon_core.package_identification:_identify(src/turtle_project) by extensions ['colcon_meta']
[1.822s] Level 1:colcon.colcon_core.package_identification:_identify(src/turtle_project) by extension 'colcon_meta'
[1.822s] Level 1:colcon.colcon_core.package_identification:_identify(src/turtle_project) by extensions ['ros']
[1.823s] Level 1:colcon.colcon_core.package_identification:_identify(src/turtle_project) by extension 'ros'
[1.827s] DEBUG:colcon.colcon_core.package_identification:Package 'src/turtle_project' with type 'ros.ament_python' and name 'turtle_project'
[1.828s] Level 1:colcon.colcon_core.package_discovery:discover_packages(recursive) using defaults
[1.828s] Level 1:colcon.colcon_core.package_discovery:discover_packages(ignore) discover
[1.828s] Level 1:colcon.colcon_core.package_discovery:discover_packages(ignore) using defaults
[1.828s] Level 1:colcon.colcon_core.package_discovery:discover_packages(path) discover
[1.828s] Level 1:colcon.colcon_core.package_discovery:discover_packages(path) using defaults
[1.940s] Level 1:colcon.colcon_core.package_discovery:discover_packages(prefix_path) check parameters
[1.941s] Level 1:colcon.colcon_core.package_discovery:discover_packages(prefix_path) discover
[1.955s] DEBUG:colcon.colcon_installed_package_information.package_discovery:Found 2 installed packages in /home/heybat/Desktop/miniproject/install
[1.960s] DEBUG:colcon.colcon_installed_package_information.package_discovery:Found 1 installed packages in /home/heybat/Desktop/ROS/ActivitywithROS/Activity2_Ros2/install
[1.964s] DEBUG:colcon.colcon_installed_package_information.package_discovery:Found 1 installed packages in /home/heybat/Desktop/ros2_ws2/install
[1.969s] DEBUG:colcon.colcon_installed_package_information.package_discovery:Found 2 installed packages in /home/heybat/Desktop/ws_ros2/install
[1.980s] DEBUG:colcon.colcon_installed_package_information.package_discovery:Found 270 installed packages in /opt/ros/humble
[1.986s] Level 1:colcon.colcon_core.package_discovery:discover_packages(prefix_path) using defaults
[2.280s] Level 5:colcon.colcon_core.verb:set package 'robot_interfaces' build argument 'cmake_args' from command line to 'None'
[2.281s] Level 5:colcon.colcon_core.verb:set package 'robot_interfaces' build argument 'cmake_target' from command line to 'None'
[2.281s] Level 5:colcon.colcon_core.verb:set package 'robot_interfaces' build argument 'cmake_target_skip_unavailable' from command line to 'False'
[2.281s] Level 5:colcon.colcon_core.verb:set package 'robot_interfaces' build argument 'cmake_clean_cache' from command line to 'False'
[2.282s] Level 5:colcon.colcon_core.verb:set package 'robot_interfaces' build argument 'cmake_clean_first' from command line to 'False'
[2.282s] Level 5:colcon.colcon_core.verb:set package 'robot_interfaces' build argument 'cmake_force_configure' from command line to 'False'
[2.282s] Level 5:colcon.colcon_core.verb:set package 'robot_interfaces' build argument 'ament_cmake_args' from command line to 'None'
[2.283s] Level 5:colcon.colcon_core.verb:set package 'robot_interfaces' build argument 'catkin_cmake_args' from command line to 'None'
[2.283s] Level 5:colcon.colcon_core.verb:set package 'robot_interfaces' build argument 'catkin_skip_building_tests' from command line to 'False'
[2.283s] DEBUG:colcon.colcon_core.verb:Building package 'robot_interfaces' with the following arguments: {'ament_cmake_args': None, 'build_base': '/home/heybat/Desktop/miniproject/build/robot_interfaces', 'catkin_cmake_args': None, 'catkin_skip_building_tests': False, 'cmake_args': None, 'cmake_clean_cache': False, 'cmake_clean_first': False, 'cmake_force_configure': False, 'cmake_target': None, 'cmake_target_skip_unavailable': False, 'install_base': '/home/heybat/Desktop/miniproject/install/robot_interfaces', 'merge_install': False, 'path': '/home/heybat/Desktop/miniproject/src/robot_interfaces', 'symlink_install': True, 'test_result_base': None}
[2.289s] Level 5:colcon.colcon_core.verb:set package 'turtle_project' build argument 'cmake_args' from command line to 'None'
[2.289s] Level 5:colcon.colcon_core.verb:set package 'turtle_project' build argument 'cmake_target' from command line to 'None'
[2.289s] Level 5:colcon.colcon_core.verb:set package 'turtle_project' build argument 'cmake_target_skip_unavailable' from command line to 'False'
[2.290s] Level 5:colcon.colcon_core.verb:set package 'turtle_project' build argument 'cmake_clean_cache' from command line to 'False'
[2.290s] Level 5:colcon.colcon_core.verb:set package 'turtle_project' build argument 'cmake_clean_first' from command line to 'False'
[2.290s] Level 5:colcon.colcon_core.verb:set package 'turtle_project' build argument 'cmake_force_configure' from command line to 'False'
[2.290s] Level 5:colcon.colcon_core.verb:set package 'turtle_project' build argument 'ament_cmake_args' from command line to 'None'
[2.290s] Level 5:colcon.colcon_core.verb:set package 'turtle_project' build argument 'catkin_cmake_args' from command line to 'None'
[2.291s] Level 5:colcon.colcon_core.verb:set package 'turtle_project' build argument 'catkin_skip_building_tests' from command line to 'False'
[2.291s] DEBUG:colcon.colcon_core.verb:Building package 'turtle_project' with the following arguments: {'ament_cmake_args': None, 'build_base': '/home/heybat/Desktop/miniproject/build/turtle_project', 'catkin_cmake_args': None, 'catkin_skip_building_tests': False, 'cmake_args': None, 'cmake_clean_cache': False, 'cmake_clean_first': False, 'cmake_force_configure': False, 'cmake_target': None, 'cmake_target_skip_unavailable': False, 'install_base': '/home/heybat/Desktop/miniproject/install/turtle_project', 'merge_install': False, 'path': '/home/heybat/Desktop/miniproject/src/turtle_project', 'symlink_install': True, 'test_result_base': None}
[2.295s] INFO:colcon.colcon_core.executor:Executing jobs using 'parallel' executor
[2.313s] DEBUG:colcon.colcon_parallel_executor.executor.parallel:run_until_complete
[2.314s] INFO:colcon.colcon_ros.task.ament_cmake.build:Building ROS package in '/home/heybat/Desktop/miniproject/src/robot_interfaces' with build type 'ament_cmake'
[2.315s] INFO:colcon.colcon_cmake.task.cmake.build:Building CMake package in '/home/heybat/Desktop/miniproject/src/robot_interfaces'
[2.343s] INFO:colcon.colcon_core.plugin_system:Skipping extension 'colcon_core.shell.bat': Not used on non-Windows systems
[2.345s] INFO:colcon.colcon_core.shell:Skip shell extension 'powershell' for command environment: Not usable outside of PowerShell
[2.345s] DEBUG:colcon.colcon_core.shell:Skip shell extension 'dsv' for command environment
[2.399s] INFO:colcon.colcon_ros.task.ament_python.build:Building ROS package in '/home/heybat/Desktop/miniproject/src/turtle_project' with build type 'ament_python'
[2.400s] Level 1:colcon.colcon_core.shell:create_environment_hook('turtle_project', 'ament_prefix_path')
[2.410s] INFO:colcon.colcon_core.shell:Creating environment hook '/home/heybat/Desktop/miniproject/install/turtle_project/share/turtle_project/hook/ament_prefix_path.ps1'
[2.416s] INFO:colcon.colcon_core.shell:Creating environment descriptor '/home/heybat/Desktop/miniproject/install/turtle_project/share/turtle_project/hook/ament_prefix_path.dsv'
[2.422s] INFO:colcon.colcon_core.shell:Creating environment hook '/home/heybat/Desktop/miniproject/install/turtle_project/share/turtle_project/hook/ament_prefix_path.sh'
[2.439s] INFO:colcon.colcon_core.shell:Skip shell extension 'powershell' for command environment: Not usable outside of PowerShell
[2.440s] DEBUG:colcon.colcon_core.shell:Skip shell extension 'dsv' for command environment
[2.571s] DEBUG:colcon.colcon_core.event_handler.log_command:Invoking command in '/home/heybat/Desktop/miniproject/build/robot_interfaces': CMAKE_PREFIX_PATH=${CMAKE_PREFIX_PATH}:/home/heybat/Desktop/miniproject/install/turtle_project:/home/heybat/Desktop/ws_ros2/install/my_robot_controller:/home/heybat/Desktop/ROS/ActivitywithROS/Activity2_Ros2/install/my_second_pkg:/home/heybat/Desktop/ros2_ws2/install/my_first_pkg:/opt/ros/humble /usr/bin/cmake --build /home/heybat/Desktop/miniproject/build/robot_interfaces -- -j4 -l4
[4.427s] INFO:colcon.colcon_core.task.python.build:Building Python package in '/home/heybat/Desktop/miniproject/src/turtle_project'
[4.433s] INFO:colcon.colcon_core.shell:Skip shell extension 'powershell' for command environment: Not usable outside of PowerShell
[4.433s] DEBUG:colcon.colcon_core.shell:Skip shell extension 'dsv' for command environment
[7.132s] DEBUG:colcon.colcon_core.event_handler.log_command:Invoking command in '/home/heybat/Desktop/miniproject/build/turtle_project': PYTHONPATH=/home/heybat/Desktop/miniproject/build/turtle_project/prefix_override:/home/heybat/Desktop/miniproject/install/turtle_project/lib/python3.10/site-packages:${PYTHONPATH} /usr/bin/python3 setup.py develop --editable --build-directory /home/heybat/Desktop/miniproject/build/turtle_project/build --no-deps install_data
[11.864s] Level 1:colcon.colcon_core.shell:create_environment_hook('turtle_project', 'pythonpath_develop')
[11.867s] DEBUG:colcon.colcon_core.event_handler.log_command:Invoked command in '/home/heybat/Desktop/miniproject/build/turtle_project' returned '0': PYTHONPATH=/home/heybat/Desktop/miniproject/build/turtle_project/prefix_override:/home/heybat/Desktop/miniproject/install/turtle_project/lib/python3.10/site-packages:${PYTHONPATH} /usr/bin/python3 setup.py develop --editable --build-directory /home/heybat/Desktop/miniproject/build/turtle_project/build --no-deps install_data
[11.889s] INFO:colcon.colcon_core.shell:Creating environment hook '/home/heybat/Desktop/miniproject/build/turtle_project/share/turtle_project/hook/pythonpath_develop.ps1'
[11.907s] INFO:colcon.colcon_core.shell:Creating environment descriptor '/home/heybat/Desktop/miniproject/build/turtle_project/share/turtle_project/hook/pythonpath_develop.dsv'
[11.909s] INFO:colcon.colcon_core.shell:Creating environment hook '/home/heybat/Desktop/miniproject/build/turtle_project/share/turtle_project/hook/pythonpath_develop.sh'
[12.009s] Level 1:colcon.colcon_core.environment:checking '/home/heybat/Desktop/miniproject/install/turtle_project' for CMake module files
[12.028s] Level 1:colcon.colcon_core.environment:checking '/home/heybat/Desktop/miniproject/install/turtle_project' for CMake config files
[12.032s] Level 1:colcon.colcon_core.environment:checking '/home/heybat/Desktop/miniproject/install/turtle_project/lib'
[12.033s] Level 1:colcon.colcon_core.environment:checking '/home/heybat/Desktop/miniproject/install/turtle_project/bin'
[12.034s] Level 1:colcon.colcon_core.environment:checking '/home/heybat/Desktop/miniproject/install/turtle_project/lib/pkgconfig/turtle_project.pc'
[12.037s] Level 1:colcon.colcon_core.environment:checking '/home/heybat/Desktop/miniproject/install/turtle_project/lib/python3.10/site-packages'
[12.042s] Level 1:colcon.colcon_core.shell:create_environment_hook('turtle_project', 'pythonpath')
[12.051s] INFO:colcon.colcon_core.shell:Creating environment hook '/home/heybat/Desktop/miniproject/install/turtle_project/share/turtle_project/hook/pythonpath.ps1'
[12.056s] INFO:colcon.colcon_core.shell:Creating environment descriptor '/home/heybat/Desktop/miniproject/install/turtle_project/share/turtle_project/hook/pythonpath.dsv'
[12.059s] INFO:colcon.colcon_core.shell:Creating environment hook '/home/heybat/Desktop/miniproject/install/turtle_project/share/turtle_project/hook/pythonpath.sh'
[12.063s] Level 1:colcon.colcon_core.environment:checking '/home/heybat/Desktop/miniproject/install/turtle_project/bin'
[12.064s] Level 1:colcon.colcon_core.environment:create_environment_scripts_only(turtle_project)
[12.073s] INFO:colcon.colcon_core.shell:Creating package script '/home/heybat/Desktop/miniproject/install/turtle_project/share/turtle_project/package.ps1'
[12.082s] INFO:colcon.colcon_core.shell:Creating package descriptor '/home/heybat/Desktop/miniproject/install/turtle_project/share/turtle_project/package.dsv'
[12.091s] INFO:colcon.colcon_core.shell:Creating package script '/home/heybat/Desktop/miniproject/install/turtle_project/share/turtle_project/package.sh'
[12.098s] INFO:colcon.colcon_core.shell:Creating package script '/home/heybat/Desktop/miniproject/install/turtle_project/share/turtle_project/package.bash'
[12.106s] INFO:colcon.colcon_core.shell:Creating package script '/home/heybat/Desktop/miniproject/install/turtle_project/share/turtle_project/package.zsh'
[12.113s] Level 1:colcon.colcon_core.environment:create_file_with_runtime_dependencies(/home/heybat/Desktop/miniproject/install/turtle_project/share/colcon-core/packages/turtle_project)
[13.261s] DEBUG:colcon.colcon_core.event_handler.log_command:Invoked command in '/home/heybat/Desktop/miniproject/build/robot_interfaces' returned '0': CMAKE_PREFIX_PATH=${CMAKE_PREFIX_PATH}:/home/heybat/Desktop/miniproject/install/turtle_project:/home/heybat/Desktop/ws_ros2/install/my_robot_controller:/home/heybat/Desktop/ROS/ActivitywithROS/Activity2_Ros2/install/my_second_pkg:/home/heybat/Desktop/ros2_ws2/install/my_first_pkg:/opt/ros/humble /usr/bin/cmake --build /home/heybat/Desktop/miniproject/build/robot_interfaces -- -j4 -l4
[14.170s] DEBUG:colcon.colcon_core.event_handler.log_command:Invoking command in '/home/heybat/Desktop/miniproject/build/robot_interfaces': CMAKE_PREFIX_PATH=${CMAKE_PREFIX_PATH}:/home/heybat/Desktop/miniproject/install/turtle_project:/home/heybat/Desktop/ws_ros2/install/my_robot_controller:/home/heybat/Desktop/ROS/ActivitywithROS/Activity2_Ros2/install/my_second_pkg:/home/heybat/Desktop/ros2_ws2/install/my_first_pkg:/opt/ros/humble /usr/bin/cmake --install /home/heybat/Desktop/miniproject/build/robot_interfaces
[14.884s] Level 1:colcon.colcon_core.environment:create_environment_scripts_only(robot_interfaces)
[14.895s] Level 1:colcon.colcon_core.environment:checking '/home/heybat/Desktop/miniproject/install/robot_interfaces' for CMake module files
[14.899s] DEBUG:colcon.colcon_core.event_handler.log_command:Invoked command in '/home/heybat/Desktop/miniproject/build/robot_interfaces' returned '0': CMAKE_PREFIX_PATH=${CMAKE_PREFIX_PATH}:/home/heybat/Desktop/miniproject/install/turtle_project:/home/heybat/Desktop/ws_ros2/install/my_robot_controller:/home/heybat/Desktop/ROS/ActivitywithROS/Activity2_Ros2/install/my_second_pkg:/home/heybat/Desktop/ros2_ws2/install/my_first_pkg:/opt/ros/humble /usr/bin/cmake --install /home/heybat/Desktop/miniproject/build/robot_interfaces
[14.922s] Level 1:colcon.colcon_core.environment:checking '/home/heybat/Desktop/miniproject/install/robot_interfaces' for CMake config files
[14.937s] Level 1:colcon.colcon_core.shell:create_environment_hook('robot_interfaces', 'cmake_prefix_path')
[14.971s] INFO:colcon.colcon_core.shell:Creating environment hook '/home/heybat/Desktop/miniproject/install/robot_interfaces/share/robot_interfaces/hook/cmake_prefix_path.ps1'
[14.975s] INFO:colcon.colcon_core.shell:Creating environment descriptor '/home/heybat/Desktop/miniproject/install/robot_interfaces/share/robot_interfaces/hook/cmake_prefix_path.dsv'
[14.979s] INFO:colcon.colcon_core.shell:Creating environment hook '/home/heybat/Desktop/miniproject/install/robot_interfaces/share/robot_interfaces/hook/cmake_prefix_path.sh'
[14.986s] Level 1:colcon.colcon_core.environment:checking '/home/heybat/Desktop/miniproject/install/robot_interfaces/lib'
[14.987s] Level 1:colcon.colcon_core.shell:create_environment_hook('robot_interfaces', 'ld_library_path_lib')
[14.995s] INFO:colcon.colcon_core.shell:Creating environment hook '/home/heybat/Desktop/miniproject/install/robot_interfaces/share/robot_interfaces/hook/ld_library_path_lib.ps1'
[15.000s] INFO:colcon.colcon_core.shell:Creating environment descriptor '/home/heybat/Desktop/miniproject/install/robot_interfaces/share/robot_interfaces/hook/ld_library_path_lib.dsv'
[15.004s] INFO:colcon.colcon_core.shell:Creating environment hook '/home/heybat/Desktop/miniproject/install/robot_interfaces/share/robot_interfaces/hook/ld_library_path_lib.sh'
[15.009s] Level 1:colcon.colcon_core.environment:checking '/home/heybat/Desktop/miniproject/install/robot_interfaces/bin'
[15.010s] Level 1:colcon.colcon_core.environment:checking '/home/heybat/Desktop/miniproject/install/robot_interfaces/lib/pkgconfig/robot_interfaces.pc'
[15.012s] Level 1:colcon.colcon_core.environment:checking '/home/heybat/Desktop/miniproject/install/robot_interfaces/lib/python3.10/site-packages'
[15.016s] Level 1:colcon.colcon_core.environment:checking '/home/heybat/Desktop/miniproject/install/robot_interfaces/bin'
[15.027s] INFO:colcon.colcon_core.shell:Creating package script '/home/heybat/Desktop/miniproject/install/robot_interfaces/share/robot_interfaces/package.ps1'
[15.034s] INFO:colcon.colcon_core.shell:Creating package descriptor '/home/heybat/Desktop/miniproject/install/robot_interfaces/share/robot_interfaces/package.dsv'
[15.038s] INFO:colcon.colcon_core.shell:Creating package script '/home/heybat/Desktop/miniproject/install/robot_interfaces/share/robot_interfaces/package.sh'
[15.042s] INFO:colcon.colcon_core.shell:Creating package script '/home/heybat/Desktop/miniproject/install/robot_interfaces/share/robot_interfaces/package.bash'
[15.045s] INFO:colcon.colcon_core.shell:Creating package script '/home/heybat/Desktop/miniproject/install/robot_interfaces/share/robot_interfaces/package.zsh'
[15.049s] Level 1:colcon.colcon_core.environment:create_file_with_runtime_dependencies(/home/heybat/Desktop/miniproject/install/robot_interfaces/share/colcon-core/packages/robot_interfaces)
[15.674s] Level 1:colcon.colcon_core.environment:create_environment_scripts_only(robot_interfaces)
[15.687s] Level 1:colcon.colcon_core.environment:checking '/home/heybat/Desktop/miniproject/install/robot_interfaces' for CMake module files
[15.693s] Level 1:colcon.colcon_core.environment:checking '/home/heybat/Desktop/miniproject/install/robot_interfaces' for CMake config files
[15.696s] Level 1:colcon.colcon_core.shell:create_environment_hook('robot_interfaces', 'cmake_prefix_path')
[15.704s] INFO:colcon.colcon_core.shell:Creating environment hook '/home/heybat/Desktop/miniproject/install/robot_interfaces/share/robot_interfaces/hook/cmake_prefix_path.ps1'
[15.707s] INFO:colcon.colcon_core.shell:Creating environment descriptor '/home/heybat/Desktop/miniproject/install/robot_interfaces/share/robot_interfaces/hook/cmake_prefix_path.dsv'
[15.709s] INFO:colcon.colcon_core.shell:Creating environment hook '/home/heybat/Desktop/miniproject/install/robot_interfaces/share/robot_interfaces/hook/cmake_prefix_path.sh'
[15.713s] Level 1:colcon.colcon_core.environment:checking '/home/heybat/Desktop/miniproject/install/robot_interfaces/lib'
[15.714s] Level 1:colcon.colcon_core.shell:create_environment_hook('robot_interfaces', 'ld_library_path_lib')
[15.725s] INFO:colcon.colcon_core.shell:Creating environment hook '/home/heybat/Desktop/miniproject/install/robot_interfaces/share/robot_interfaces/hook/ld_library_path_lib.ps1'
[15.728s] INFO:colcon.colcon_core.shell:Creating environment descriptor '/home/heybat/Desktop/miniproject/install/robot_interfaces/share/robot_interfaces/hook/ld_library_path_lib.dsv'
[15.731s] INFO:colcon.colcon_core.shell:Creating environment hook '/home/heybat/Desktop/miniproject/install/robot_interfaces/share/robot_interfaces/hook/ld_library_path_lib.sh'
[15.735s] Level 1:colcon.colcon_core.environment:checking '/home/heybat/Desktop/miniproject/install/robot_interfaces/bin'
[15.735s] Level 1:colcon.colcon_core.environment:checking '/home/heybat/Desktop/miniproject/install/robot_interfaces/lib/pkgconfig/robot_interfaces.pc'
[15.737s] Level 1:colcon.colcon_core.environment:checking '/home/heybat/Desktop/miniproject/install/robot_interfaces/lib/python3.10/site-packages'
[15.739s] Level 1:colcon.colcon_core.environment:checking '/home/heybat/Desktop/miniproject/install/robot_interfaces/bin'
[15.747s] INFO:colcon.colcon_core.shell:Creating package script '/home/heybat/Desktop/miniproject/install/robot_interfaces/share/robot_interfaces/package.ps1'
[15.751s] INFO:colcon.colcon_core.shell:Creating package descriptor '/home/heybat/Desktop/miniproject/install/robot_interfaces/share/robot_interfaces/package.dsv'
[15.756s] INFO:colcon.colcon_core.shell:Creating package script '/home/heybat/Desktop/miniproject/install/robot_interfaces/share/robot_interfaces/package.sh'
[15.760s] INFO:colcon.colcon_core.shell:Creating package script '/home/heybat/Desktop/miniproject/install/robot_interfaces/share/robot_interfaces/package.bash'
[15.764s] INFO:colcon.colcon_core.shell:Creating package script '/home/heybat/Desktop/miniproject/install/robot_interfaces/share/robot_interfaces/package.zsh'
[15.769s] Level 1:colcon.colcon_core.environment:create_file_with_runtime_dependencies(/home/heybat/Desktop/miniproject/install/robot_interfaces/share/colcon-core/packages/robot_interfaces)
[15.773s] DEBUG:colcon.colcon_parallel_executor.executor.parallel:closing loop
[15.776s] DEBUG:colcon.colcon_parallel_executor.executor.parallel:loop closed
[15.776s] DEBUG:colcon.colcon_parallel_executor.executor.parallel:run_until_complete finished with '0'
[15.777s] DEBUG:colcon.colcon_core.event_reactor:joining thread
[15.820s] INFO:colcon.colcon_core.plugin_system:Skipping extension 'colcon_notification.desktop_notification.terminal_notifier': Not used on non-Darwin systems
[15.820s] INFO:colcon.colcon_core.plugin_system:Skipping extension 'colcon_notification.desktop_notification.win32': Not used on non-Windows systems
[15.821s] INFO:colcon.colcon_notification.desktop_notification:Sending desktop notification using 'notify2'
[15.890s] DEBUG:colcon.colcon_core.event_reactor:joined thread
[15.900s] INFO:colcon.colcon_core.shell:Creating prefix script '/home/heybat/Desktop/miniproject/install/local_setup.ps1'
[15.906s] INFO:colcon.colcon_core.shell:Creating prefix util module '/home/heybat/Desktop/miniproject/install/_local_setup_util_ps1.py'
[15.915s] INFO:colcon.colcon_core.shell:Creating prefix chain script '/home/heybat/Desktop/miniproject/install/setup.ps1'
[15.933s] INFO:colcon.colcon_core.shell:Creating prefix script '/home/heybat/Desktop/miniproject/install/local_setup.sh'
[15.937s] INFO:colcon.colcon_core.shell:Creating prefix util module '/home/heybat/Desktop/miniproject/install/_local_setup_util_sh.py'
[15.942s] INFO:colcon.colcon_core.shell:Creating prefix chain script '/home/heybat/Desktop/miniproject/install/setup.sh'
[15.957s] INFO:colcon.colcon_core.shell:Creating prefix script '/home/heybat/Desktop/miniproject/install/local_setup.bash'
[15.961s] INFO:colcon.colcon_core.shell:Creating prefix chain script '/home/heybat/Desktop/miniproject/install/setup.bash'
[15.975s] INFO:colcon.colcon_core.shell:Creating prefix script '/home/heybat/Desktop/miniproject/install/local_setup.zsh'
[15.979s] INFO:colcon.colcon_core.shell:Creating prefix chain script '/home/heybat/Desktop/miniproject/install/setup.zsh'
