[0.202s] Invoking command in '/home/heybat/Desktop/miniproject/build/robot_interfaces': CMAKE_PREFIX_PATH=${CMAKE_PREFIX_PATH}:/home/heybat/Desktop/miniproject/install/turtle_project:/home/heybat/Desktop/ws_ros2/install/my_robot_controller:/home/heybat/Desktop/ROS/ActivitywithROS/Activity2_Ros2/install/my_second_pkg:/home/heybat/Desktop/ros2_ws2/install/my_first_pkg:/opt/ros/humble /usr/bin/cmake /home/heybat/Desktop/miniproject/src/robot_interfaces -DAMENT_CMAKE_SYMLINK_INSTALL=1 -DCMAKE_INSTALL_PREFIX=/home/heybat/Desktop/miniproject/install/robot_interfaces
[0.284s] -- Found ament_cmake: 1.3.5 (/opt/ros/humble/share/ament_cmake/cmake)
[1.218s] -- Override CMake install command with custom implementation using symlinks instead of copying resources
[1.268s] -- Found rosidl_default_generators: 1.2.0 (/opt/ros/humble/share/rosidl_default_generators/cmake)
[1.280s] -- Using all available rosidl_typesupport_c: rosidl_typesupport_fastrtps_c;rosidl_typesupport_introspection_c
[1.294s] -- Found rosidl_adapter: 3.1.5 (/opt/ros/humble/share/rosidl_adapter/cmake)
[1.497s] -- Using all available rosidl_typesupport_cpp: rosidl_typesupport_fastrtps_cpp;rosidl_typesupport_introspection_cpp
[3.288s] -- Found ament_cmake_ros: 0.10.0 (/opt/ros/humble/share/ament_cmake_ros/cmake)
[4.463s] -- Using all available rosidl_typesupport_c: rosidl_typesupport_fastrtps_c;rosidl_typesupport_introspection_c
[6.055s] -- Using all available rosidl_typesupport_cpp: rosidl_typesupport_fastrtps_cpp;rosidl_typesupport_introspection_cpp
[6.195s] -- Found python_cmake_module: 0.10.0 (/opt/ros/humble/share/python_cmake_module/cmake)
[6.342s] -- Using PYTHON_EXECUTABLE: /usr/bin/python3
[6.342s] -- Using PYTHON_INCLUDE_DIRS: /usr/include/python3.10
[6.343s] -- Using PYTHON_LIBRARIES: /usr/lib/aarch64-linux-gnu/libpython3.10.so
[6.483s] -- Configuring done
[6.765s] -- Generating done
[6.798s] -- Build files have been written to: /home/heybat/Desktop/miniproject/build/robot_interfaces
[6.841s] Invoked command in '/home/heybat/Desktop/miniproject/build/robot_interfaces' returned '0': CMAKE_PREFIX_PATH=${CMAKE_PREFIX_PATH}:/home/heybat/Desktop/miniproject/install/turtle_project:/home/heybat/Desktop/ws_ros2/install/my_robot_controller:/home/heybat/Desktop/ROS/ActivitywithROS/Activity2_Ros2/install/my_second_pkg:/home/heybat/Desktop/ros2_ws2/install/my_first_pkg:/opt/ros/humble /usr/bin/cmake /home/heybat/Desktop/miniproject/src/robot_interfaces -DAMENT_CMAKE_SYMLINK_INSTALL=1 -DCMAKE_INSTALL_PREFIX=/home/heybat/Desktop/miniproject/install/robot_interfaces
[6.844s] Invoking command in '/home/heybat/Desktop/miniproject/build/robot_interfaces': CMAKE_PREFIX_PATH=${CMAKE_PREFIX_PATH}:/home/heybat/Desktop/miniproject/install/turtle_project:/home/heybat/Desktop/ws_ros2/install/my_robot_controller:/home/heybat/Desktop/ROS/ActivitywithROS/Activity2_Ros2/install/my_second_pkg:/home/heybat/Desktop/ros2_ws2/install/my_first_pkg:/opt/ros/humble /usr/bin/cmake --build /home/heybat/Desktop/miniproject/build/robot_interfaces -- -j4 -l4
[7.297s] [35m[1mConsolidate compiler generated dependencies of target robot_interfaces__rosidl_generator_c[0m
[7.344s] [  2%] Built target robot_interfaces__cpp
[7.426s] [35m[1mConsolidate compiler generated dependencies of target robot_interfaces__rosidl_typesupport_cpp[0m
[7.477s] [  2%] Built target ament_cmake_python_symlink_robot_interfaces
[7.500s] [ 12%] Built target robot_interfaces__rosidl_generator_c
[7.533s] [35m[1mConsolidate compiler generated dependencies of target robot_interfaces__rosidl_typesupport_fastrtps_cpp[0m
[7.689s] [ 23%] Built target robot_interfaces__rosidl_typesupport_cpp
[7.732s] [35m[1mConsolidate compiler generated dependencies of target robot_interfaces__rosidl_typesupport_introspection_cpp[0m
[7.764s] [ 34%] Built target robot_interfaces__rosidl_typesupport_fastrtps_cpp
[7.850s] [35m[1mConsolidate compiler generated dependencies of target robot_interfaces__rosidl_typesupport_fastrtps_c[0m
[7.898s] [35m[1mConsolidate compiler generated dependencies of target robot_interfaces__rosidl_typesupport_introspection_c[0m
[7.936s] [ 44%] Built target robot_interfaces__rosidl_typesupport_introspection_cpp
[7.982s] [ 55%] Built target robot_interfaces__rosidl_typesupport_introspection_c
[8.029s] [35m[1mConsolidate compiler generated dependencies of target robot_interfaces__rosidl_typesupport_c[0m
[8.038s] [ 65%] Built target robot_interfaces__rosidl_typesupport_fastrtps_c
[8.113s] [ 76%] Built target robot_interfaces__rosidl_typesupport_c
[8.375s] [ 76%] Built target robot_interfaces
[8.514s] [ 78%] Built target robot_interfaces__py
[8.604s] [35m[1mConsolidate compiler generated dependencies of target robot_interfaces__rosidl_generator_py[0m
[8.779s] [ 87%] Built target robot_interfaces__rosidl_generator_py
[8.862s] [35m[1mConsolidate compiler generated dependencies of target robot_interfaces__rosidl_typesupport_c__pyext[0m
[8.938s] [35m[1mConsolidate compiler generated dependencies of target robot_interfaces__rosidl_typesupport_introspection_c__pyext[0m
[8.947s] [35m[1mConsolidate compiler generated dependencies of target robot_interfaces__rosidl_typesupport_fastrtps_c__pyext[0m
[9.101s] [ 91%] Built target robot_interfaces__rosidl_typesupport_c__pyext
[9.172s] [ 95%] Built target robot_interfaces__rosidl_typesupport_introspection_c__pyext
[9.180s] [100%] Built target robot_interfaces__rosidl_typesupport_fastrtps_c__pyext
[10.669s] running egg_info
[10.675s] writing robot_interfaces.egg-info/PKG-INFO
[10.678s] writing dependency_links to robot_interfaces.egg-info/dependency_links.txt
[10.681s] writing top-level names to robot_interfaces.egg-info/top_level.txt
[10.695s] reading manifest file 'robot_interfaces.egg-info/SOURCES.txt'
[10.698s] writing manifest file 'robot_interfaces.egg-info/SOURCES.txt'
[10.952s] [100%] Built target ament_cmake_python_build_robot_interfaces_egg
[11.018s] Invoked command in '/home/heybat/Desktop/miniproject/build/robot_interfaces' returned '0': CMAKE_PREFIX_PATH=${CMAKE_PREFIX_PATH}:/home/heybat/Desktop/miniproject/install/turtle_project:/home/heybat/Desktop/ws_ros2/install/my_robot_controller:/home/heybat/Desktop/ROS/ActivitywithROS/Activity2_Ros2/install/my_second_pkg:/home/heybat/Desktop/ros2_ws2/install/my_first_pkg:/opt/ros/humble /usr/bin/cmake --build /home/heybat/Desktop/miniproject/build/robot_interfaces -- -j4 -l4
[12.029s] Invoking command in '/home/heybat/Desktop/miniproject/build/robot_interfaces': CMAKE_PREFIX_PATH=${CMAKE_PREFIX_PATH}:/home/heybat/Desktop/miniproject/install/turtle_project:/home/heybat/Desktop/ws_ros2/install/my_robot_controller:/home/heybat/Desktop/ROS/ActivitywithROS/Activity2_Ros2/install/my_second_pkg:/home/heybat/Desktop/ros2_ws2/install/my_first_pkg:/opt/ros/humble /usr/bin/cmake --install /home/heybat/Desktop/miniproject/build/robot_interfaces
[12.077s] -- Install configuration: ""
[12.080s] -- Execute custom install script
[12.082s] -- Up-to-date symlink: /home/heybat/Desktop/miniproject/install/robot_interfaces/share/ament_index/resource_index/rosidl_interfaces/robot_interfaces
[12.087s] -- Up-to-date symlink: /home/heybat/Desktop/miniproject/install/robot_interfaces/include/robot_interfaces/robot_interfaces/msg/detail/turtle__functions.h
[12.089s] -- Up-to-date symlink: /home/heybat/Desktop/miniproject/install/robot_interfaces/include/robot_interfaces/robot_interfaces/msg/detail/turtle__struct.h
[12.090s] -- Up-to-date symlink: /home/heybat/Desktop/miniproject/install/robot_interfaces/include/robot_interfaces/robot_interfaces/msg/detail/turtle__type_support.h
[12.091s] -- Up-to-date symlink: /home/heybat/Desktop/miniproject/install/robot_interfaces/include/robot_interfaces/robot_interfaces/msg/detail/turtle_array__functions.h
[12.092s] -- Up-to-date symlink: /home/heybat/Desktop/miniproject/install/robot_interfaces/include/robot_interfaces/robot_interfaces/msg/detail/turtle_array__struct.h
[12.094s] -- Up-to-date symlink: /home/heybat/Desktop/miniproject/install/robot_interfaces/include/robot_interfaces/robot_interfaces/msg/detail/turtle_array__type_support.h
[12.095s] -- Up-to-date symlink: /home/heybat/Desktop/miniproject/install/robot_interfaces/include/robot_interfaces/robot_interfaces/msg/rosidl_generator_c__visibility_control.h
[12.096s] -- Up-to-date symlink: /home/heybat/Desktop/miniproject/install/robot_interfaces/include/robot_interfaces/robot_interfaces/msg/turtle.h
[12.097s] -- Up-to-date symlink: /home/heybat/Desktop/miniproject/install/robot_interfaces/include/robot_interfaces/robot_interfaces/msg/turtle_array.h
[12.099s] -- Up-to-date symlink: /home/heybat/Desktop/miniproject/install/robot_interfaces/include/robot_interfaces/robot_interfaces/srv/catch_turtle.h
[12.100s] -- Up-to-date symlink: /home/heybat/Desktop/miniproject/install/robot_interfaces/include/robot_interfaces/robot_interfaces/srv/detail/catch_turtle__functions.h
[12.101s] -- Up-to-date symlink: /home/heybat/Desktop/miniproject/install/robot_interfaces/include/robot_interfaces/robot_interfaces/srv/detail/catch_turtle__struct.h
[12.102s] -- Up-to-date symlink: /home/heybat/Desktop/miniproject/install/robot_interfaces/include/robot_interfaces/robot_interfaces/srv/detail/catch_turtle__type_support.h
[12.104s] -- Up-to-date symlink: /home/heybat/Desktop/miniproject/install/robot_interfaces/share/robot_interfaces/environment/library_path.sh
[12.108s] -- Up-to-date symlink: /home/heybat/Desktop/miniproject/install/robot_interfaces/share/robot_interfaces/environment/library_path.dsv
[12.110s] -- Up-to-date symlink: /home/heybat/Desktop/miniproject/install/robot_interfaces/include/robot_interfaces/robot_interfaces/msg/detail/turtle__rosidl_typesupport_fastrtps_c.h
[12.112s] -- Up-to-date symlink: /home/heybat/Desktop/miniproject/install/robot_interfaces/include/robot_interfaces/robot_interfaces/msg/detail/turtle_array__rosidl_typesupport_fastrtps_c.h
[12.113s] -- Up-to-date symlink: /home/heybat/Desktop/miniproject/install/robot_interfaces/include/robot_interfaces/robot_interfaces/msg/rosidl_typesupport_fastrtps_c__visibility_control.h
[12.117s] -- Up-to-date symlink: /home/heybat/Desktop/miniproject/install/robot_interfaces/include/robot_interfaces/robot_interfaces/srv/detail/catch_turtle__rosidl_typesupport_fastrtps_c.h
[12.118s] -- Up-to-date symlink: /home/heybat/Desktop/miniproject/install/robot_interfaces/include/robot_interfaces/robot_interfaces/msg/detail/turtle__rosidl_typesupport_introspection_c.h
[12.119s] -- Up-to-date symlink: /home/heybat/Desktop/miniproject/install/robot_interfaces/include/robot_interfaces/robot_interfaces/msg/detail/turtle_array__rosidl_typesupport_introspection_c.h
[12.121s] -- Up-to-date symlink: /home/heybat/Desktop/miniproject/install/robot_interfaces/include/robot_interfaces/robot_interfaces/msg/rosidl_typesupport_introspection_c__visibility_control.h
[12.122s] -- Up-to-date symlink: /home/heybat/Desktop/miniproject/install/robot_interfaces/include/robot_interfaces/robot_interfaces/srv/detail/catch_turtle__rosidl_typesupport_introspection_c.h
[12.126s] -- Up-to-date symlink: /home/heybat/Desktop/miniproject/install/robot_interfaces/include/robot_interfaces/robot_interfaces/msg/detail/turtle__builder.hpp
[12.129s] -- Up-to-date symlink: /home/heybat/Desktop/miniproject/install/robot_interfaces/include/robot_interfaces/robot_interfaces/msg/detail/turtle__struct.hpp
[12.132s] -- Up-to-date symlink: /home/heybat/Desktop/miniproject/install/robot_interfaces/include/robot_interfaces/robot_interfaces/msg/detail/turtle__traits.hpp
[12.135s] -- Up-to-date symlink: /home/heybat/Desktop/miniproject/install/robot_interfaces/include/robot_interfaces/robot_interfaces/msg/detail/turtle_array__builder.hpp
[12.138s] -- Up-to-date symlink: /home/heybat/Desktop/miniproject/install/robot_interfaces/include/robot_interfaces/robot_interfaces/msg/detail/turtle_array__struct.hpp
[12.140s] -- Up-to-date symlink: /home/heybat/Desktop/miniproject/install/robot_interfaces/include/robot_interfaces/robot_interfaces/msg/detail/turtle_array__traits.hpp
[12.143s] -- Up-to-date symlink: /home/heybat/Desktop/miniproject/install/robot_interfaces/include/robot_interfaces/robot_interfaces/msg/turtle.hpp
[12.146s] -- Up-to-date symlink: /home/heybat/Desktop/miniproject/install/robot_interfaces/include/robot_interfaces/robot_interfaces/msg/turtle_array.hpp
[12.149s] -- Up-to-date symlink: /home/heybat/Desktop/miniproject/install/robot_interfaces/include/robot_interfaces/robot_interfaces/srv/catch_turtle.hpp
[12.153s] -- Up-to-date symlink: /home/heybat/Desktop/miniproject/install/robot_interfaces/include/robot_interfaces/robot_interfaces/srv/detail/catch_turtle__builder.hpp
[12.155s] -- Up-to-date symlink: /home/heybat/Desktop/miniproject/install/robot_interfaces/include/robot_interfaces/robot_interfaces/srv/detail/catch_turtle__struct.hpp
[12.158s] -- Up-to-date symlink: /home/heybat/Desktop/miniproject/install/robot_interfaces/include/robot_interfaces/robot_interfaces/srv/detail/catch_turtle__traits.hpp
[12.166s] -- Up-to-date symlink: /home/heybat/Desktop/miniproject/install/robot_interfaces/include/robot_interfaces/robot_interfaces/msg/detail/turtle__rosidl_typesupport_fastrtps_cpp.hpp
[12.168s] -- Up-to-date symlink: /home/heybat/Desktop/miniproject/install/robot_interfaces/include/robot_interfaces/robot_interfaces/msg/detail/turtle_array__rosidl_typesupport_fastrtps_cpp.hpp
[12.172s] -- Up-to-date symlink: /home/heybat/Desktop/miniproject/install/robot_interfaces/include/robot_interfaces/robot_interfaces/msg/rosidl_typesupport_fastrtps_cpp__visibility_control.h
[12.176s] -- Up-to-date symlink: /home/heybat/Desktop/miniproject/install/robot_interfaces/include/robot_interfaces/robot_interfaces/srv/detail/catch_turtle__rosidl_typesupport_fastrtps_cpp.hpp
[12.181s] -- Up-to-date symlink: /home/heybat/Desktop/miniproject/install/robot_interfaces/include/robot_interfaces/robot_interfaces/msg/detail/turtle__rosidl_typesupport_introspection_cpp.hpp
[12.183s] -- Up-to-date symlink: /home/heybat/Desktop/miniproject/install/robot_interfaces/include/robot_interfaces/robot_interfaces/msg/detail/turtle_array__rosidl_typesupport_introspection_cpp.hpp
[12.185s] -- Up-to-date symlink: /home/heybat/Desktop/miniproject/install/robot_interfaces/include/robot_interfaces/robot_interfaces/srv/detail/catch_turtle__rosidl_typesupport_introspection_cpp.hpp
[12.187s] -- Up-to-date symlink: /home/heybat/Desktop/miniproject/install/robot_interfaces/share/robot_interfaces/environment/pythonpath.sh
[12.188s] -- Up-to-date symlink: /home/heybat/Desktop/miniproject/install/robot_interfaces/share/robot_interfaces/environment/pythonpath.dsv
[12.191s] -- Up-to-date symlink: /home/heybat/Desktop/miniproject/install/robot_interfaces/local/lib/python3.10/dist-packages/robot_interfaces-0.0.0-py3.10.egg-info/PKG-INFO
[12.193s] -- Up-to-date symlink: /home/heybat/Desktop/miniproject/install/robot_interfaces/local/lib/python3.10/dist-packages/robot_interfaces-0.0.0-py3.10.egg-info/SOURCES.txt
[12.196s] -- Up-to-date symlink: /home/heybat/Desktop/miniproject/install/robot_interfaces/local/lib/python3.10/dist-packages/robot_interfaces-0.0.0-py3.10.egg-info/dependency_links.txt
[12.198s] -- Up-to-date symlink: /home/heybat/Desktop/miniproject/install/robot_interfaces/local/lib/python3.10/dist-packages/robot_interfaces-0.0.0-py3.10.egg-info/top_level.txt
[12.205s] -- Up-to-date symlink: /home/heybat/Desktop/miniproject/install/robot_interfaces/local/lib/python3.10/dist-packages/robot_interfaces/__init__.py
[12.213s] -- Up-to-date symlink: /home/heybat/Desktop/miniproject/install/robot_interfaces/local/lib/python3.10/dist-packages/robot_interfaces/_robot_interfaces_s.ep.rosidl_typesupport_c.c
[12.221s] -- Up-to-date symlink: /home/heybat/Desktop/miniproject/install/robot_interfaces/local/lib/python3.10/dist-packages/robot_interfaces/_robot_interfaces_s.ep.rosidl_typesupport_fastrtps_c.c
[12.222s] -- Up-to-date symlink: /home/heybat/Desktop/miniproject/install/robot_interfaces/local/lib/python3.10/dist-packages/robot_interfaces/_robot_interfaces_s.ep.rosidl_typesupport_introspection_c.c
[12.223s] -- Up-to-date symlink: /home/heybat/Desktop/miniproject/install/robot_interfaces/local/lib/python3.10/dist-packages/robot_interfaces/librobot_interfaces__rosidl_generator_py.so
[12.223s] -- Up-to-date symlink: /home/heybat/Desktop/miniproject/install/robot_interfaces/local/lib/python3.10/dist-packages/robot_interfaces/msg/__init__.py
[12.225s] -- Up-to-date symlink: /home/heybat/Desktop/miniproject/install/robot_interfaces/local/lib/python3.10/dist-packages/robot_interfaces/msg/_turtle.py
[12.225s] -- Up-to-date symlink: /home/heybat/Desktop/miniproject/install/robot_interfaces/local/lib/python3.10/dist-packages/robot_interfaces/msg/_turtle_array.py
[12.230s] -- Up-to-date symlink: /home/heybat/Desktop/miniproject/install/robot_interfaces/local/lib/python3.10/dist-packages/robot_interfaces/msg/_turtle_array_s.c
[12.234s] -- Up-to-date symlink: /home/heybat/Desktop/miniproject/install/robot_interfaces/local/lib/python3.10/dist-packages/robot_interfaces/msg/_turtle_s.c
[12.236s] -- Up-to-date symlink: /home/heybat/Desktop/miniproject/install/robot_interfaces/local/lib/python3.10/dist-packages/robot_interfaces/robot_interfaces_s__rosidl_typesupport_c.cpython-310-aarch64-linux-gnu.so
[12.240s] -- Up-to-date symlink: /home/heybat/Desktop/miniproject/install/robot_interfaces/local/lib/python3.10/dist-packages/robot_interfaces/robot_interfaces_s__rosidl_typesupport_fastrtps_c.cpython-310-aarch64-linux-gnu.so
[12.246s] -- Up-to-date symlink: /home/heybat/Desktop/miniproject/install/robot_interfaces/local/lib/python3.10/dist-packages/robot_interfaces/robot_interfaces_s__rosidl_typesupport_introspection_c.cpython-310-aarch64-linux-gnu.so
[12.248s] -- Up-to-date symlink: /home/heybat/Desktop/miniproject/install/robot_interfaces/local/lib/python3.10/dist-packages/robot_interfaces/srv/__init__.py
[12.252s] -- Up-to-date symlink: /home/heybat/Desktop/miniproject/install/robot_interfaces/local/lib/python3.10/dist-packages/robot_interfaces/srv/_catch_turtle.py
[12.273s] -- Up-to-date symlink: /home/heybat/Desktop/miniproject/install/robot_interfaces/local/lib/python3.10/dist-packages/robot_interfaces/srv/_catch_turtle_s.c
[12.279s] -- Up-to-date symlink: /home/heybat/Desktop/miniproject/install/robot_interfaces/local/lib/python3.10/dist-packages/robot_interfaces/robot_interfaces_s__rosidl_typesupport_fastrtps_c.cpython-310-aarch64-linux-gnu.so
[12.292s] -- Up-to-date symlink: /home/heybat/Desktop/miniproject/install/robot_interfaces/local/lib/python3.10/dist-packages/robot_interfaces/robot_interfaces_s__rosidl_typesupport_introspection_c.cpython-310-aarch64-linux-gnu.so
[12.297s] -- Up-to-date symlink: /home/heybat/Desktop/miniproject/install/robot_interfaces/local/lib/python3.10/dist-packages/robot_interfaces/robot_interfaces_s__rosidl_typesupport_c.cpython-310-aarch64-linux-gnu.so
[12.301s] -- Up-to-date symlink: /home/heybat/Desktop/miniproject/install/robot_interfaces/share/robot_interfaces/msg/Turtle.idl
[12.311s] -- Up-to-date symlink: /home/heybat/Desktop/miniproject/install/robot_interfaces/share/robot_interfaces/msg/TurtleArray.idl
[12.313s] -- Up-to-date symlink: /home/heybat/Desktop/miniproject/install/robot_interfaces/share/robot_interfaces/srv/CatchTurtle.idl
[12.325s] -- Up-to-date symlink: /home/heybat/Desktop/miniproject/install/robot_interfaces/share/robot_interfaces/msg/Turtle.msg
[12.329s] -- Up-to-date symlink: /home/heybat/Desktop/miniproject/install/robot_interfaces/share/robot_interfaces/msg/TurtleArray.msg
[12.334s] -- Up-to-date symlink: /home/heybat/Desktop/miniproject/install/robot_interfaces/share/robot_interfaces/srv/CatchTurtle.srv
[12.340s] -- Up-to-date symlink: /home/heybat/Desktop/miniproject/install/robot_interfaces/share/robot_interfaces/srv/CatchTurtle_Request.msg
[12.343s] -- Up-to-date symlink: /home/heybat/Desktop/miniproject/install/robot_interfaces/share/robot_interfaces/srv/CatchTurtle_Response.msg
[12.349s] -- Up-to-date symlink: /home/heybat/Desktop/miniproject/install/robot_interfaces/share/ament_index/resource_index/package_run_dependencies/robot_interfaces
[12.352s] -- Up-to-date symlink: /home/heybat/Desktop/miniproject/install/robot_interfaces/share/ament_index/resource_index/parent_prefix_path/robot_interfaces
[12.357s] -- Up-to-date symlink: /home/heybat/Desktop/miniproject/install/robot_interfaces/share/robot_interfaces/environment/ament_prefix_path.sh
[12.360s] -- Up-to-date symlink: /home/heybat/Desktop/miniproject/install/robot_interfaces/share/robot_interfaces/environment/ament_prefix_path.dsv
[12.364s] -- Up-to-date symlink: /home/heybat/Desktop/miniproject/install/robot_interfaces/share/robot_interfaces/environment/path.sh
[12.369s] -- Up-to-date symlink: /home/heybat/Desktop/miniproject/install/robot_interfaces/share/robot_interfaces/environment/path.dsv
[12.370s] -- Up-to-date symlink: /home/heybat/Desktop/miniproject/install/robot_interfaces/share/robot_interfaces/local_setup.bash
[12.376s] -- Up-to-date symlink: /home/heybat/Desktop/miniproject/install/robot_interfaces/share/robot_interfaces/local_setup.sh
[12.383s] -- Up-to-date symlink: /home/heybat/Desktop/miniproject/install/robot_interfaces/share/robot_interfaces/local_setup.zsh
[12.386s] -- Up-to-date symlink: /home/heybat/Desktop/miniproject/install/robot_interfaces/share/robot_interfaces/local_setup.dsv
[12.387s] -- Symlinking: /home/heybat/Desktop/miniproject/install/robot_interfaces/share/robot_interfaces/package.dsv
[12.445s] -- Up-to-date symlink: /home/heybat/Desktop/miniproject/install/robot_interfaces/share/ament_index/resource_index/packages/robot_interfaces
[12.446s] -- Up-to-date symlink: /home/heybat/Desktop/miniproject/install/robot_interfaces/share/robot_interfaces/cmake/rosidl_cmake-extras.cmake
[12.451s] -- Up-to-date symlink: /home/heybat/Desktop/miniproject/install/robot_interfaces/share/robot_interfaces/cmake/ament_cmake_export_include_directories-extras.cmake
[12.459s] -- Up-to-date symlink: /home/heybat/Desktop/miniproject/install/robot_interfaces/share/robot_interfaces/cmake/ament_cmake_export_libraries-extras.cmake
[12.463s] -- Up-to-date symlink: /home/heybat/Desktop/miniproject/install/robot_interfaces/share/robot_interfaces/cmake/ament_cmake_export_targets-extras.cmake
[12.470s] -- Up-to-date symlink: /home/heybat/Desktop/miniproject/install/robot_interfaces/share/robot_interfaces/cmake/rosidl_cmake_export_typesupport_targets-extras.cmake
[12.471s] -- Up-to-date symlink: /home/heybat/Desktop/miniproject/install/robot_interfaces/share/robot_interfaces/cmake/ament_cmake_export_dependencies-extras.cmake
[12.477s] -- Up-to-date symlink: /home/heybat/Desktop/miniproject/install/robot_interfaces/share/robot_interfaces/cmake/rosidl_cmake_export_typesupport_libraries-extras.cmake
[12.481s] -- Up-to-date symlink: /home/heybat/Desktop/miniproject/install/robot_interfaces/share/robot_interfaces/cmake/robot_interfacesConfig.cmake
[12.487s] -- Up-to-date symlink: /home/heybat/Desktop/miniproject/install/robot_interfaces/share/robot_interfaces/cmake/robot_interfacesConfig-version.cmake
[12.488s] -- Up-to-date symlink: /home/heybat/Desktop/miniproject/install/robot_interfaces/share/robot_interfaces/package.xml
[12.488s] -- Up-to-date: /home/heybat/Desktop/miniproject/install/robot_interfaces/lib/librobot_interfaces__rosidl_generator_c.so
[12.504s] -- Up-to-date: /home/heybat/Desktop/miniproject/install/robot_interfaces/lib/librobot_interfaces__rosidl_typesupport_fastrtps_c.so
[12.509s] -- Up-to-date: /home/heybat/Desktop/miniproject/install/robot_interfaces/lib/librobot_interfaces__rosidl_typesupport_introspection_c.so
[12.626s] -- Up-to-date: /home/heybat/Desktop/miniproject/install/robot_interfaces/lib/librobot_interfaces__rosidl_typesupport_c.so
[12.628s] -- Up-to-date: /home/heybat/Desktop/miniproject/install/robot_interfaces/lib/librobot_interfaces__rosidl_typesupport_fastrtps_cpp.so
[12.638s] -- Up-to-date: /home/heybat/Desktop/miniproject/install/robot_interfaces/lib/librobot_interfaces__rosidl_typesupport_introspection_cpp.so
[12.640s] -- Up-to-date: /home/heybat/Desktop/miniproject/install/robot_interfaces/lib/librobot_interfaces__rosidl_typesupport_cpp.so
[12.952s] Listing '/home/heybat/Desktop/miniproject/install/robot_interfaces/local/lib/python3.10/dist-packages/robot_interfaces'...
[12.953s] Compiling '/home/heybat/Desktop/miniproject/install/robot_interfaces/local/lib/python3.10/dist-packages/robot_interfaces/__init__.py'...
[12.954s] Listing '/home/heybat/Desktop/miniproject/install/robot_interfaces/local/lib/python3.10/dist-packages/robot_interfaces/msg'...
[12.955s] Listing '/home/heybat/Desktop/miniproject/install/robot_interfaces/local/lib/python3.10/dist-packages/robot_interfaces/srv'...
[13.005s] -- Up-to-date: /home/heybat/Desktop/miniproject/install/robot_interfaces/lib/librobot_interfaces__rosidl_generator_py.so
[13.006s] -- Up-to-date: /home/heybat/Desktop/miniproject/install/robot_interfaces/share/robot_interfaces/cmake/export_robot_interfaces__rosidl_generator_cExport.cmake
[13.006s] -- Up-to-date: /home/heybat/Desktop/miniproject/install/robot_interfaces/share/robot_interfaces/cmake/export_robot_interfaces__rosidl_generator_cExport-noconfig.cmake
[13.007s] -- Up-to-date: /home/heybat/Desktop/miniproject/install/robot_interfaces/share/robot_interfaces/cmake/export_robot_interfaces__rosidl_typesupport_fastrtps_cExport.cmake
[13.008s] -- Up-to-date: /home/heybat/Desktop/miniproject/install/robot_interfaces/share/robot_interfaces/cmake/export_robot_interfaces__rosidl_typesupport_fastrtps_cExport-noconfig.cmake
[13.008s] -- Up-to-date: /home/heybat/Desktop/miniproject/install/robot_interfaces/share/robot_interfaces/cmake/robot_interfaces__rosidl_typesupport_introspection_cExport.cmake
[13.009s] -- Up-to-date: /home/heybat/Desktop/miniproject/install/robot_interfaces/share/robot_interfaces/cmake/robot_interfaces__rosidl_typesupport_introspection_cExport-noconfig.cmake
[13.010s] -- Up-to-date: /home/heybat/Desktop/miniproject/install/robot_interfaces/share/robot_interfaces/cmake/robot_interfaces__rosidl_typesupport_cExport.cmake
[13.011s] -- Up-to-date: /home/heybat/Desktop/miniproject/install/robot_interfaces/share/robot_interfaces/cmake/robot_interfaces__rosidl_typesupport_cExport-noconfig.cmake
[13.011s] -- Up-to-date: /home/heybat/Desktop/miniproject/install/robot_interfaces/share/robot_interfaces/cmake/export_robot_interfaces__rosidl_generator_cppExport.cmake
[13.013s] -- Up-to-date: /home/heybat/Desktop/miniproject/install/robot_interfaces/share/robot_interfaces/cmake/export_robot_interfaces__rosidl_typesupport_fastrtps_cppExport.cmake
[13.015s] -- Up-to-date: /home/heybat/Desktop/miniproject/install/robot_interfaces/share/robot_interfaces/cmake/export_robot_interfaces__rosidl_typesupport_fastrtps_cppExport-noconfig.cmake
[13.017s] -- Up-to-date: /home/heybat/Desktop/miniproject/install/robot_interfaces/share/robot_interfaces/cmake/robot_interfaces__rosidl_typesupport_introspection_cppExport.cmake
[13.019s] -- Up-to-date: /home/heybat/Desktop/miniproject/install/robot_interfaces/share/robot_interfaces/cmake/robot_interfaces__rosidl_typesupport_introspection_cppExport-noconfig.cmake
[13.021s] -- Up-to-date: /home/heybat/Desktop/miniproject/install/robot_interfaces/share/robot_interfaces/cmake/robot_interfaces__rosidl_typesupport_cppExport.cmake
[13.023s] -- Up-to-date: /home/heybat/Desktop/miniproject/install/robot_interfaces/share/robot_interfaces/cmake/robot_interfaces__rosidl_typesupport_cppExport-noconfig.cmake
[13.025s] -- Up-to-date: /home/heybat/Desktop/miniproject/install/robot_interfaces/share/robot_interfaces/cmake/export_robot_interfaces__rosidl_generator_pyExport.cmake
[13.027s] -- Up-to-date: /home/heybat/Desktop/miniproject/install/robot_interfaces/share/robot_interfaces/cmake/export_robot_interfaces__rosidl_generator_pyExport-noconfig.cmake
[13.051s] Invoked command in '/home/heybat/Desktop/miniproject/build/robot_interfaces' returned '0': CMAKE_PREFIX_PATH=${CMAKE_PREFIX_PATH}:/home/heybat/Desktop/miniproject/install/turtle_project:/home/heybat/Desktop/ws_ros2/install/my_robot_controller:/home/heybat/Desktop/ROS/ActivitywithROS/Activity2_Ros2/install/my_second_pkg:/home/heybat/Desktop/ros2_ws2/install/my_first_pkg:/opt/ros/humble /usr/bin/cmake --install /home/heybat/Desktop/miniproject/build/robot_interfaces
