[1.616s] DEBUG:colcon:Command line arguments: ['/usr/bin/colcon', 'build']
[1.617s] DEBUG:colcon:Parsed command line arguments: Namespace(log_base=None, log_level=None, verb_name='build', build_base='build', install_base='install', merge_install=False, symlink_install=False, test_result_base=None, continue_on_error=False, executor='parallel', parallel_workers=4, event_handlers=None, ignore_user_meta=False, metas=['./colcon.meta'], base_paths=['.'], packages_ignore=None, packages_ignore_regex=None, paths=None, packages_up_to=None, packages_up_to_regex=None, packages_above=None, packages_above_and_dependencies=None, packages_above_depth=None, packages_select_by_dep=None, packages_skip_by_dep=None, packages_skip_up_to=None, packages_select_build_failed=False, packages_skip_build_finished=False, packages_select_test_failures=False, packages_skip_test_passed=False, packages_select=None, packages_skip=None, packages_select_regex=None, packages_skip_regex=None, packages_start=None, packages_end=None, allow_overriding=[], cmake_args=None, cmake_target=None, cmake_target_skip_unavailable=False, cmake_clean_cache=False, cmake_clean_first=False, cmake_force_configure=False, ament_cmake_args=None, catkin_cmake_args=None, catkin_skip_building_tests=False, verb_parser=<colcon_defaults.argument_parser.defaults.DefaultArgumentsDecorator object at 0xffff822f4d00>, verb_extension=<colcon_core.verb.build.BuildVerb object at 0xffff82370b80>, main=<bound method BuildVerb.main of <colcon_core.verb.build.BuildVerb object at 0xffff82370b80>>)
[1.741s] Level 1:colcon.colcon_core.package_discovery:discover_packages(colcon_meta) check parameters
[1.742s] Level 1:colcon.colcon_core.package_discovery:discover_packages(recursive) check parameters
[1.742s] Level 1:colcon.colcon_core.package_discovery:discover_packages(ignore) check parameters
[1.742s] Level 1:colcon.colcon_core.package_discovery:discover_packages(path) check parameters
[1.742s] Level 1:colcon.colcon_core.package_discovery:discover_packages(colcon_meta) discover
[1.743s] Level 1:colcon.colcon_core.package_discovery:discover_packages(recursive) discover
[1.743s] INFO:colcon.colcon_core.package_discovery:Crawling recursively for packages in '/home/heybat/Desktop/miniproject'
[1.744s] Level 1:colcon.colcon_core.package_identification:_identify(.) by extensions ['ignore', 'ignore_ament_install']
[1.744s] Level 1:colcon.colcon_core.package_identification:_identify(.) by extension 'ignore'
[1.745s] Level 1:colcon.colcon_core.package_identification:_identify(.) by extension 'ignore_ament_install'
[1.745s] Level 1:colcon.colcon_core.package_identification:_identify(.) by extensions ['colcon_pkg']
[1.746s] Level 1:colcon.colcon_core.package_identification:_identify(.) by extension 'colcon_pkg'
[1.746s] Level 1:colcon.colcon_core.package_identification:_identify(.) by extensions ['colcon_meta']
[1.746s] Level 1:colcon.colcon_core.package_identification:_identify(.) by extension 'colcon_meta'
[1.747s] Level 1:colcon.colcon_core.package_identification:_identify(.) by extensions ['ros']
[1.747s] Level 1:colcon.colcon_core.package_identification:_identify(.) by extension 'ros'
[1.804s] Level 1:colcon.colcon_core.package_identification:_identify(.) by extensions ['cmake', 'python']
[1.804s] Level 1:colcon.colcon_core.package_identification:_identify(.) by extension 'cmake'
[1.804s] Level 1:colcon.colcon_core.package_identification:_identify(.) by extension 'python'
[1.805s] Level 1:colcon.colcon_core.package_identification:_identify(.) by extensions ['python_setup_py']
[1.805s] Level 1:colcon.colcon_core.package_identification:_identify(.) by extension 'python_setup_py'
[1.805s] Level 1:colcon.colcon_core.package_identification:_identify(build) by extensions ['ignore', 'ignore_ament_install']
[1.806s] Level 1:colcon.colcon_core.package_identification:_identify(build) by extension 'ignore'
[1.806s] Level 1:colcon.colcon_core.package_identification:_identify(build) ignored
[1.807s] Level 1:colcon.colcon_core.package_identification:_identify(install) by extensions ['ignore', 'ignore_ament_install']
[1.808s] Level 1:colcon.colcon_core.package_identification:_identify(install) by extension 'ignore'
[1.808s] Level 1:colcon.colcon_core.package_identification:_identify(install) ignored
[1.809s] Level 1:colcon.colcon_core.package_identification:_identify(log) by extensions ['ignore', 'ignore_ament_install']
[1.810s] Level 1:colcon.colcon_core.package_identification:_identify(log) by extension 'ignore'
[1.810s] Level 1:colcon.colcon_core.package_identification:_identify(log) ignored
[1.810s] Level 1:colcon.colcon_core.package_identification:_identify(src) by extensions ['ignore', 'ignore_ament_install']
[1.811s] Level 1:colcon.colcon_core.package_identification:_identify(src) by extension 'ignore'
[1.811s] Level 1:colcon.colcon_core.package_identification:_identify(src) by extension 'ignore_ament_install'
[1.811s] Level 1:colcon.colcon_core.package_identification:_identify(src) by extensions ['colcon_pkg']
[1.812s] Level 1:colcon.colcon_core.package_identification:_identify(src) by extension 'colcon_pkg'
[1.812s] Level 1:colcon.colcon_core.package_identification:_identify(src) by extensions ['colcon_meta']
[1.812s] Level 1:colcon.colcon_core.package_identification:_identify(src) by extension 'colcon_meta'
[1.812s] Level 1:colcon.colcon_core.package_identification:_identify(src) by extensions ['ros']
[1.813s] Level 1:colcon.colcon_core.package_identification:_identify(src) by extension 'ros'
[1.813s] Level 1:colcon.colcon_core.package_identification:_identify(src) by extensions ['cmake', 'python']
[1.813s] Level 1:colcon.colcon_core.package_identification:_identify(src) by extension 'cmake'
[1.813s] Level 1:colcon.colcon_core.package_identification:_identify(src) by extension 'python'
[1.814s] Level 1:colcon.colcon_core.package_identification:_identify(src) by extensions ['python_setup_py']
[1.814s] Level 1:colcon.colcon_core.package_identification:_identify(src) by extension 'python_setup_py'
[1.814s] Level 1:colcon.colcon_core.package_identification:_identify(src/robot_interfaces) by extensions ['ignore', 'ignore_ament_install']
[1.815s] Level 1:colcon.colcon_core.package_identification:_identify(src/robot_interfaces) by extension 'ignore'
[1.815s] Level 1:colcon.colcon_core.package_identification:_identify(src/robot_interfaces) by extension 'ignore_ament_install'
[1.816s] Level 1:colcon.colcon_core.package_identification:_identify(src/robot_interfaces) by extensions ['colcon_pkg']
[1.816s] Level 1:colcon.colcon_core.package_identification:_identify(src/robot_interfaces) by extension 'colcon_pkg'
[1.816s] Level 1:colcon.colcon_core.package_identification:_identify(src/robot_interfaces) by extensions ['colcon_meta']
[1.816s] Level 1:colcon.colcon_core.package_identification:_identify(src/robot_interfaces) by extension 'colcon_meta'
[1.817s] Level 1:colcon.colcon_core.package_identification:_identify(src/robot_interfaces) by extensions ['ros']
[1.817s] Level 1:colcon.colcon_core.package_identification:_identify(src/robot_interfaces) by extension 'ros'
[1.827s] DEBUG:colcon.colcon_core.package_identification:Package 'src/robot_interfaces' with type 'ros.ament_cmake' and name 'robot_interfaces'
[1.827s] Level 1:colcon.colcon_core.package_identification:_identify(src/turtle_project) by extensions ['ignore', 'ignore_ament_install']
[1.828s] Level 1:colcon.colcon_core.package_identification:_identify(src/turtle_project) by extension 'ignore'
[1.828s] Level 1:colcon.colcon_core.package_identification:_identify(src/turtle_project) by extension 'ignore_ament_install'
[1.829s] Level 1:colcon.colcon_core.package_identification:_identify(src/turtle_project) by extensions ['colcon_pkg']
[1.829s] Level 1:colcon.colcon_core.package_identification:_identify(src/turtle_project) by extension 'colcon_pkg'
[1.829s] Level 1:colcon.colcon_core.package_identification:_identify(src/turtle_project) by extensions ['colcon_meta']
[1.829s] Level 1:colcon.colcon_core.package_identification:_identify(src/turtle_project) by extension 'colcon_meta'
[1.829s] Level 1:colcon.colcon_core.package_identification:_identify(src/turtle_project) by extensions ['ros']
[1.830s] Level 1:colcon.colcon_core.package_identification:_identify(src/turtle_project) by extension 'ros'
[1.834s] DEBUG:colcon.colcon_core.package_identification:Package 'src/turtle_project' with type 'ros.ament_python' and name 'turtle_project'
[1.834s] Level 1:colcon.colcon_core.package_discovery:discover_packages(recursive) using defaults
[1.835s] Level 1:colcon.colcon_core.package_discovery:discover_packages(ignore) discover
[1.835s] Level 1:colcon.colcon_core.package_discovery:discover_packages(ignore) using defaults
[1.835s] Level 1:colcon.colcon_core.package_discovery:discover_packages(path) discover
[1.835s] Level 1:colcon.colcon_core.package_discovery:discover_packages(path) using defaults
[1.943s] Level 1:colcon.colcon_core.package_discovery:discover_packages(prefix_path) check parameters
[1.943s] Level 1:colcon.colcon_core.package_discovery:discover_packages(prefix_path) discover
[1.957s] DEBUG:colcon.colcon_installed_package_information.package_discovery:Found 2 installed packages in /home/heybat/Desktop/miniproject/install
[1.962s] DEBUG:colcon.colcon_installed_package_information.package_discovery:Found 1 installed packages in /home/heybat/Desktop/ROS/ActivitywithROS/Activity2_Ros2/install
[1.966s] DEBUG:colcon.colcon_installed_package_information.package_discovery:Found 1 installed packages in /home/heybat/Desktop/ros2_ws2/install
[1.970s] DEBUG:colcon.colcon_installed_package_information.package_discovery:Found 2 installed packages in /home/heybat/Desktop/ws_ros2/install
[1.982s] DEBUG:colcon.colcon_installed_package_information.package_discovery:Found 270 installed packages in /opt/ros/humble
[1.988s] Level 1:colcon.colcon_core.package_discovery:discover_packages(prefix_path) using defaults
[2.256s] Level 5:colcon.colcon_core.verb:set package 'robot_interfaces' build argument 'cmake_args' from command line to 'None'
[2.256s] Level 5:colcon.colcon_core.verb:set package 'robot_interfaces' build argument 'cmake_target' from command line to 'None'
[2.256s] Level 5:colcon.colcon_core.verb:set package 'robot_interfaces' build argument 'cmake_target_skip_unavailable' from command line to 'False'
[2.256s] Level 5:colcon.colcon_core.verb:set package 'robot_interfaces' build argument 'cmake_clean_cache' from command line to 'False'
[2.256s] Level 5:colcon.colcon_core.verb:set package 'robot_interfaces' build argument 'cmake_clean_first' from command line to 'False'
[2.256s] Level 5:colcon.colcon_core.verb:set package 'robot_interfaces' build argument 'cmake_force_configure' from command line to 'False'
[2.257s] Level 5:colcon.colcon_core.verb:set package 'robot_interfaces' build argument 'ament_cmake_args' from command line to 'None'
[2.257s] Level 5:colcon.colcon_core.verb:set package 'robot_interfaces' build argument 'catkin_cmake_args' from command line to 'None'
[2.257s] Level 5:colcon.colcon_core.verb:set package 'robot_interfaces' build argument 'catkin_skip_building_tests' from command line to 'False'
[2.257s] DEBUG:colcon.colcon_core.verb:Building package 'robot_interfaces' with the following arguments: {'ament_cmake_args': None, 'build_base': '/home/heybat/Desktop/miniproject/build/robot_interfaces', 'catkin_cmake_args': None, 'catkin_skip_building_tests': False, 'cmake_args': None, 'cmake_clean_cache': False, 'cmake_clean_first': False, 'cmake_force_configure': False, 'cmake_target': None, 'cmake_target_skip_unavailable': False, 'install_base': '/home/heybat/Desktop/miniproject/install/robot_interfaces', 'merge_install': False, 'path': '/home/heybat/Desktop/miniproject/src/robot_interfaces', 'symlink_install': False, 'test_result_base': None}
[2.261s] Level 5:colcon.colcon_core.verb:set package 'turtle_project' build argument 'cmake_args' from command line to 'None'
[2.261s] Level 5:colcon.colcon_core.verb:set package 'turtle_project' build argument 'cmake_target' from command line to 'None'
[2.262s] Level 5:colcon.colcon_core.verb:set package 'turtle_project' build argument 'cmake_target_skip_unavailable' from command line to 'False'
[2.262s] Level 5:colcon.colcon_core.verb:set package 'turtle_project' build argument 'cmake_clean_cache' from command line to 'False'
[2.262s] Level 5:colcon.colcon_core.verb:set package 'turtle_project' build argument 'cmake_clean_first' from command line to 'False'
[2.262s] Level 5:colcon.colcon_core.verb:set package 'turtle_project' build argument 'cmake_force_configure' from command line to 'False'
[2.262s] Level 5:colcon.colcon_core.verb:set package 'turtle_project' build argument 'ament_cmake_args' from command line to 'None'
[2.262s] Level 5:colcon.colcon_core.verb:set package 'turtle_project' build argument 'catkin_cmake_args' from command line to 'None'
[2.262s] Level 5:colcon.colcon_core.verb:set package 'turtle_project' build argument 'catkin_skip_building_tests' from command line to 'False'
[2.262s] DEBUG:colcon.colcon_core.verb:Building package 'turtle_project' with the following arguments: {'ament_cmake_args': None, 'build_base': '/home/heybat/Desktop/miniproject/build/turtle_project', 'catkin_cmake_args': None, 'catkin_skip_building_tests': False, 'cmake_args': None, 'cmake_clean_cache': False, 'cmake_clean_first': False, 'cmake_force_configure': False, 'cmake_target': None, 'cmake_target_skip_unavailable': False, 'install_base': '/home/heybat/Desktop/miniproject/install/turtle_project', 'merge_install': False, 'path': '/home/heybat/Desktop/miniproject/src/turtle_project', 'symlink_install': False, 'test_result_base': None}
[2.265s] INFO:colcon.colcon_core.executor:Executing jobs using 'parallel' executor
[2.278s] DEBUG:colcon.colcon_parallel_executor.executor.parallel:run_until_complete
[2.279s] INFO:colcon.colcon_ros.task.ament_cmake.build:Building ROS package in '/home/heybat/Desktop/miniproject/src/robot_interfaces' with build type 'ament_cmake'
[2.280s] INFO:colcon.colcon_cmake.task.cmake.build:Building CMake package in '/home/heybat/Desktop/miniproject/src/robot_interfaces'
[2.299s] INFO:colcon.colcon_core.plugin_system:Skipping extension 'colcon_core.shell.bat': Not used on non-Windows systems
[2.300s] INFO:colcon.colcon_core.shell:Skip shell extension 'powershell' for command environment: Not usable outside of PowerShell
[2.300s] DEBUG:colcon.colcon_core.shell:Skip shell extension 'dsv' for command environment
[2.340s] INFO:colcon.colcon_ros.task.ament_python.build:Building ROS package in '/home/heybat/Desktop/miniproject/src/turtle_project' with build type 'ament_python'
[2.342s] Level 1:colcon.colcon_core.shell:create_environment_hook('turtle_project', 'ament_prefix_path')
[2.348s] INFO:colcon.colcon_core.shell:Creating environment hook '/home/heybat/Desktop/miniproject/install/turtle_project/share/turtle_project/hook/ament_prefix_path.ps1'
[2.351s] INFO:colcon.colcon_core.shell:Creating environment descriptor '/home/heybat/Desktop/miniproject/install/turtle_project/share/turtle_project/hook/ament_prefix_path.dsv'
[2.353s] INFO:colcon.colcon_core.shell:Creating environment hook '/home/heybat/Desktop/miniproject/install/turtle_project/share/turtle_project/hook/ament_prefix_path.sh'
[2.363s] INFO:colcon.colcon_core.shell:Skip shell extension 'powershell' for command environment: Not usable outside of PowerShell
[2.363s] DEBUG:colcon.colcon_core.shell:Skip shell extension 'dsv' for command environment
[2.446s] DEBUG:colcon.colcon_core.event_handler.log_command:Invoking command in '/home/heybat/Desktop/miniproject/build/robot_interfaces': CMAKE_PREFIX_PATH=${CMAKE_PREFIX_PATH}:/home/heybat/Desktop/miniproject/install/turtle_project:/home/heybat/Desktop/ws_ros2/install/my_robot_controller:/home/heybat/Desktop/ROS/ActivitywithROS/Activity2_Ros2/install/my_second_pkg:/home/heybat/Desktop/ros2_ws2/install/my_first_pkg:/opt/ros/humble /usr/bin/cmake /home/heybat/Desktop/miniproject/src/robot_interfaces -DCMAKE_INSTALL_PREFIX=/home/heybat/Desktop/miniproject/install/robot_interfaces
[4.214s] INFO:colcon.colcon_core.task.python.build:Building Python package in '/home/heybat/Desktop/miniproject/src/turtle_project'
[4.220s] INFO:colcon.colcon_core.shell:Skip shell extension 'powershell' for command environment: Not usable outside of PowerShell
[4.220s] DEBUG:colcon.colcon_core.shell:Skip shell extension 'dsv' for command environment
[6.780s] DEBUG:colcon.colcon_core.event_handler.log_command:Invoking command in '/home/heybat/Desktop/miniproject/build/turtle_project': PYTHONPATH=/home/heybat/Desktop/miniproject/build/turtle_project/prefix_override:/home/heybat/Desktop/miniproject/install/turtle_project/lib/python3.10/site-packages:${PYTHONPATH} /usr/bin/python3 setup.py develop --uninstall --editable --build-directory /home/heybat/Desktop/miniproject/build/turtle_project/build
[8.630s] DEBUG:colcon.colcon_core.event_handler.log_command:Invoked command in '/home/heybat/Desktop/miniproject/build/robot_interfaces' returned '0': CMAKE_PREFIX_PATH=${CMAKE_PREFIX_PATH}:/home/heybat/Desktop/miniproject/install/turtle_project:/home/heybat/Desktop/ws_ros2/install/my_robot_controller:/home/heybat/Desktop/ROS/ActivitywithROS/Activity2_Ros2/install/my_second_pkg:/home/heybat/Desktop/ros2_ws2/install/my_first_pkg:/opt/ros/humble /usr/bin/cmake /home/heybat/Desktop/miniproject/src/robot_interfaces -DCMAKE_INSTALL_PREFIX=/home/heybat/Desktop/miniproject/install/robot_interfaces
[8.643s] DEBUG:colcon.colcon_core.event_handler.log_command:Invoking command in '/home/heybat/Desktop/miniproject/build/robot_interfaces': CMAKE_PREFIX_PATH=${CMAKE_PREFIX_PATH}:/home/heybat/Desktop/miniproject/install/turtle_project:/home/heybat/Desktop/ws_ros2/install/my_robot_controller:/home/heybat/Desktop/ROS/ActivitywithROS/Activity2_Ros2/install/my_second_pkg:/home/heybat/Desktop/ros2_ws2/install/my_first_pkg:/opt/ros/humble /usr/bin/cmake --build /home/heybat/Desktop/miniproject/build/robot_interfaces -- -j4 -l4
[10.933s] DEBUG:colcon.colcon_core.event_handler.log_command:Invoked command in '/home/heybat/Desktop/miniproject/build/turtle_project' returned '0': PYTHONPATH=/home/heybat/Desktop/miniproject/build/turtle_project/prefix_override:/home/heybat/Desktop/miniproject/install/turtle_project/lib/python3.10/site-packages:${PYTHONPATH} /usr/bin/python3 setup.py develop --uninstall --editable --build-directory /home/heybat/Desktop/miniproject/build/turtle_project/build
[10.935s] DEBUG:colcon.colcon_core.event_handler.log_command:Invoking command in '/home/heybat/Desktop/miniproject/src/turtle_project': PYTHONPATH=/home/heybat/Desktop/miniproject/build/turtle_project/prefix_override:/home/heybat/Desktop/miniproject/install/turtle_project/lib/python3.10/site-packages:${PYTHONPATH} /usr/bin/python3 setup.py egg_info --egg-base ../../build/turtle_project build --build-base /home/heybat/Desktop/miniproject/build/turtle_project/build install --record /home/heybat/Desktop/miniproject/build/turtle_project/install.log --single-version-externally-managed
[12.610s] DEBUG:colcon.colcon_core.event_handler.log_command:Invoked command in '/home/heybat/Desktop/miniproject/build/robot_interfaces' returned '0': CMAKE_PREFIX_PATH=${CMAKE_PREFIX_PATH}:/home/heybat/Desktop/miniproject/install/turtle_project:/home/heybat/Desktop/ws_ros2/install/my_robot_controller:/home/heybat/Desktop/ROS/ActivitywithROS/Activity2_Ros2/install/my_second_pkg:/home/heybat/Desktop/ros2_ws2/install/my_first_pkg:/opt/ros/humble /usr/bin/cmake --build /home/heybat/Desktop/miniproject/build/robot_interfaces -- -j4 -l4
[13.664s] DEBUG:colcon.colcon_core.event_handler.log_command:Invoking command in '/home/heybat/Desktop/miniproject/build/robot_interfaces': CMAKE_PREFIX_PATH=${CMAKE_PREFIX_PATH}:/home/heybat/Desktop/miniproject/install/turtle_project:/home/heybat/Desktop/ws_ros2/install/my_robot_controller:/home/heybat/Desktop/ROS/ActivitywithROS/Activity2_Ros2/install/my_second_pkg:/home/heybat/Desktop/ros2_ws2/install/my_first_pkg:/opt/ros/humble /usr/bin/cmake --install /home/heybat/Desktop/miniproject/build/robot_interfaces
[14.240s] DEBUG:colcon.colcon_core.event_handler.log_command:Invoked command in '/home/heybat/Desktop/miniproject/src/turtle_project' returned '0': PYTHONPATH=/home/heybat/Desktop/miniproject/build/turtle_project/prefix_override:/home/heybat/Desktop/miniproject/install/turtle_project/lib/python3.10/site-packages:${PYTHONPATH} /usr/bin/python3 setup.py egg_info --egg-base ../../build/turtle_project build --build-base /home/heybat/Desktop/miniproject/build/turtle_project/build install --record /home/heybat/Desktop/miniproject/build/turtle_project/install.log --single-version-externally-managed
[14.275s] Level 1:colcon.colcon_core.environment:checking '/home/heybat/Desktop/miniproject/install/turtle_project' for CMake module files
[14.279s] Level 1:colcon.colcon_core.environment:checking '/home/heybat/Desktop/miniproject/install/turtle_project' for CMake config files
[14.285s] Level 1:colcon.colcon_core.environment:checking '/home/heybat/Desktop/miniproject/install/turtle_project/lib'
[14.286s] Level 1:colcon.colcon_core.environment:checking '/home/heybat/Desktop/miniproject/install/turtle_project/bin'
[14.287s] Level 1:colcon.colcon_core.environment:checking '/home/heybat/Desktop/miniproject/install/turtle_project/lib/pkgconfig/turtle_project.pc'
[14.289s] Level 1:colcon.colcon_core.environment:checking '/home/heybat/Desktop/miniproject/install/turtle_project/lib/python3.10/site-packages'
[14.289s] Level 1:colcon.colcon_core.shell:create_environment_hook('turtle_project', 'pythonpath')
[14.298s] INFO:colcon.colcon_core.shell:Creating environment hook '/home/heybat/Desktop/miniproject/install/turtle_project/share/turtle_project/hook/pythonpath.ps1'
[14.350s] INFO:colcon.colcon_core.shell:Creating environment descriptor '/home/heybat/Desktop/miniproject/install/turtle_project/share/turtle_project/hook/pythonpath.dsv'
[14.353s] INFO:colcon.colcon_core.shell:Creating environment hook '/home/heybat/Desktop/miniproject/install/turtle_project/share/turtle_project/hook/pythonpath.sh'
[14.358s] Level 1:colcon.colcon_core.environment:checking '/home/heybat/Desktop/miniproject/install/turtle_project/bin'
[14.359s] Level 1:colcon.colcon_core.environment:create_environment_scripts_only(turtle_project)
[14.390s] INFO:colcon.colcon_core.shell:Creating package script '/home/heybat/Desktop/miniproject/install/turtle_project/share/turtle_project/package.ps1'
[14.396s] INFO:colcon.colcon_core.shell:Creating package descriptor '/home/heybat/Desktop/miniproject/install/turtle_project/share/turtle_project/package.dsv'
[14.420s] INFO:colcon.colcon_core.shell:Creating package script '/home/heybat/Desktop/miniproject/install/turtle_project/share/turtle_project/package.sh'
[14.427s] INFO:colcon.colcon_core.shell:Creating package script '/home/heybat/Desktop/miniproject/install/turtle_project/share/turtle_project/package.bash'
[14.435s] INFO:colcon.colcon_core.shell:Creating package script '/home/heybat/Desktop/miniproject/install/turtle_project/share/turtle_project/package.zsh'
[14.440s] Level 1:colcon.colcon_core.environment:create_file_with_runtime_dependencies(/home/heybat/Desktop/miniproject/install/turtle_project/share/colcon-core/packages/turtle_project)
[14.669s] Level 1:colcon.colcon_core.environment:create_environment_scripts_only(robot_interfaces)
[14.684s] Level 1:colcon.colcon_core.environment:checking '/home/heybat/Desktop/miniproject/install/robot_interfaces' for CMake module files
[14.686s] DEBUG:colcon.colcon_core.event_handler.log_command:Invoked command in '/home/heybat/Desktop/miniproject/build/robot_interfaces' returned '0': CMAKE_PREFIX_PATH=${CMAKE_PREFIX_PATH}:/home/heybat/Desktop/miniproject/install/turtle_project:/home/heybat/Desktop/ws_ros2/install/my_robot_controller:/home/heybat/Desktop/ROS/ActivitywithROS/Activity2_Ros2/install/my_second_pkg:/home/heybat/Desktop/ros2_ws2/install/my_first_pkg:/opt/ros/humble /usr/bin/cmake --install /home/heybat/Desktop/miniproject/build/robot_interfaces
[14.693s] Level 1:colcon.colcon_core.environment:checking '/home/heybat/Desktop/miniproject/install/robot_interfaces' for CMake config files
[14.698s] Level 1:colcon.colcon_core.shell:create_environment_hook('robot_interfaces', 'cmake_prefix_path')
[14.708s] INFO:colcon.colcon_core.shell:Creating environment hook '/home/heybat/Desktop/miniproject/install/robot_interfaces/share/robot_interfaces/hook/cmake_prefix_path.ps1'
[14.711s] INFO:colcon.colcon_core.shell:Creating environment descriptor '/home/heybat/Desktop/miniproject/install/robot_interfaces/share/robot_interfaces/hook/cmake_prefix_path.dsv'
[14.715s] INFO:colcon.colcon_core.shell:Creating environment hook '/home/heybat/Desktop/miniproject/install/robot_interfaces/share/robot_interfaces/hook/cmake_prefix_path.sh'
[14.722s] Level 1:colcon.colcon_core.environment:checking '/home/heybat/Desktop/miniproject/install/robot_interfaces/lib'
[14.722s] Level 1:colcon.colcon_core.shell:create_environment_hook('robot_interfaces', 'ld_library_path_lib')
[14.733s] INFO:colcon.colcon_core.shell:Creating environment hook '/home/heybat/Desktop/miniproject/install/robot_interfaces/share/robot_interfaces/hook/ld_library_path_lib.ps1'
[14.736s] INFO:colcon.colcon_core.shell:Creating environment descriptor '/home/heybat/Desktop/miniproject/install/robot_interfaces/share/robot_interfaces/hook/ld_library_path_lib.dsv'
[14.739s] INFO:colcon.colcon_core.shell:Creating environment hook '/home/heybat/Desktop/miniproject/install/robot_interfaces/share/robot_interfaces/hook/ld_library_path_lib.sh'
[14.742s] Level 1:colcon.colcon_core.environment:checking '/home/heybat/Desktop/miniproject/install/robot_interfaces/bin'
[14.743s] Level 1:colcon.colcon_core.environment:checking '/home/heybat/Desktop/miniproject/install/robot_interfaces/lib/pkgconfig/robot_interfaces.pc'
[14.746s] Level 1:colcon.colcon_core.environment:checking '/home/heybat/Desktop/miniproject/install/robot_interfaces/lib/python3.10/site-packages'
[14.748s] Level 1:colcon.colcon_core.environment:checking '/home/heybat/Desktop/miniproject/install/robot_interfaces/bin'
[14.758s] INFO:colcon.colcon_core.shell:Creating package script '/home/heybat/Desktop/miniproject/install/robot_interfaces/share/robot_interfaces/package.ps1'
[14.762s] INFO:colcon.colcon_core.shell:Creating package descriptor '/home/heybat/Desktop/miniproject/install/robot_interfaces/share/robot_interfaces/package.dsv'
[14.766s] INFO:colcon.colcon_core.shell:Creating package script '/home/heybat/Desktop/miniproject/install/robot_interfaces/share/robot_interfaces/package.sh'
[14.771s] INFO:colcon.colcon_core.shell:Creating package script '/home/heybat/Desktop/miniproject/install/robot_interfaces/share/robot_interfaces/package.bash'
[14.775s] INFO:colcon.colcon_core.shell:Creating package script '/home/heybat/Desktop/miniproject/install/robot_interfaces/share/robot_interfaces/package.zsh'
[14.778s] Level 1:colcon.colcon_core.environment:create_file_with_runtime_dependencies(/home/heybat/Desktop/miniproject/install/robot_interfaces/share/colcon-core/packages/robot_interfaces)
[15.419s] Level 1:colcon.colcon_core.environment:create_environment_scripts_only(robot_interfaces)
[15.434s] Level 1:colcon.colcon_core.environment:checking '/home/heybat/Desktop/miniproject/install/robot_interfaces' for CMake module files
[15.441s] Level 1:colcon.colcon_core.environment:checking '/home/heybat/Desktop/miniproject/install/robot_interfaces' for CMake config files
[15.446s] Level 1:colcon.colcon_core.shell:create_environment_hook('robot_interfaces', 'cmake_prefix_path')
[15.454s] INFO:colcon.colcon_core.shell:Creating environment hook '/home/heybat/Desktop/miniproject/install/robot_interfaces/share/robot_interfaces/hook/cmake_prefix_path.ps1'
[15.457s] INFO:colcon.colcon_core.shell:Creating environment descriptor '/home/heybat/Desktop/miniproject/install/robot_interfaces/share/robot_interfaces/hook/cmake_prefix_path.dsv'
[15.460s] INFO:colcon.colcon_core.shell:Creating environment hook '/home/heybat/Desktop/miniproject/install/robot_interfaces/share/robot_interfaces/hook/cmake_prefix_path.sh'
[15.463s] Level 1:colcon.colcon_core.environment:checking '/home/heybat/Desktop/miniproject/install/robot_interfaces/lib'
[15.464s] Level 1:colcon.colcon_core.shell:create_environment_hook('robot_interfaces', 'ld_library_path_lib')
[15.473s] INFO:colcon.colcon_core.shell:Creating environment hook '/home/heybat/Desktop/miniproject/install/robot_interfaces/share/robot_interfaces/hook/ld_library_path_lib.ps1'
[15.478s] INFO:colcon.colcon_core.shell:Creating environment descriptor '/home/heybat/Desktop/miniproject/install/robot_interfaces/share/robot_interfaces/hook/ld_library_path_lib.dsv'
[15.481s] INFO:colcon.colcon_core.shell:Creating environment hook '/home/heybat/Desktop/miniproject/install/robot_interfaces/share/robot_interfaces/hook/ld_library_path_lib.sh'
[15.484s] Level 1:colcon.colcon_core.environment:checking '/home/heybat/Desktop/miniproject/install/robot_interfaces/bin'
[15.485s] Level 1:colcon.colcon_core.environment:checking '/home/heybat/Desktop/miniproject/install/robot_interfaces/lib/pkgconfig/robot_interfaces.pc'
[15.487s] Level 1:colcon.colcon_core.environment:checking '/home/heybat/Desktop/miniproject/install/robot_interfaces/lib/python3.10/site-packages'
[15.488s] Level 1:colcon.colcon_core.environment:checking '/home/heybat/Desktop/miniproject/install/robot_interfaces/bin'
[15.495s] INFO:colcon.colcon_core.shell:Creating package script '/home/heybat/Desktop/miniproject/install/robot_interfaces/share/robot_interfaces/package.ps1'
[15.499s] INFO:colcon.colcon_core.shell:Creating package descriptor '/home/heybat/Desktop/miniproject/install/robot_interfaces/share/robot_interfaces/package.dsv'
[15.502s] INFO:colcon.colcon_core.shell:Creating package script '/home/heybat/Desktop/miniproject/install/robot_interfaces/share/robot_interfaces/package.sh'
[15.506s] INFO:colcon.colcon_core.shell:Creating package script '/home/heybat/Desktop/miniproject/install/robot_interfaces/share/robot_interfaces/package.bash'
[15.509s] INFO:colcon.colcon_core.shell:Creating package script '/home/heybat/Desktop/miniproject/install/robot_interfaces/share/robot_interfaces/package.zsh'
[15.512s] Level 1:colcon.colcon_core.environment:create_file_with_runtime_dependencies(/home/heybat/Desktop/miniproject/install/robot_interfaces/share/colcon-core/packages/robot_interfaces)
[15.513s] DEBUG:colcon.colcon_parallel_executor.executor.parallel:closing loop
[15.515s] DEBUG:colcon.colcon_parallel_executor.executor.parallel:loop closed
[15.516s] DEBUG:colcon.colcon_parallel_executor.executor.parallel:run_until_complete finished with '0'
[15.516s] DEBUG:colcon.colcon_core.event_reactor:joining thread
[15.549s] INFO:colcon.colcon_core.plugin_system:Skipping extension 'colcon_notification.desktop_notification.terminal_notifier': Not used on non-Darwin systems
[15.550s] INFO:colcon.colcon_core.plugin_system:Skipping extension 'colcon_notification.desktop_notification.win32': Not used on non-Windows systems
[15.550s] INFO:colcon.colcon_notification.desktop_notification:Sending desktop notification using 'notify2'
[15.642s] DEBUG:colcon.colcon_core.event_reactor:joined thread
[15.652s] INFO:colcon.colcon_core.shell:Creating prefix script '/home/heybat/Desktop/miniproject/install/local_setup.ps1'
[15.661s] INFO:colcon.colcon_core.shell:Creating prefix util module '/home/heybat/Desktop/miniproject/install/_local_setup_util_ps1.py'
[15.668s] INFO:colcon.colcon_core.shell:Creating prefix chain script '/home/heybat/Desktop/miniproject/install/setup.ps1'
[15.682s] INFO:colcon.colcon_core.shell:Creating prefix script '/home/heybat/Desktop/miniproject/install/local_setup.sh'
[15.700s] INFO:colcon.colcon_core.shell:Creating prefix util module '/home/heybat/Desktop/miniproject/install/_local_setup_util_sh.py'
[15.705s] INFO:colcon.colcon_core.shell:Creating prefix chain script '/home/heybat/Desktop/miniproject/install/setup.sh'
[15.722s] INFO:colcon.colcon_core.shell:Creating prefix script '/home/heybat/Desktop/miniproject/install/local_setup.bash'
[15.727s] INFO:colcon.colcon_core.shell:Creating prefix chain script '/home/heybat/Desktop/miniproject/install/setup.bash'
[15.742s] INFO:colcon.colcon_core.shell:Creating prefix script '/home/heybat/Desktop/miniproject/install/local_setup.zsh'
[15.747s] INFO:colcon.colcon_core.shell:Creating prefix chain script '/home/heybat/Desktop/miniproject/install/setup.zsh'
