[0.249s] Invoking command in '/home/heybat/Desktop/miniproject/build/robot_interfaces': CMAKE_PREFIX_PATH=${CMAKE_PREFIX_PATH}:/home/heybat/Desktop/miniproject/install/turtle_project:/home/heybat/Desktop/ws_ros2/install/my_robot_controller:/home/heybat/Desktop/ROS/ActivitywithROS/Activity2_Ros2/install/my_second_pkg:/home/heybat/Desktop/ros2_ws2/install/my_first_pkg:/opt/ros/humble /usr/bin/cmake --build /home/heybat/Desktop/miniproject/build/robot_interfaces -- -j4 -l4
[0.363s] -- Found ament_cmake: 1.3.5 (/opt/ros/humble/share/ament_cmake/cmake)
[1.272s] -- Override CMake install command with custom implementation using symlinks instead of copying resources
[1.316s] -- Found rosidl_default_generators: 1.2.0 (/opt/ros/humble/share/rosidl_default_generators/cmake)
[1.327s] -- Using all available rosidl_typesupport_c: rosidl_typesupport_fastrtps_c;rosidl_typesupport_introspection_c
[1.342s] -- Found rosidl_adapter: 3.1.5 (/opt/ros/humble/share/rosidl_adapter/cmake)
[1.556s] -- Using all available rosidl_typesupport_cpp: rosidl_typesupport_fastrtps_cpp;rosidl_typesupport_introspection_cpp
[3.298s] -- Found ament_cmake_ros: 0.10.0 (/opt/ros/humble/share/ament_cmake_ros/cmake)
[4.684s] -- Using all available rosidl_typesupport_c: rosidl_typesupport_fastrtps_c;rosidl_typesupport_introspection_c
[6.298s] -- Using all available rosidl_typesupport_cpp: rosidl_typesupport_fastrtps_cpp;rosidl_typesupport_introspection_cpp
[6.453s] -- Found python_cmake_module: 0.10.0 (/opt/ros/humble/share/python_cmake_module/cmake)
[6.595s] -- Using PYTHON_EXECUTABLE: /usr/bin/python3
[6.596s] -- Using PYTHON_INCLUDE_DIRS: /usr/include/python3.10
[6.596s] -- Using PYTHON_LIBRARIES: /usr/lib/aarch64-linux-gnu/libpython3.10.so
[6.766s] -- Configuring done
[7.054s] -- Generating done
[7.087s] -- Build files have been written to: /home/heybat/Desktop/miniproject/build/robot_interfaces
[7.356s] [  2%] Built target robot_interfaces__cpp
[7.361s] [35m[1mConsolidate compiler generated dependencies of target robot_interfaces__rosidl_generator_c[0m
[7.452s] [35m[1mConsolidate compiler generated dependencies of target robot_interfaces__rosidl_typesupport_cpp[0m
[7.498s] [ 12%] Built target robot_interfaces__rosidl_generator_c
[7.514s] [ 12%] Built target ament_cmake_python_symlink_robot_interfaces
[7.554s] [35m[1mConsolidate compiler generated dependencies of target robot_interfaces__rosidl_typesupport_fastrtps_cpp[0m
[7.587s] [ 23%] Built target robot_interfaces__rosidl_typesupport_cpp
[7.631s] [35m[1mConsolidate compiler generated dependencies of target robot_interfaces__rosidl_typesupport_introspection_cpp[0m
[7.688s] [ 33%] Built target robot_interfaces__rosidl_typesupport_fastrtps_cpp
[7.703s] [35m[1mConsolidate compiler generated dependencies of target robot_interfaces__rosidl_typesupport_fastrtps_c[0m
[7.805s] [35m[1mConsolidate compiler generated dependencies of target robot_interfaces__rosidl_typesupport_introspection_c[0m
[7.861s] [ 43%] Built target robot_interfaces__rosidl_typesupport_fastrtps_c
[7.925s] [ 53%] Built target robot_interfaces__rosidl_typesupport_introspection_c
[7.959s] [ 64%] Built target robot_interfaces__rosidl_typesupport_introspection_cpp
[8.016s] [35m[1mConsolidate compiler generated dependencies of target robot_interfaces__rosidl_typesupport_c[0m
[8.114s] [ 74%] Built target robot_interfaces__rosidl_typesupport_c
[8.299s] [ 74%] Built target robot_interfaces
[8.428s] [ 76%] Built target robot_interfaces__py
[8.506s] [35m[1mConsolidate compiler generated dependencies of target robot_interfaces__rosidl_generator_py[0m
[8.610s] [ 84%] Built target robot_interfaces__rosidl_generator_py
[8.701s] [35m[1mConsolidate compiler generated dependencies of target robot_interfaces__rosidl_typesupport_fastrtps_c__pyext[0m
[8.754s] [35m[1mConsolidate compiler generated dependencies of target robot_interfaces__rosidl_typesupport_c__pyext[0m
[8.795s] [35m[1mConsolidate compiler generated dependencies of target robot_interfaces__rosidl_typesupport_introspection_c__pyext[0m
[8.864s] [ 89%] Built target robot_interfaces__rosidl_typesupport_fastrtps_c__pyext
[8.900s] [ 94%] Built target robot_interfaces__rosidl_typesupport_c__pyext
[8.914s] [100%] Built target robot_interfaces__rosidl_typesupport_introspection_c__pyext
[10.623s] running egg_info
[10.626s] writing robot_interfaces.egg-info/PKG-INFO
[10.628s] writing dependency_links to robot_interfaces.egg-info/dependency_links.txt
[10.629s] writing top-level names to robot_interfaces.egg-info/top_level.txt
[10.646s] reading manifest file 'robot_interfaces.egg-info/SOURCES.txt'
[10.651s] writing manifest file 'robot_interfaces.egg-info/SOURCES.txt'
[10.857s] [100%] Built target ament_cmake_python_build_robot_interfaces_egg
[10.940s] Invoked command in '/home/heybat/Desktop/miniproject/build/robot_interfaces' returned '0': CMAKE_PREFIX_PATH=${CMAKE_PREFIX_PATH}:/home/heybat/Desktop/miniproject/install/turtle_project:/home/heybat/Desktop/ws_ros2/install/my_robot_controller:/home/heybat/Desktop/ROS/ActivitywithROS/Activity2_Ros2/install/my_second_pkg:/home/heybat/Desktop/ros2_ws2/install/my_first_pkg:/opt/ros/humble /usr/bin/cmake --build /home/heybat/Desktop/miniproject/build/robot_interfaces -- -j4 -l4
[11.849s] Invoking command in '/home/heybat/Desktop/miniproject/build/robot_interfaces': CMAKE_PREFIX_PATH=${CMAKE_PREFIX_PATH}:/home/heybat/Desktop/miniproject/install/turtle_project:/home/heybat/Desktop/ws_ros2/install/my_robot_controller:/home/heybat/Desktop/ROS/ActivitywithROS/Activity2_Ros2/install/my_second_pkg:/home/heybat/Desktop/ros2_ws2/install/my_first_pkg:/opt/ros/humble /usr/bin/cmake --install /home/heybat/Desktop/miniproject/build/robot_interfaces
[11.885s] -- Install configuration: ""
[11.889s] -- Execute custom install script
[11.892s] -- Up-to-date symlink: /home/heybat/Desktop/miniproject/install/robot_interfaces/share/ament_index/resource_index/rosidl_interfaces/robot_interfaces
[11.896s] -- Up-to-date symlink: /home/heybat/Desktop/miniproject/install/robot_interfaces/include/robot_interfaces/robot_interfaces/msg/detail/turtle__functions.h
[11.914s] -- Up-to-date symlink: /home/heybat/Desktop/miniproject/install/robot_interfaces/include/robot_interfaces/robot_interfaces/msg/detail/turtle__struct.h
[11.918s] -- Up-to-date symlink: /home/heybat/Desktop/miniproject/install/robot_interfaces/include/robot_interfaces/robot_interfaces/msg/detail/turtle__type_support.h
[11.928s] -- Up-to-date symlink: /home/heybat/Desktop/miniproject/install/robot_interfaces/include/robot_interfaces/robot_interfaces/msg/detail/turtle_array__functions.h
[11.930s] -- Up-to-date symlink: /home/heybat/Desktop/miniproject/install/robot_interfaces/include/robot_interfaces/robot_interfaces/msg/detail/turtle_array__struct.h
[11.934s] -- Up-to-date symlink: /home/heybat/Desktop/miniproject/install/robot_interfaces/include/robot_interfaces/robot_interfaces/msg/detail/turtle_array__type_support.h
[11.937s] -- Up-to-date symlink: /home/heybat/Desktop/miniproject/install/robot_interfaces/include/robot_interfaces/robot_interfaces/msg/rosidl_generator_c__visibility_control.h
[11.938s] -- Up-to-date symlink: /home/heybat/Desktop/miniproject/install/robot_interfaces/include/robot_interfaces/robot_interfaces/msg/turtle.h
[11.938s] -- Up-to-date symlink: /home/heybat/Desktop/miniproject/install/robot_interfaces/include/robot_interfaces/robot_interfaces/msg/turtle_array.h
[11.944s] -- Up-to-date symlink: /home/heybat/Desktop/miniproject/install/robot_interfaces/share/robot_interfaces/environment/library_path.sh
[11.945s] -- Up-to-date symlink: /home/heybat/Desktop/miniproject/install/robot_interfaces/share/robot_interfaces/environment/library_path.dsv
[11.946s] -- Up-to-date symlink: /home/heybat/Desktop/miniproject/install/robot_interfaces/include/robot_interfaces/robot_interfaces/msg/detail/turtle__rosidl_typesupport_fastrtps_c.h
[11.947s] -- Up-to-date symlink: /home/heybat/Desktop/miniproject/install/robot_interfaces/include/robot_interfaces/robot_interfaces/msg/detail/turtle_array__rosidl_typesupport_fastrtps_c.h
[11.947s] -- Up-to-date symlink: /home/heybat/Desktop/miniproject/install/robot_interfaces/include/robot_interfaces/robot_interfaces/msg/rosidl_typesupport_fastrtps_c__visibility_control.h
[11.948s] -- Up-to-date symlink: /home/heybat/Desktop/miniproject/install/robot_interfaces/include/robot_interfaces/robot_interfaces/msg/detail/turtle__rosidl_typesupport_introspection_c.h
[11.965s] -- Up-to-date symlink: /home/heybat/Desktop/miniproject/install/robot_interfaces/include/robot_interfaces/robot_interfaces/msg/detail/turtle_array__rosidl_typesupport_introspection_c.h
[11.966s] -- Up-to-date symlink: /home/heybat/Desktop/miniproject/install/robot_interfaces/include/robot_interfaces/robot_interfaces/msg/rosidl_typesupport_introspection_c__visibility_control.h
[11.967s] -- Up-to-date symlink: /home/heybat/Desktop/miniproject/install/robot_interfaces/include/robot_interfaces/robot_interfaces/msg/detail/turtle__builder.hpp
[11.968s] -- Up-to-date symlink: /home/heybat/Desktop/miniproject/install/robot_interfaces/include/robot_interfaces/robot_interfaces/msg/detail/turtle__struct.hpp
[11.969s] -- Up-to-date symlink: /home/heybat/Desktop/miniproject/install/robot_interfaces/include/robot_interfaces/robot_interfaces/msg/detail/turtle__traits.hpp
[11.975s] -- Up-to-date symlink: /home/heybat/Desktop/miniproject/install/robot_interfaces/include/robot_interfaces/robot_interfaces/msg/detail/turtle_array__builder.hpp
[11.976s] -- Up-to-date symlink: /home/heybat/Desktop/miniproject/install/robot_interfaces/include/robot_interfaces/robot_interfaces/msg/detail/turtle_array__struct.hpp
[11.976s] -- Up-to-date symlink: /home/heybat/Desktop/miniproject/install/robot_interfaces/include/robot_interfaces/robot_interfaces/msg/detail/turtle_array__traits.hpp
[11.977s] -- Up-to-date symlink: /home/heybat/Desktop/miniproject/install/robot_interfaces/include/robot_interfaces/robot_interfaces/msg/turtle.hpp
[11.989s] -- Up-to-date symlink: /home/heybat/Desktop/miniproject/install/robot_interfaces/include/robot_interfaces/robot_interfaces/msg/turtle_array.hpp
[11.989s] -- Up-to-date symlink: /home/heybat/Desktop/miniproject/install/robot_interfaces/include/robot_interfaces/robot_interfaces/msg/detail/turtle__rosidl_typesupport_fastrtps_cpp.hpp
[11.990s] -- Up-to-date symlink: /home/heybat/Desktop/miniproject/install/robot_interfaces/include/robot_interfaces/robot_interfaces/msg/detail/turtle_array__rosidl_typesupport_fastrtps_cpp.hpp
[11.991s] -- Up-to-date symlink: /home/heybat/Desktop/miniproject/install/robot_interfaces/include/robot_interfaces/robot_interfaces/msg/rosidl_typesupport_fastrtps_cpp__visibility_control.h
[11.991s] -- Up-to-date symlink: /home/heybat/Desktop/miniproject/install/robot_interfaces/include/robot_interfaces/robot_interfaces/msg/detail/turtle__rosidl_typesupport_introspection_cpp.hpp
[11.992s] -- Up-to-date symlink: /home/heybat/Desktop/miniproject/install/robot_interfaces/include/robot_interfaces/robot_interfaces/msg/detail/turtle_array__rosidl_typesupport_introspection_cpp.hpp
[11.993s] -- Up-to-date symlink: /home/heybat/Desktop/miniproject/install/robot_interfaces/share/robot_interfaces/environment/pythonpath.sh
[11.993s] -- Up-to-date symlink: /home/heybat/Desktop/miniproject/install/robot_interfaces/share/robot_interfaces/environment/pythonpath.dsv
[11.994s] -- Up-to-date symlink: /home/heybat/Desktop/miniproject/install/robot_interfaces/local/lib/python3.10/dist-packages/robot_interfaces-0.0.0-py3.10.egg-info/PKG-INFO
[11.995s] -- Up-to-date symlink: /home/heybat/Desktop/miniproject/install/robot_interfaces/local/lib/python3.10/dist-packages/robot_interfaces-0.0.0-py3.10.egg-info/SOURCES.txt
[11.996s] -- Up-to-date symlink: /home/heybat/Desktop/miniproject/install/robot_interfaces/local/lib/python3.10/dist-packages/robot_interfaces-0.0.0-py3.10.egg-info/dependency_links.txt
[12.006s] -- Up-to-date symlink: /home/heybat/Desktop/miniproject/install/robot_interfaces/local/lib/python3.10/dist-packages/robot_interfaces-0.0.0-py3.10.egg-info/top_level.txt
[12.007s] -- Up-to-date symlink: /home/heybat/Desktop/miniproject/install/robot_interfaces/local/lib/python3.10/dist-packages/robot_interfaces/__init__.py
[12.007s] -- Up-to-date symlink: /home/heybat/Desktop/miniproject/install/robot_interfaces/local/lib/python3.10/dist-packages/robot_interfaces/_robot_interfaces_s.ep.rosidl_typesupport_c.c
[12.008s] -- Up-to-date symlink: /home/heybat/Desktop/miniproject/install/robot_interfaces/local/lib/python3.10/dist-packages/robot_interfaces/_robot_interfaces_s.ep.rosidl_typesupport_fastrtps_c.c
[12.009s] -- Up-to-date symlink: /home/heybat/Desktop/miniproject/install/robot_interfaces/local/lib/python3.10/dist-packages/robot_interfaces/_robot_interfaces_s.ep.rosidl_typesupport_introspection_c.c
[12.012s] -- Up-to-date symlink: /home/heybat/Desktop/miniproject/install/robot_interfaces/local/lib/python3.10/dist-packages/robot_interfaces/librobot_interfaces__rosidl_generator_py.so
[12.013s] -- Up-to-date symlink: /home/heybat/Desktop/miniproject/install/robot_interfaces/local/lib/python3.10/dist-packages/robot_interfaces/msg/__init__.py
[12.022s] -- Up-to-date symlink: /home/heybat/Desktop/miniproject/install/robot_interfaces/local/lib/python3.10/dist-packages/robot_interfaces/msg/_turtle.py
[12.023s] -- Up-to-date symlink: /home/heybat/Desktop/miniproject/install/robot_interfaces/local/lib/python3.10/dist-packages/robot_interfaces/msg/_turtle_array.py
[12.024s] -- Up-to-date symlink: /home/heybat/Desktop/miniproject/install/robot_interfaces/local/lib/python3.10/dist-packages/robot_interfaces/msg/_turtle_array_s.c
[12.026s] -- Up-to-date symlink: /home/heybat/Desktop/miniproject/install/robot_interfaces/local/lib/python3.10/dist-packages/robot_interfaces/msg/_turtle_s.c
[12.026s] -- Up-to-date symlink: /home/heybat/Desktop/miniproject/install/robot_interfaces/local/lib/python3.10/dist-packages/robot_interfaces/robot_interfaces_s__rosidl_typesupport_c.cpython-310-aarch64-linux-gnu.so
[12.028s] -- Up-to-date symlink: /home/heybat/Desktop/miniproject/install/robot_interfaces/local/lib/python3.10/dist-packages/robot_interfaces/robot_interfaces_s__rosidl_typesupport_fastrtps_c.cpython-310-aarch64-linux-gnu.so
[12.036s] -- Up-to-date symlink: /home/heybat/Desktop/miniproject/install/robot_interfaces/local/lib/python3.10/dist-packages/robot_interfaces/robot_interfaces_s__rosidl_typesupport_introspection_c.cpython-310-aarch64-linux-gnu.so
[12.037s] -- Up-to-date symlink: /home/heybat/Desktop/miniproject/install/robot_interfaces/local/lib/python3.10/dist-packages/robot_interfaces/robot_interfaces_s__rosidl_typesupport_fastrtps_c.cpython-310-aarch64-linux-gnu.so
[12.038s] -- Up-to-date symlink: /home/heybat/Desktop/miniproject/install/robot_interfaces/local/lib/python3.10/dist-packages/robot_interfaces/robot_interfaces_s__rosidl_typesupport_introspection_c.cpython-310-aarch64-linux-gnu.so
[12.040s] -- Up-to-date symlink: /home/heybat/Desktop/miniproject/install/robot_interfaces/local/lib/python3.10/dist-packages/robot_interfaces/robot_interfaces_s__rosidl_typesupport_c.cpython-310-aarch64-linux-gnu.so
[12.041s] -- Up-to-date symlink: /home/heybat/Desktop/miniproject/install/robot_interfaces/share/robot_interfaces/msg/Turtle.idl
[12.042s] -- Up-to-date symlink: /home/heybat/Desktop/miniproject/install/robot_interfaces/share/robot_interfaces/msg/TurtleArray.idl
[12.043s] -- Up-to-date symlink: /home/heybat/Desktop/miniproject/install/robot_interfaces/share/robot_interfaces/msg/Turtle.msg
[12.043s] -- Up-to-date symlink: /home/heybat/Desktop/miniproject/install/robot_interfaces/share/robot_interfaces/msg/TurtleArray.msg
[12.044s] -- Up-to-date symlink: /home/heybat/Desktop/miniproject/install/robot_interfaces/share/ament_index/resource_index/package_run_dependencies/robot_interfaces
[12.045s] -- Up-to-date symlink: /home/heybat/Desktop/miniproject/install/robot_interfaces/share/ament_index/resource_index/parent_prefix_path/robot_interfaces
[12.045s] -- Up-to-date symlink: /home/heybat/Desktop/miniproject/install/robot_interfaces/share/robot_interfaces/environment/ament_prefix_path.sh
[12.046s] -- Up-to-date symlink: /home/heybat/Desktop/miniproject/install/robot_interfaces/share/robot_interfaces/environment/ament_prefix_path.dsv
[12.047s] -- Up-to-date symlink: /home/heybat/Desktop/miniproject/install/robot_interfaces/share/robot_interfaces/environment/path.sh
[12.047s] -- Up-to-date symlink: /home/heybat/Desktop/miniproject/install/robot_interfaces/share/robot_interfaces/environment/path.dsv
[12.048s] -- Up-to-date symlink: /home/heybat/Desktop/miniproject/install/robot_interfaces/share/robot_interfaces/local_setup.bash
[12.049s] -- Up-to-date symlink: /home/heybat/Desktop/miniproject/install/robot_interfaces/share/robot_interfaces/local_setup.sh
[12.050s] -- Up-to-date symlink: /home/heybat/Desktop/miniproject/install/robot_interfaces/share/robot_interfaces/local_setup.zsh
[12.051s] -- Up-to-date symlink: /home/heybat/Desktop/miniproject/install/robot_interfaces/share/robot_interfaces/local_setup.dsv
[12.052s] -- Symlinking: /home/heybat/Desktop/miniproject/install/robot_interfaces/share/robot_interfaces/package.dsv
[12.100s] -- Up-to-date symlink: /home/heybat/Desktop/miniproject/install/robot_interfaces/share/ament_index/resource_index/packages/robot_interfaces
[12.103s] -- Up-to-date symlink: /home/heybat/Desktop/miniproject/install/robot_interfaces/share/robot_interfaces/cmake/rosidl_cmake-extras.cmake
[12.108s] -- Up-to-date symlink: /home/heybat/Desktop/miniproject/install/robot_interfaces/share/robot_interfaces/cmake/ament_cmake_export_include_directories-extras.cmake
[12.114s] -- Up-to-date symlink: /home/heybat/Desktop/miniproject/install/robot_interfaces/share/robot_interfaces/cmake/ament_cmake_export_libraries-extras.cmake
[12.120s] -- Up-to-date symlink: /home/heybat/Desktop/miniproject/install/robot_interfaces/share/robot_interfaces/cmake/ament_cmake_export_targets-extras.cmake
[12.123s] -- Up-to-date symlink: /home/heybat/Desktop/miniproject/install/robot_interfaces/share/robot_interfaces/cmake/rosidl_cmake_export_typesupport_targets-extras.cmake
[12.127s] -- Up-to-date symlink: /home/heybat/Desktop/miniproject/install/robot_interfaces/share/robot_interfaces/cmake/ament_cmake_export_dependencies-extras.cmake
[12.132s] -- Up-to-date symlink: /home/heybat/Desktop/miniproject/install/robot_interfaces/share/robot_interfaces/cmake/rosidl_cmake_export_typesupport_libraries-extras.cmake
[12.136s] -- Up-to-date symlink: /home/heybat/Desktop/miniproject/install/robot_interfaces/share/robot_interfaces/cmake/robot_interfacesConfig.cmake
[12.140s] -- Up-to-date symlink: /home/heybat/Desktop/miniproject/install/robot_interfaces/share/robot_interfaces/cmake/robot_interfacesConfig-version.cmake
[12.144s] -- Up-to-date symlink: /home/heybat/Desktop/miniproject/install/robot_interfaces/share/robot_interfaces/package.xml
[12.149s] -- Up-to-date: /home/heybat/Desktop/miniproject/install/robot_interfaces/lib/librobot_interfaces__rosidl_generator_c.so
[12.159s] -- Up-to-date: /home/heybat/Desktop/miniproject/install/robot_interfaces/lib/librobot_interfaces__rosidl_typesupport_fastrtps_c.so
[12.165s] -- Up-to-date: /home/heybat/Desktop/miniproject/install/robot_interfaces/lib/librobot_interfaces__rosidl_typesupport_introspection_c.so
[12.170s] -- Up-to-date: /home/heybat/Desktop/miniproject/install/robot_interfaces/lib/librobot_interfaces__rosidl_typesupport_c.so
[12.179s] -- Up-to-date: /home/heybat/Desktop/miniproject/install/robot_interfaces/lib/librobot_interfaces__rosidl_typesupport_fastrtps_cpp.so
[12.190s] -- Up-to-date: /home/heybat/Desktop/miniproject/install/robot_interfaces/lib/librobot_interfaces__rosidl_typesupport_introspection_cpp.so
[12.191s] -- Up-to-date: /home/heybat/Desktop/miniproject/install/robot_interfaces/lib/librobot_interfaces__rosidl_typesupport_cpp.so
[12.431s] Listing '/home/heybat/Desktop/miniproject/install/robot_interfaces/local/lib/python3.10/dist-packages/robot_interfaces'...
[12.431s] Compiling '/home/heybat/Desktop/miniproject/install/robot_interfaces/local/lib/python3.10/dist-packages/robot_interfaces/__init__.py'...
[12.432s] Listing '/home/heybat/Desktop/miniproject/install/robot_interfaces/local/lib/python3.10/dist-packages/robot_interfaces/msg'...
[12.467s] -- Up-to-date: /home/heybat/Desktop/miniproject/install/robot_interfaces/lib/librobot_interfaces__rosidl_generator_py.so
[12.468s] -- Up-to-date: /home/heybat/Desktop/miniproject/install/robot_interfaces/share/robot_interfaces/cmake/export_robot_interfaces__rosidl_generator_cExport.cmake
[12.469s] -- Up-to-date: /home/heybat/Desktop/miniproject/install/robot_interfaces/share/robot_interfaces/cmake/export_robot_interfaces__rosidl_generator_cExport-noconfig.cmake
[12.471s] -- Up-to-date: /home/heybat/Desktop/miniproject/install/robot_interfaces/share/robot_interfaces/cmake/export_robot_interfaces__rosidl_typesupport_fastrtps_cExport.cmake
[12.472s] -- Up-to-date: /home/heybat/Desktop/miniproject/install/robot_interfaces/share/robot_interfaces/cmake/export_robot_interfaces__rosidl_typesupport_fastrtps_cExport-noconfig.cmake
[12.474s] -- Up-to-date: /home/heybat/Desktop/miniproject/install/robot_interfaces/share/robot_interfaces/cmake/robot_interfaces__rosidl_typesupport_introspection_cExport.cmake
[12.474s] -- Up-to-date: /home/heybat/Desktop/miniproject/install/robot_interfaces/share/robot_interfaces/cmake/robot_interfaces__rosidl_typesupport_introspection_cExport-noconfig.cmake
[12.475s] -- Up-to-date: /home/heybat/Desktop/miniproject/install/robot_interfaces/share/robot_interfaces/cmake/robot_interfaces__rosidl_typesupport_cExport.cmake
[12.476s] -- Up-to-date: /home/heybat/Desktop/miniproject/install/robot_interfaces/share/robot_interfaces/cmake/robot_interfaces__rosidl_typesupport_cExport-noconfig.cmake
[12.478s] -- Up-to-date: /home/heybat/Desktop/miniproject/install/robot_interfaces/share/robot_interfaces/cmake/export_robot_interfaces__rosidl_generator_cppExport.cmake
[12.480s] -- Up-to-date: /home/heybat/Desktop/miniproject/install/robot_interfaces/share/robot_interfaces/cmake/export_robot_interfaces__rosidl_typesupport_fastrtps_cppExport.cmake
[12.480s] -- Up-to-date: /home/heybat/Desktop/miniproject/install/robot_interfaces/share/robot_interfaces/cmake/export_robot_interfaces__rosidl_typesupport_fastrtps_cppExport-noconfig.cmake
[12.482s] -- Up-to-date: /home/heybat/Desktop/miniproject/install/robot_interfaces/share/robot_interfaces/cmake/robot_interfaces__rosidl_typesupport_introspection_cppExport.cmake
[12.482s] -- Up-to-date: /home/heybat/Desktop/miniproject/install/robot_interfaces/share/robot_interfaces/cmake/robot_interfaces__rosidl_typesupport_introspection_cppExport-noconfig.cmake
[12.485s] -- Up-to-date: /home/heybat/Desktop/miniproject/install/robot_interfaces/share/robot_interfaces/cmake/robot_interfaces__rosidl_typesupport_cppExport.cmake
[12.486s] -- Up-to-date: /home/heybat/Desktop/miniproject/install/robot_interfaces/share/robot_interfaces/cmake/robot_interfaces__rosidl_typesupport_cppExport-noconfig.cmake
[12.487s] -- Up-to-date: /home/heybat/Desktop/miniproject/install/robot_interfaces/share/robot_interfaces/cmake/export_robot_interfaces__rosidl_generator_pyExport.cmake
[12.488s] -- Up-to-date: /home/heybat/Desktop/miniproject/install/robot_interfaces/share/robot_interfaces/cmake/export_robot_interfaces__rosidl_generator_pyExport-noconfig.cmake
[12.577s] Invoked command in '/home/heybat/Desktop/miniproject/build/robot_interfaces' returned '0': CMAKE_PREFIX_PATH=${CMAKE_PREFIX_PATH}:/home/heybat/Desktop/miniproject/install/turtle_project:/home/heybat/Desktop/ws_ros2/install/my_robot_controller:/home/heybat/Desktop/ROS/ActivitywithROS/Activity2_Ros2/install/my_second_pkg:/home/heybat/Desktop/ros2_ws2/install/my_first_pkg:/opt/ros/humble /usr/bin/cmake --install /home/heybat/Desktop/miniproject/build/robot_interfaces
