[0.085s] Invoking command in '/home/heybat/Desktop/miniproject/build/robot_interfaces': CMAKE_PREFIX_PATH=${CMAKE_PREFIX_PATH}:/home/heybat/Desktop/miniproject/install/turtle_project:/home/heybat/Desktop/ws_ros2/install/my_robot_controller:/home/heybat/Desktop/ROS/ActivitywithROS/Activity2_Ros2/install/my_second_pkg:/home/heybat/Desktop/ros2_ws2/install/my_first_pkg:/opt/ros/humble /usr/bin/cmake /home/heybat/Desktop/miniproject/src/robot_interfaces -DCMAKE_INSTALL_PREFIX=/home/heybat/Desktop/miniproject/install/robot_interfaces
[1.087s] -- The C compiler identification is GNU 11.4.0
[1.782s] -- The CXX compiler identification is GNU 11.4.0
[1.830s] -- Detecting C compiler ABI info
[2.255s] -- Detecting C compiler ABI info - done
[2.281s] -- Check for working C compiler: /usr/bin/cc - skipped
[2.290s] -- Detecting C compile features
[2.337s] -- Detecting C compile features - done
[2.387s] -- Detecting CXX compiler ABI info
[2.784s] -- Detecting CXX compiler ABI info - done
[2.813s] -- Check for working CXX compiler: /usr/bin/c++ - skipped
[2.814s] -- Detecting CXX compile features
[2.816s] -- Detecting CXX compile features - done
[2.872s] -- Found ament_cmake: 1.3.5 (/opt/ros/humble/share/ament_cmake/cmake)
[3.891s] -- Found Python3: /usr/bin/python3.10 (found version "3.10.12") found components: Interpreter 
[4.852s] -- Found rosidl_default_generators: 1.2.0 (/opt/ros/humble/share/rosidl_default_generators/cmake)
[4.898s] -- Using all available rosidl_typesupport_c: rosidl_typesupport_fastrtps_c;rosidl_typesupport_introspection_c
[4.988s] -- Found rosidl_adapter: 3.1.5 (/opt/ros/humble/share/rosidl_adapter/cmake)
[5.419s] -- Using all available rosidl_typesupport_cpp: rosidl_typesupport_fastrtps_cpp;rosidl_typesupport_introspection_cpp
[5.710s] [31mCMake Error at /opt/ros/humble/share/rosidl_cmake/cmake/rosidl_generate_interfaces.cmake:93 (message):
[5.711s]   rosidl_generate_interfaces() the passed file 'msg/HardwareStatus.msg'
[5.711s]   doesn't exist relative to the CMAKE_CURRENT_SOURCE_DIR
[5.712s]   '/home/heybat/Desktop/miniproject/src/robot_interfaces'
[5.712s] Call Stack (most recent call first):
[5.713s]   CMakeLists.txt:13 (rosidl_generate_interfaces)
[5.713s] 
[5.714s] [0m
[5.714s] -- Configuring incomplete, errors occurred!
[5.715s] See also "/home/heybat/Desktop/miniproject/build/robot_interfaces/CMakeFiles/CMakeOutput.log".
[5.734s] Invoked command in '/home/heybat/Desktop/miniproject/build/robot_interfaces' returned '1': CMAKE_PREFIX_PATH=${CMAKE_PREFIX_PATH}:/home/heybat/Desktop/miniproject/install/turtle_project:/home/heybat/Desktop/ws_ros2/install/my_robot_controller:/home/heybat/Desktop/ROS/ActivitywithROS/Activity2_Ros2/install/my_second_pkg:/home/heybat/Desktop/ros2_ws2/install/my_first_pkg:/opt/ros/humble /usr/bin/cmake /home/heybat/Desktop/miniproject/src/robot_interfaces -DCMAKE_INSTALL_PREFIX=/home/heybat/Desktop/miniproject/install/robot_interfaces
