[1.599s] DEBUG:colcon:Command line arguments: ['/usr/bin/colcon', 'build', '--symlink-install']
[1.599s] DEBUG:colcon:Parsed command line arguments: Namespace(log_base=None, log_level=None, verb_name='build', build_base='build', install_base='install', merge_install=False, symlink_install=True, test_result_base=None, continue_on_error=False, executor='parallel', parallel_workers=4, event_handlers=None, ignore_user_meta=False, metas=['./colcon.meta'], base_paths=['.'], packages_ignore=None, packages_ignore_regex=None, paths=None, packages_up_to=None, packages_up_to_regex=None, packages_above=None, packages_above_and_dependencies=None, packages_above_depth=None, packages_select_by_dep=None, packages_skip_by_dep=None, packages_skip_up_to=None, packages_select_build_failed=False, packages_skip_build_finished=False, packages_select_test_failures=False, packages_skip_test_passed=False, packages_select=None, packages_skip=None, packages_select_regex=None, packages_skip_regex=None, packages_start=None, packages_end=None, allow_overriding=[], cmake_args=None, cmake_target=None, cmake_target_skip_unavailable=False, cmake_clean_cache=False, cmake_clean_first=False, cmake_force_configure=False, ament_cmake_args=None, catkin_cmake_args=None, catkin_skip_building_tests=False, verb_parser=<colcon_defaults.argument_parser.defaults.DefaultArgumentsDecorator object at 0xffffa74f2dd0>, verb_extension=<colcon_core.verb.build.BuildVerb object at 0xffffa75a0ac0>, main=<bound method BuildVerb.main of <colcon_core.verb.build.BuildVerb object at 0xffffa75a0ac0>>)
[1.729s] Level 1:colcon.colcon_core.package_discovery:discover_packages(colcon_meta) check parameters
[1.729s] Level 1:colcon.colcon_core.package_discovery:discover_packages(recursive) check parameters
[1.729s] Level 1:colcon.colcon_core.package_discovery:discover_packages(ignore) check parameters
[1.730s] Level 1:colcon.colcon_core.package_discovery:discover_packages(path) check parameters
[1.730s] Level 1:colcon.colcon_core.package_discovery:discover_packages(colcon_meta) discover
[1.730s] Level 1:colcon.colcon_core.package_discovery:discover_packages(recursive) discover
[1.730s] INFO:colcon.colcon_core.package_discovery:Crawling recursively for packages in '/home/heybat/Desktop/miniproject'
[1.731s] Level 1:colcon.colcon_core.package_identification:_identify(.) by extensions ['ignore', 'ignore_ament_install']
[1.731s] Level 1:colcon.colcon_core.package_identification:_identify(.) by extension 'ignore'
[1.732s] Level 1:colcon.colcon_core.package_identification:_identify(.) by extension 'ignore_ament_install'
[1.732s] Level 1:colcon.colcon_core.package_identification:_identify(.) by extensions ['colcon_pkg']
[1.733s] Level 1:colcon.colcon_core.package_identification:_identify(.) by extension 'colcon_pkg'
[1.733s] Level 1:colcon.colcon_core.package_identification:_identify(.) by extensions ['colcon_meta']
[1.733s] Level 1:colcon.colcon_core.package_identification:_identify(.) by extension 'colcon_meta'
[1.733s] Level 1:colcon.colcon_core.package_identification:_identify(.) by extensions ['ros']
[1.734s] Level 1:colcon.colcon_core.package_identification:_identify(.) by extension 'ros'
[1.793s] Level 1:colcon.colcon_core.package_identification:_identify(.) by extensions ['cmake', 'python']
[1.794s] Level 1:colcon.colcon_core.package_identification:_identify(.) by extension 'cmake'
[1.794s] Level 1:colcon.colcon_core.package_identification:_identify(.) by extension 'python'
[1.795s] Level 1:colcon.colcon_core.package_identification:_identify(.) by extensions ['python_setup_py']
[1.795s] Level 1:colcon.colcon_core.package_identification:_identify(.) by extension 'python_setup_py'
[1.796s] Level 1:colcon.colcon_core.package_identification:_identify(build) by extensions ['ignore', 'ignore_ament_install']
[1.797s] Level 1:colcon.colcon_core.package_identification:_identify(build) by extension 'ignore'
[1.797s] Level 1:colcon.colcon_core.package_identification:_identify(build) ignored
[1.798s] Level 1:colcon.colcon_core.package_identification:_identify(install) by extensions ['ignore', 'ignore_ament_install']
[1.799s] Level 1:colcon.colcon_core.package_identification:_identify(install) by extension 'ignore'
[1.799s] Level 1:colcon.colcon_core.package_identification:_identify(install) ignored
[1.800s] Level 1:colcon.colcon_core.package_identification:_identify(log) by extensions ['ignore', 'ignore_ament_install']
[1.801s] Level 1:colcon.colcon_core.package_identification:_identify(log) by extension 'ignore'
[1.801s] Level 1:colcon.colcon_core.package_identification:_identify(log) ignored
[1.802s] Level 1:colcon.colcon_core.package_identification:_identify(src) by extensions ['ignore', 'ignore_ament_install']
[1.802s] Level 1:colcon.colcon_core.package_identification:_identify(src) by extension 'ignore'
[1.803s] Level 1:colcon.colcon_core.package_identification:_identify(src) by extension 'ignore_ament_install'
[1.803s] Level 1:colcon.colcon_core.package_identification:_identify(src) by extensions ['colcon_pkg']
[1.804s] Level 1:colcon.colcon_core.package_identification:_identify(src) by extension 'colcon_pkg'
[1.804s] Level 1:colcon.colcon_core.package_identification:_identify(src) by extensions ['colcon_meta']
[1.804s] Level 1:colcon.colcon_core.package_identification:_identify(src) by extension 'colcon_meta'
[1.805s] Level 1:colcon.colcon_core.package_identification:_identify(src) by extensions ['ros']
[1.805s] Level 1:colcon.colcon_core.package_identification:_identify(src) by extension 'ros'
[1.805s] Level 1:colcon.colcon_core.package_identification:_identify(src) by extensions ['cmake', 'python']
[1.806s] Level 1:colcon.colcon_core.package_identification:_identify(src) by extension 'cmake'
[1.806s] Level 1:colcon.colcon_core.package_identification:_identify(src) by extension 'python'
[1.806s] Level 1:colcon.colcon_core.package_identification:_identify(src) by extensions ['python_setup_py']
[1.806s] Level 1:colcon.colcon_core.package_identification:_identify(src) by extension 'python_setup_py'
[1.807s] Level 1:colcon.colcon_core.package_identification:_identify(src/robot_interfaces) by extensions ['ignore', 'ignore_ament_install']
[1.808s] Level 1:colcon.colcon_core.package_identification:_identify(src/robot_interfaces) by extension 'ignore'
[1.808s] Level 1:colcon.colcon_core.package_identification:_identify(src/robot_interfaces) by extension 'ignore_ament_install'
[1.809s] Level 1:colcon.colcon_core.package_identification:_identify(src/robot_interfaces) by extensions ['colcon_pkg']
[1.809s] Level 1:colcon.colcon_core.package_identification:_identify(src/robot_interfaces) by extension 'colcon_pkg'
[1.809s] Level 1:colcon.colcon_core.package_identification:_identify(src/robot_interfaces) by extensions ['colcon_meta']
[1.809s] Level 1:colcon.colcon_core.package_identification:_identify(src/robot_interfaces) by extension 'colcon_meta'
[1.810s] Level 1:colcon.colcon_core.package_identification:_identify(src/robot_interfaces) by extensions ['ros']
[1.810s] Level 1:colcon.colcon_core.package_identification:_identify(src/robot_interfaces) by extension 'ros'
[1.820s] DEBUG:colcon.colcon_core.package_identification:Package 'src/robot_interfaces' with type 'ros.ament_cmake' and name 'robot_interfaces'
[1.821s] Level 1:colcon.colcon_core.package_identification:_identify(src/turtle_project) by extensions ['ignore', 'ignore_ament_install']
[1.822s] Level 1:colcon.colcon_core.package_identification:_identify(src/turtle_project) by extension 'ignore'
[1.822s] Level 1:colcon.colcon_core.package_identification:_identify(src/turtle_project) by extension 'ignore_ament_install'
[1.823s] Level 1:colcon.colcon_core.package_identification:_identify(src/turtle_project) by extensions ['colcon_pkg']
[1.823s] Level 1:colcon.colcon_core.package_identification:_identify(src/turtle_project) by extension 'colcon_pkg'
[1.823s] Level 1:colcon.colcon_core.package_identification:_identify(src/turtle_project) by extensions ['colcon_meta']
[1.823s] Level 1:colcon.colcon_core.package_identification:_identify(src/turtle_project) by extension 'colcon_meta'
[1.823s] Level 1:colcon.colcon_core.package_identification:_identify(src/turtle_project) by extensions ['ros']
[1.824s] Level 1:colcon.colcon_core.package_identification:_identify(src/turtle_project) by extension 'ros'
[1.828s] DEBUG:colcon.colcon_core.package_identification:Package 'src/turtle_project' with type 'ros.ament_python' and name 'turtle_project'
[1.828s] Level 1:colcon.colcon_core.package_discovery:discover_packages(recursive) using defaults
[1.829s] Level 1:colcon.colcon_core.package_discovery:discover_packages(ignore) discover
[1.829s] Level 1:colcon.colcon_core.package_discovery:discover_packages(ignore) using defaults
[1.829s] Level 1:colcon.colcon_core.package_discovery:discover_packages(path) discover
[1.829s] Level 1:colcon.colcon_core.package_discovery:discover_packages(path) using defaults
[1.941s] Level 1:colcon.colcon_core.package_discovery:discover_packages(prefix_path) check parameters
[1.941s] Level 1:colcon.colcon_core.package_discovery:discover_packages(prefix_path) discover
[1.955s] DEBUG:colcon.colcon_installed_package_information.package_discovery:Found 2 installed packages in /home/heybat/Desktop/miniproject/install
[1.961s] DEBUG:colcon.colcon_installed_package_information.package_discovery:Found 1 installed packages in /home/heybat/Desktop/ROS/ActivitywithROS/Activity2_Ros2/install
[1.965s] DEBUG:colcon.colcon_installed_package_information.package_discovery:Found 1 installed packages in /home/heybat/Desktop/ros2_ws2/install
[1.969s] DEBUG:colcon.colcon_installed_package_information.package_discovery:Found 2 installed packages in /home/heybat/Desktop/ws_ros2/install
[1.980s] DEBUG:colcon.colcon_installed_package_information.package_discovery:Found 270 installed packages in /opt/ros/humble
[1.987s] Level 1:colcon.colcon_core.package_discovery:discover_packages(prefix_path) using defaults
[2.258s] Level 5:colcon.colcon_core.verb:set package 'robot_interfaces' build argument 'cmake_args' from command line to 'None'
[2.258s] Level 5:colcon.colcon_core.verb:set package 'robot_interfaces' build argument 'cmake_target' from command line to 'None'
[2.258s] Level 5:colcon.colcon_core.verb:set package 'robot_interfaces' build argument 'cmake_target_skip_unavailable' from command line to 'False'
[2.259s] Level 5:colcon.colcon_core.verb:set package 'robot_interfaces' build argument 'cmake_clean_cache' from command line to 'False'
[2.259s] Level 5:colcon.colcon_core.verb:set package 'robot_interfaces' build argument 'cmake_clean_first' from command line to 'False'
[2.259s] Level 5:colcon.colcon_core.verb:set package 'robot_interfaces' build argument 'cmake_force_configure' from command line to 'False'
[2.259s] Level 5:colcon.colcon_core.verb:set package 'robot_interfaces' build argument 'ament_cmake_args' from command line to 'None'
[2.259s] Level 5:colcon.colcon_core.verb:set package 'robot_interfaces' build argument 'catkin_cmake_args' from command line to 'None'
[2.259s] Level 5:colcon.colcon_core.verb:set package 'robot_interfaces' build argument 'catkin_skip_building_tests' from command line to 'False'
[2.259s] DEBUG:colcon.colcon_core.verb:Building package 'robot_interfaces' with the following arguments: {'ament_cmake_args': None, 'build_base': '/home/heybat/Desktop/miniproject/build/robot_interfaces', 'catkin_cmake_args': None, 'catkin_skip_building_tests': False, 'cmake_args': None, 'cmake_clean_cache': False, 'cmake_clean_first': False, 'cmake_force_configure': False, 'cmake_target': None, 'cmake_target_skip_unavailable': False, 'install_base': '/home/heybat/Desktop/miniproject/install/robot_interfaces', 'merge_install': False, 'path': '/home/heybat/Desktop/miniproject/src/robot_interfaces', 'symlink_install': True, 'test_result_base': None}
[2.264s] Level 5:colcon.colcon_core.verb:set package 'turtle_project' build argument 'cmake_args' from command line to 'None'
[2.264s] Level 5:colcon.colcon_core.verb:set package 'turtle_project' build argument 'cmake_target' from command line to 'None'
[2.264s] Level 5:colcon.colcon_core.verb:set package 'turtle_project' build argument 'cmake_target_skip_unavailable' from command line to 'False'
[2.264s] Level 5:colcon.colcon_core.verb:set package 'turtle_project' build argument 'cmake_clean_cache' from command line to 'False'
[2.264s] Level 5:colcon.colcon_core.verb:set package 'turtle_project' build argument 'cmake_clean_first' from command line to 'False'
[2.264s] Level 5:colcon.colcon_core.verb:set package 'turtle_project' build argument 'cmake_force_configure' from command line to 'False'
[2.265s] Level 5:colcon.colcon_core.verb:set package 'turtle_project' build argument 'ament_cmake_args' from command line to 'None'
[2.265s] Level 5:colcon.colcon_core.verb:set package 'turtle_project' build argument 'catkin_cmake_args' from command line to 'None'
[2.265s] Level 5:colcon.colcon_core.verb:set package 'turtle_project' build argument 'catkin_skip_building_tests' from command line to 'False'
[2.265s] DEBUG:colcon.colcon_core.verb:Building package 'turtle_project' with the following arguments: {'ament_cmake_args': None, 'build_base': '/home/heybat/Desktop/miniproject/build/turtle_project', 'catkin_cmake_args': None, 'catkin_skip_building_tests': False, 'cmake_args': None, 'cmake_clean_cache': False, 'cmake_clean_first': False, 'cmake_force_configure': False, 'cmake_target': None, 'cmake_target_skip_unavailable': False, 'install_base': '/home/heybat/Desktop/miniproject/install/turtle_project', 'merge_install': False, 'path': '/home/heybat/Desktop/miniproject/src/turtle_project', 'symlink_install': True, 'test_result_base': None}
[2.268s] INFO:colcon.colcon_core.executor:Executing jobs using 'parallel' executor
[2.280s] DEBUG:colcon.colcon_parallel_executor.executor.parallel:run_until_complete
[2.281s] INFO:colcon.colcon_ros.task.ament_cmake.build:Building ROS package in '/home/heybat/Desktop/miniproject/src/robot_interfaces' with build type 'ament_cmake'
[2.282s] INFO:colcon.colcon_cmake.task.cmake.build:Building CMake package in '/home/heybat/Desktop/miniproject/src/robot_interfaces'
[2.304s] INFO:colcon.colcon_core.plugin_system:Skipping extension 'colcon_core.shell.bat': Not used on non-Windows systems
[2.306s] INFO:colcon.colcon_core.shell:Skip shell extension 'powershell' for command environment: Not usable outside of PowerShell
[2.306s] DEBUG:colcon.colcon_core.shell:Skip shell extension 'dsv' for command environment
[2.348s] INFO:colcon.colcon_ros.task.ament_python.build:Building ROS package in '/home/heybat/Desktop/miniproject/src/turtle_project' with build type 'ament_python'
[2.349s] Level 1:colcon.colcon_core.shell:create_environment_hook('turtle_project', 'ament_prefix_path')
[2.355s] INFO:colcon.colcon_core.shell:Creating environment hook '/home/heybat/Desktop/miniproject/install/turtle_project/share/turtle_project/hook/ament_prefix_path.ps1'
[2.359s] INFO:colcon.colcon_core.shell:Creating environment descriptor '/home/heybat/Desktop/miniproject/install/turtle_project/share/turtle_project/hook/ament_prefix_path.dsv'
[2.362s] INFO:colcon.colcon_core.shell:Creating environment hook '/home/heybat/Desktop/miniproject/install/turtle_project/share/turtle_project/hook/ament_prefix_path.sh'
[2.374s] INFO:colcon.colcon_core.shell:Skip shell extension 'powershell' for command environment: Not usable outside of PowerShell
[2.375s] DEBUG:colcon.colcon_core.shell:Skip shell extension 'dsv' for command environment
[2.467s] DEBUG:colcon.colcon_core.event_handler.log_command:Invoking command in '/home/heybat/Desktop/miniproject/build/robot_interfaces': CMAKE_PREFIX_PATH=${CMAKE_PREFIX_PATH}:/home/heybat/Desktop/miniproject/install/turtle_project:/home/heybat/Desktop/ws_ros2/install/my_robot_controller:/home/heybat/Desktop/ROS/ActivitywithROS/Activity2_Ros2/install/my_second_pkg:/home/heybat/Desktop/ros2_ws2/install/my_first_pkg:/opt/ros/humble /usr/bin/cmake --build /home/heybat/Desktop/miniproject/build/robot_interfaces -- -j4 -l4
[4.897s] INFO:colcon.colcon_core.task.python.build:Building Python package in '/home/heybat/Desktop/miniproject/src/turtle_project'
[4.905s] INFO:colcon.colcon_core.shell:Skip shell extension 'powershell' for command environment: Not usable outside of PowerShell
[4.906s] DEBUG:colcon.colcon_core.shell:Skip shell extension 'dsv' for command environment
[5.397s] DEBUG:colcon.colcon_core.event_handler.log_command:Invoked command in '/home/heybat/Desktop/miniproject/build/robot_interfaces' returned '0': CMAKE_PREFIX_PATH=${CMAKE_PREFIX_PATH}:/home/heybat/Desktop/miniproject/install/turtle_project:/home/heybat/Desktop/ws_ros2/install/my_robot_controller:/home/heybat/Desktop/ROS/ActivitywithROS/Activity2_Ros2/install/my_second_pkg:/home/heybat/Desktop/ros2_ws2/install/my_first_pkg:/opt/ros/humble /usr/bin/cmake --build /home/heybat/Desktop/miniproject/build/robot_interfaces -- -j4 -l4
[6.113s] DEBUG:colcon.colcon_core.event_handler.log_command:Invoking command in '/home/heybat/Desktop/miniproject/build/robot_interfaces': CMAKE_PREFIX_PATH=${CMAKE_PREFIX_PATH}:/home/heybat/Desktop/miniproject/install/turtle_project:/home/heybat/Desktop/ws_ros2/install/my_robot_controller:/home/heybat/Desktop/ROS/ActivitywithROS/Activity2_Ros2/install/my_second_pkg:/home/heybat/Desktop/ros2_ws2/install/my_first_pkg:/opt/ros/humble /usr/bin/cmake --install /home/heybat/Desktop/miniproject/build/robot_interfaces
[6.663s] Level 1:colcon.colcon_core.environment:create_environment_scripts_only(robot_interfaces)
[6.691s] DEBUG:colcon.colcon_core.event_handler.log_command:Invoked command in '/home/heybat/Desktop/miniproject/build/robot_interfaces' returned '0': CMAKE_PREFIX_PATH=${CMAKE_PREFIX_PATH}:/home/heybat/Desktop/miniproject/install/turtle_project:/home/heybat/Desktop/ws_ros2/install/my_robot_controller:/home/heybat/Desktop/ROS/ActivitywithROS/Activity2_Ros2/install/my_second_pkg:/home/heybat/Desktop/ros2_ws2/install/my_first_pkg:/opt/ros/humble /usr/bin/cmake --install /home/heybat/Desktop/miniproject/build/robot_interfaces
[6.700s] Level 1:colcon.colcon_core.environment:checking '/home/heybat/Desktop/miniproject/install/robot_interfaces' for CMake module files
[6.740s] Level 1:colcon.colcon_core.environment:checking '/home/heybat/Desktop/miniproject/install/robot_interfaces' for CMake config files
[6.745s] Level 1:colcon.colcon_core.shell:create_environment_hook('robot_interfaces', 'cmake_prefix_path')
[6.752s] INFO:colcon.colcon_core.shell:Creating environment hook '/home/heybat/Desktop/miniproject/install/robot_interfaces/share/robot_interfaces/hook/cmake_prefix_path.ps1'
[6.754s] INFO:colcon.colcon_core.shell:Creating environment descriptor '/home/heybat/Desktop/miniproject/install/robot_interfaces/share/robot_interfaces/hook/cmake_prefix_path.dsv'
[6.756s] INFO:colcon.colcon_core.shell:Creating environment hook '/home/heybat/Desktop/miniproject/install/robot_interfaces/share/robot_interfaces/hook/cmake_prefix_path.sh'
[6.760s] Level 1:colcon.colcon_core.environment:checking '/home/heybat/Desktop/miniproject/install/robot_interfaces/lib'
[6.761s] Level 1:colcon.colcon_core.shell:create_environment_hook('robot_interfaces', 'ld_library_path_lib')
[6.767s] INFO:colcon.colcon_core.shell:Creating environment hook '/home/heybat/Desktop/miniproject/install/robot_interfaces/share/robot_interfaces/hook/ld_library_path_lib.ps1'
[6.769s] INFO:colcon.colcon_core.shell:Creating environment descriptor '/home/heybat/Desktop/miniproject/install/robot_interfaces/share/robot_interfaces/hook/ld_library_path_lib.dsv'
[6.771s] INFO:colcon.colcon_core.shell:Creating environment hook '/home/heybat/Desktop/miniproject/install/robot_interfaces/share/robot_interfaces/hook/ld_library_path_lib.sh'
[6.774s] Level 1:colcon.colcon_core.environment:checking '/home/heybat/Desktop/miniproject/install/robot_interfaces/bin'
[6.774s] Level 1:colcon.colcon_core.environment:checking '/home/heybat/Desktop/miniproject/install/robot_interfaces/lib/pkgconfig/robot_interfaces.pc'
[6.776s] Level 1:colcon.colcon_core.environment:checking '/home/heybat/Desktop/miniproject/install/robot_interfaces/lib/python3.10/site-packages'
[6.777s] Level 1:colcon.colcon_core.environment:checking '/home/heybat/Desktop/miniproject/install/robot_interfaces/bin'
[6.785s] INFO:colcon.colcon_core.shell:Creating package script '/home/heybat/Desktop/miniproject/install/robot_interfaces/share/robot_interfaces/package.ps1'
[6.789s] INFO:colcon.colcon_core.shell:Creating package descriptor '/home/heybat/Desktop/miniproject/install/robot_interfaces/share/robot_interfaces/package.dsv'
[6.793s] INFO:colcon.colcon_core.shell:Creating package script '/home/heybat/Desktop/miniproject/install/robot_interfaces/share/robot_interfaces/package.sh'
[6.797s] INFO:colcon.colcon_core.shell:Creating package script '/home/heybat/Desktop/miniproject/install/robot_interfaces/share/robot_interfaces/package.bash'
[6.801s] INFO:colcon.colcon_core.shell:Creating package script '/home/heybat/Desktop/miniproject/install/robot_interfaces/share/robot_interfaces/package.zsh'
[6.804s] Level 1:colcon.colcon_core.environment:create_file_with_runtime_dependencies(/home/heybat/Desktop/miniproject/install/robot_interfaces/share/colcon-core/packages/robot_interfaces)
[7.584s] DEBUG:colcon.colcon_core.event_handler.log_command:Invoking command in '/home/heybat/Desktop/miniproject/build/turtle_project': PYTHONPATH=/home/heybat/Desktop/miniproject/build/turtle_project/prefix_override:/home/heybat/Desktop/miniproject/install/turtle_project/lib/python3.10/site-packages:${PYTHONPATH} /usr/bin/python3 setup.py develop --editable --build-directory /home/heybat/Desktop/miniproject/build/turtle_project/build --no-deps install_data
[7.656s] Level 1:colcon.colcon_core.environment:create_environment_scripts_only(robot_interfaces)
[7.675s] Level 1:colcon.colcon_core.environment:checking '/home/heybat/Desktop/miniproject/install/robot_interfaces' for CMake module files
[7.681s] Level 1:colcon.colcon_core.environment:checking '/home/heybat/Desktop/miniproject/install/robot_interfaces' for CMake config files
[7.684s] Level 1:colcon.colcon_core.shell:create_environment_hook('robot_interfaces', 'cmake_prefix_path')
[7.711s] INFO:colcon.colcon_core.shell:Creating environment hook '/home/heybat/Desktop/miniproject/install/robot_interfaces/share/robot_interfaces/hook/cmake_prefix_path.ps1'
[7.715s] INFO:colcon.colcon_core.shell:Creating environment descriptor '/home/heybat/Desktop/miniproject/install/robot_interfaces/share/robot_interfaces/hook/cmake_prefix_path.dsv'
[7.734s] INFO:colcon.colcon_core.shell:Creating environment hook '/home/heybat/Desktop/miniproject/install/robot_interfaces/share/robot_interfaces/hook/cmake_prefix_path.sh'
[7.739s] Level 1:colcon.colcon_core.environment:checking '/home/heybat/Desktop/miniproject/install/robot_interfaces/lib'
[7.740s] Level 1:colcon.colcon_core.shell:create_environment_hook('robot_interfaces', 'ld_library_path_lib')
[7.748s] INFO:colcon.colcon_core.shell:Creating environment hook '/home/heybat/Desktop/miniproject/install/robot_interfaces/share/robot_interfaces/hook/ld_library_path_lib.ps1'
[7.751s] INFO:colcon.colcon_core.shell:Creating environment descriptor '/home/heybat/Desktop/miniproject/install/robot_interfaces/share/robot_interfaces/hook/ld_library_path_lib.dsv'
[7.755s] INFO:colcon.colcon_core.shell:Creating environment hook '/home/heybat/Desktop/miniproject/install/robot_interfaces/share/robot_interfaces/hook/ld_library_path_lib.sh'
[7.759s] Level 1:colcon.colcon_core.environment:checking '/home/heybat/Desktop/miniproject/install/robot_interfaces/bin'
[7.760s] Level 1:colcon.colcon_core.environment:checking '/home/heybat/Desktop/miniproject/install/robot_interfaces/lib/pkgconfig/robot_interfaces.pc'
[7.762s] Level 1:colcon.colcon_core.environment:checking '/home/heybat/Desktop/miniproject/install/robot_interfaces/lib/python3.10/site-packages'
[7.765s] Level 1:colcon.colcon_core.environment:checking '/home/heybat/Desktop/miniproject/install/robot_interfaces/bin'
[7.775s] INFO:colcon.colcon_core.shell:Creating package script '/home/heybat/Desktop/miniproject/install/robot_interfaces/share/robot_interfaces/package.ps1'
[7.779s] INFO:colcon.colcon_core.shell:Creating package descriptor '/home/heybat/Desktop/miniproject/install/robot_interfaces/share/robot_interfaces/package.dsv'
[7.784s] INFO:colcon.colcon_core.shell:Creating package script '/home/heybat/Desktop/miniproject/install/robot_interfaces/share/robot_interfaces/package.sh'
[7.789s] INFO:colcon.colcon_core.shell:Creating package script '/home/heybat/Desktop/miniproject/install/robot_interfaces/share/robot_interfaces/package.bash'
[7.807s] INFO:colcon.colcon_core.shell:Creating package script '/home/heybat/Desktop/miniproject/install/robot_interfaces/share/robot_interfaces/package.zsh'
[7.813s] Level 1:colcon.colcon_core.environment:create_file_with_runtime_dependencies(/home/heybat/Desktop/miniproject/install/robot_interfaces/share/colcon-core/packages/robot_interfaces)
[11.631s] Level 1:colcon.colcon_core.shell:create_environment_hook('turtle_project', 'pythonpath_develop')
[11.637s] INFO:colcon.colcon_core.shell:Creating environment hook '/home/heybat/Desktop/miniproject/build/turtle_project/share/turtle_project/hook/pythonpath_develop.ps1'
[11.646s] DEBUG:colcon.colcon_core.event_handler.log_command:Invoked command in '/home/heybat/Desktop/miniproject/build/turtle_project' returned '0': PYTHONPATH=/home/heybat/Desktop/miniproject/build/turtle_project/prefix_override:/home/heybat/Desktop/miniproject/install/turtle_project/lib/python3.10/site-packages:${PYTHONPATH} /usr/bin/python3 setup.py develop --editable --build-directory /home/heybat/Desktop/miniproject/build/turtle_project/build --no-deps install_data
[11.646s] INFO:colcon.colcon_core.shell:Creating environment descriptor '/home/heybat/Desktop/miniproject/build/turtle_project/share/turtle_project/hook/pythonpath_develop.dsv'
[11.649s] INFO:colcon.colcon_core.shell:Creating environment hook '/home/heybat/Desktop/miniproject/build/turtle_project/share/turtle_project/hook/pythonpath_develop.sh'
[11.665s] Level 1:colcon.colcon_core.environment:checking '/home/heybat/Desktop/miniproject/install/turtle_project' for CMake module files
[11.669s] Level 1:colcon.colcon_core.environment:checking '/home/heybat/Desktop/miniproject/install/turtle_project' for CMake config files
[11.674s] Level 1:colcon.colcon_core.environment:checking '/home/heybat/Desktop/miniproject/install/turtle_project/lib'
[11.675s] Level 1:colcon.colcon_core.environment:checking '/home/heybat/Desktop/miniproject/install/turtle_project/bin'
[11.682s] Level 1:colcon.colcon_core.environment:checking '/home/heybat/Desktop/miniproject/install/turtle_project/lib/pkgconfig/turtle_project.pc'
[11.694s] Level 1:colcon.colcon_core.environment:checking '/home/heybat/Desktop/miniproject/install/turtle_project/lib/python3.10/site-packages'
[11.695s] Level 1:colcon.colcon_core.shell:create_environment_hook('turtle_project', 'pythonpath')
[11.717s] INFO:colcon.colcon_core.shell:Creating environment hook '/home/heybat/Desktop/miniproject/install/turtle_project/share/turtle_project/hook/pythonpath.ps1'
[11.720s] INFO:colcon.colcon_core.shell:Creating environment descriptor '/home/heybat/Desktop/miniproject/install/turtle_project/share/turtle_project/hook/pythonpath.dsv'
[11.724s] INFO:colcon.colcon_core.shell:Creating environment hook '/home/heybat/Desktop/miniproject/install/turtle_project/share/turtle_project/hook/pythonpath.sh'
[11.729s] Level 1:colcon.colcon_core.environment:checking '/home/heybat/Desktop/miniproject/install/turtle_project/bin'
[11.730s] Level 1:colcon.colcon_core.environment:create_environment_scripts_only(turtle_project)
[11.738s] INFO:colcon.colcon_core.shell:Creating package script '/home/heybat/Desktop/miniproject/install/turtle_project/share/turtle_project/package.ps1'
[11.742s] INFO:colcon.colcon_core.shell:Creating package descriptor '/home/heybat/Desktop/miniproject/install/turtle_project/share/turtle_project/package.dsv'
[11.746s] INFO:colcon.colcon_core.shell:Creating package script '/home/heybat/Desktop/miniproject/install/turtle_project/share/turtle_project/package.sh'
[11.750s] INFO:colcon.colcon_core.shell:Creating package script '/home/heybat/Desktop/miniproject/install/turtle_project/share/turtle_project/package.bash'
[11.754s] INFO:colcon.colcon_core.shell:Creating package script '/home/heybat/Desktop/miniproject/install/turtle_project/share/turtle_project/package.zsh'
[11.757s] Level 1:colcon.colcon_core.environment:create_file_with_runtime_dependencies(/home/heybat/Desktop/miniproject/install/turtle_project/share/colcon-core/packages/turtle_project)
[11.762s] DEBUG:colcon.colcon_parallel_executor.executor.parallel:closing loop
[11.763s] DEBUG:colcon.colcon_parallel_executor.executor.parallel:loop closed
[11.764s] DEBUG:colcon.colcon_parallel_executor.executor.parallel:run_until_complete finished with '0'
[11.764s] DEBUG:colcon.colcon_core.event_reactor:joining thread
[11.808s] INFO:colcon.colcon_core.plugin_system:Skipping extension 'colcon_notification.desktop_notification.terminal_notifier': Not used on non-Darwin systems
[11.813s] INFO:colcon.colcon_core.plugin_system:Skipping extension 'colcon_notification.desktop_notification.win32': Not used on non-Windows systems
[11.813s] INFO:colcon.colcon_notification.desktop_notification:Sending desktop notification using 'notify2'
[11.928s] DEBUG:colcon.colcon_core.event_reactor:joined thread
[11.938s] INFO:colcon.colcon_core.shell:Creating prefix script '/home/heybat/Desktop/miniproject/install/local_setup.ps1'
[11.944s] INFO:colcon.colcon_core.shell:Creating prefix util module '/home/heybat/Desktop/miniproject/install/_local_setup_util_ps1.py'
[11.954s] INFO:colcon.colcon_core.shell:Creating prefix chain script '/home/heybat/Desktop/miniproject/install/setup.ps1'
[11.968s] INFO:colcon.colcon_core.shell:Creating prefix script '/home/heybat/Desktop/miniproject/install/local_setup.sh'
[11.973s] INFO:colcon.colcon_core.shell:Creating prefix util module '/home/heybat/Desktop/miniproject/install/_local_setup_util_sh.py'
[11.977s] INFO:colcon.colcon_core.shell:Creating prefix chain script '/home/heybat/Desktop/miniproject/install/setup.sh'
[11.991s] INFO:colcon.colcon_core.shell:Creating prefix script '/home/heybat/Desktop/miniproject/install/local_setup.bash'
[11.996s] INFO:colcon.colcon_core.shell:Creating prefix chain script '/home/heybat/Desktop/miniproject/install/setup.bash'
[12.012s] INFO:colcon.colcon_core.shell:Creating prefix script '/home/heybat/Desktop/miniproject/install/local_setup.zsh'
[12.017s] INFO:colcon.colcon_core.shell:Creating prefix chain script '/home/heybat/Desktop/miniproject/install/setup.zsh'
