[7.855s] DEBUG:colcon:Command line arguments: ['/usr/bin/colcon', 'list', '-p', '--base-paths', '/home/heybat/Desktop/miniproject']
[7.855s] DEBUG:colcon:Parsed command line arguments: Namespace(log_base=None, log_level=None, verb_name='list', build_base='build', ignore_user_meta=False, metas=['./colcon.meta'], base_paths=['/home/heybat/Desktop/miniproject'], packages_ignore=None, packages_ignore_regex=None, paths=None, packages_up_to=None, packages_up_to_regex=None, packages_above=None, packages_above_and_dependencies=None, packages_above_depth=None, packages_select_by_dep=None, packages_skip_by_dep=None, packages_skip_up_to=None, packages_select_build_failed=False, packages_skip_build_finished=False, packages_select_test_failures=False, packages_skip_test_passed=False, packages_select=None, packages_skip=None, packages_select_regex=None, packages_skip_regex=None, packages_start=None, packages_end=None, allow_overriding=[], topological_order=False, names_only=False, paths_only=True, topological_graph=False, topological_graph_dot=False, topological_graph_density=False, topological_graph_legend=False, topological_graph_dot_cluster=False, topological_graph_dot_include_skipped=False, verb_parser=<colcon_defaults.argument_parser.defaults.DefaultArgumentsDecorator object at 0xffffb047c550>, verb_extension=<colcon_package_information.verb.list.ListVerb object at 0xffffb047e950>, main=<bound method ListVerb.main of <colcon_package_information.verb.list.ListVerb object at 0xffffb047e950>>)
[9.338s] Level 1:colcon.colcon_core.package_discovery:discover_packages(colcon_meta) check parameters
[9.339s] Level 1:colcon.colcon_core.package_discovery:discover_packages(recursive) check parameters
[9.340s] Level 1:colcon.colcon_core.package_discovery:discover_packages(ignore) check parameters
[9.340s] Level 1:colcon.colcon_core.package_discovery:discover_packages(path) check parameters
[9.340s] Level 1:colcon.colcon_core.package_discovery:discover_packages(recursive) discover
[9.341s] INFO:colcon.colcon_core.package_discovery:Crawling recursively for packages in '/home/heybat/Desktop/miniproject'
[9.342s] Level 1:colcon.colcon_core.package_identification:_identify(/home/heybat/Desktop/miniproject) by extensions ['ignore', 'ignore_ament_install']
[9.343s] Level 1:colcon.colcon_core.package_identification:_identify(/home/heybat/Desktop/miniproject) by extension 'ignore'
[9.344s] Level 1:colcon.colcon_core.package_identification:_identify(/home/heybat/Desktop/miniproject) by extension 'ignore_ament_install'
[9.345s] Level 1:colcon.colcon_core.package_identification:_identify(/home/heybat/Desktop/miniproject) by extensions ['colcon_pkg']
[9.345s] Level 1:colcon.colcon_core.package_identification:_identify(/home/heybat/Desktop/miniproject) by extension 'colcon_pkg'
[9.346s] Level 1:colcon.colcon_core.package_identification:_identify(/home/heybat/Desktop/miniproject) by extensions ['colcon_meta']
[9.347s] Level 1:colcon.colcon_core.package_identification:_identify(/home/heybat/Desktop/miniproject) by extension 'colcon_meta'
[9.347s] Level 1:colcon.colcon_core.package_identification:_identify(/home/heybat/Desktop/miniproject) by extensions ['ros']
[9.348s] Level 1:colcon.colcon_core.package_identification:_identify(/home/heybat/Desktop/miniproject) by extension 'ros'
[9.465s] Level 1:colcon.colcon_core.package_identification:_identify(/home/heybat/Desktop/miniproject) by extensions ['cmake', 'python']
[9.466s] Level 1:colcon.colcon_core.package_identification:_identify(/home/heybat/Desktop/miniproject) by extension 'cmake'
[9.466s] Level 1:colcon.colcon_core.package_identification:_identify(/home/heybat/Desktop/miniproject) by extension 'python'
[9.467s] Level 1:colcon.colcon_core.package_identification:_identify(/home/heybat/Desktop/miniproject) by extensions ['python_setup_py']
[9.468s] Level 1:colcon.colcon_core.package_identification:_identify(/home/heybat/Desktop/miniproject) by extension 'python_setup_py'
[9.470s] Level 1:colcon.colcon_core.package_identification:_identify(/home/heybat/Desktop/miniproject/build) by extensions ['ignore', 'ignore_ament_install']
[9.472s] Level 1:colcon.colcon_core.package_identification:_identify(/home/heybat/Desktop/miniproject/build) by extension 'ignore'
[9.473s] Level 1:colcon.colcon_core.package_identification:_identify(/home/heybat/Desktop/miniproject/build) ignored
[9.475s] Level 1:colcon.colcon_core.package_identification:_identify(/home/heybat/Desktop/miniproject/install) by extensions ['ignore', 'ignore_ament_install']
[9.476s] Level 1:colcon.colcon_core.package_identification:_identify(/home/heybat/Desktop/miniproject/install) by extension 'ignore'
[9.476s] Level 1:colcon.colcon_core.package_identification:_identify(/home/heybat/Desktop/miniproject/install) ignored
[9.478s] Level 1:colcon.colcon_core.package_identification:_identify(/home/heybat/Desktop/miniproject/log) by extensions ['ignore', 'ignore_ament_install']
[9.480s] Level 1:colcon.colcon_core.package_identification:_identify(/home/heybat/Desktop/miniproject/log) by extension 'ignore'
[9.481s] Level 1:colcon.colcon_core.package_identification:_identify(/home/heybat/Desktop/miniproject/log) ignored
[9.484s] Level 1:colcon.colcon_core.package_identification:_identify(/home/heybat/Desktop/miniproject/src) by extensions ['ignore', 'ignore_ament_install']
[9.485s] Level 1:colcon.colcon_core.package_identification:_identify(/home/heybat/Desktop/miniproject/src) by extension 'ignore'
[9.487s] Level 1:colcon.colcon_core.package_identification:_identify(/home/heybat/Desktop/miniproject/src) by extension 'ignore_ament_install'
[9.488s] Level 1:colcon.colcon_core.package_identification:_identify(/home/heybat/Desktop/miniproject/src) by extensions ['colcon_pkg']
[9.489s] Level 1:colcon.colcon_core.package_identification:_identify(/home/heybat/Desktop/miniproject/src) by extension 'colcon_pkg'
[9.491s] Level 1:colcon.colcon_core.package_identification:_identify(/home/heybat/Desktop/miniproject/src) by extensions ['colcon_meta']
[9.491s] Level 1:colcon.colcon_core.package_identification:_identify(/home/heybat/Desktop/miniproject/src) by extension 'colcon_meta'
[9.493s] Level 1:colcon.colcon_core.package_identification:_identify(/home/heybat/Desktop/miniproject/src) by extensions ['ros']
[9.493s] Level 1:colcon.colcon_core.package_identification:_identify(/home/heybat/Desktop/miniproject/src) by extension 'ros'
[9.495s] Level 1:colcon.colcon_core.package_identification:_identify(/home/heybat/Desktop/miniproject/src) by extensions ['cmake', 'python']
[9.495s] Level 1:colcon.colcon_core.package_identification:_identify(/home/heybat/Desktop/miniproject/src) by extension 'cmake'
[9.496s] Level 1:colcon.colcon_core.package_identification:_identify(/home/heybat/Desktop/miniproject/src) by extension 'python'
[9.496s] Level 1:colcon.colcon_core.package_identification:_identify(/home/heybat/Desktop/miniproject/src) by extensions ['python_setup_py']
[9.497s] Level 1:colcon.colcon_core.package_identification:_identify(/home/heybat/Desktop/miniproject/src) by extension 'python_setup_py'
[9.499s] Level 1:colcon.colcon_core.package_identification:_identify(/home/heybat/Desktop/miniproject/src/robot_interfaces) by extensions ['ignore', 'ignore_ament_install']
[9.500s] Level 1:colcon.colcon_core.package_identification:_identify(/home/heybat/Desktop/miniproject/src/robot_interfaces) by extension 'ignore'
[9.501s] Level 1:colcon.colcon_core.package_identification:_identify(/home/heybat/Desktop/miniproject/src/robot_interfaces) by extension 'ignore_ament_install'
[9.501s] Level 1:colcon.colcon_core.package_identification:_identify(/home/heybat/Desktop/miniproject/src/robot_interfaces) by extensions ['colcon_pkg']
[9.502s] Level 1:colcon.colcon_core.package_identification:_identify(/home/heybat/Desktop/miniproject/src/robot_interfaces) by extension 'colcon_pkg'
[9.502s] Level 1:colcon.colcon_core.package_identification:_identify(/home/heybat/Desktop/miniproject/src/robot_interfaces) by extensions ['colcon_meta']
[9.503s] Level 1:colcon.colcon_core.package_identification:_identify(/home/heybat/Desktop/miniproject/src/robot_interfaces) by extension 'colcon_meta'
[9.503s] Level 1:colcon.colcon_core.package_identification:_identify(/home/heybat/Desktop/miniproject/src/robot_interfaces) by extensions ['ros']
[9.504s] Level 1:colcon.colcon_core.package_identification:_identify(/home/heybat/Desktop/miniproject/src/robot_interfaces) by extension 'ros'
[9.527s] DEBUG:colcon.colcon_core.package_identification:Package '/home/heybat/Desktop/miniproject/src/robot_interfaces' with type 'ros.ament_cmake' and name 'robot_interfaces'
[9.528s] Level 1:colcon.colcon_core.package_identification:_identify(/home/heybat/Desktop/miniproject/src/turtle_project) by extensions ['ignore', 'ignore_ament_install']
[9.530s] Level 1:colcon.colcon_core.package_identification:_identify(/home/heybat/Desktop/miniproject/src/turtle_project) by extension 'ignore'
[9.533s] Level 1:colcon.colcon_core.package_identification:_identify(/home/heybat/Desktop/miniproject/src/turtle_project) by extension 'ignore_ament_install'
[9.534s] Level 1:colcon.colcon_core.package_identification:_identify(/home/heybat/Desktop/miniproject/src/turtle_project) by extensions ['colcon_pkg']
[9.552s] Level 1:colcon.colcon_core.package_identification:_identify(/home/heybat/Desktop/miniproject/src/turtle_project) by extension 'colcon_pkg'
[9.554s] Level 1:colcon.colcon_core.package_identification:_identify(/home/heybat/Desktop/miniproject/src/turtle_project) by extensions ['colcon_meta']
[9.556s] Level 1:colcon.colcon_core.package_identification:_identify(/home/heybat/Desktop/miniproject/src/turtle_project) by extension 'colcon_meta'
[9.557s] Level 1:colcon.colcon_core.package_identification:_identify(/home/heybat/Desktop/miniproject/src/turtle_project) by extensions ['ros']
[9.559s] Level 1:colcon.colcon_core.package_identification:_identify(/home/heybat/Desktop/miniproject/src/turtle_project) by extension 'ros'
[9.583s] DEBUG:colcon.colcon_core.package_identification:Package '/home/heybat/Desktop/miniproject/src/turtle_project' with type 'ros.ament_python' and name 'turtle_project'
[9.583s] Level 1:colcon.colcon_core.package_discovery:discover_packages(recursive) using defaults
