-- Found ament_cmake: 1.3.5 (/opt/ros/humble/share/ament_cmake/cmake)
-- Override CMake install command with custom implementation using symlinks instead of copying resources
-- Found rosidl_default_generators: 1.2.0 (/opt/ros/humble/share/rosidl_default_generators/cmake)
-- Using all available rosidl_typesupport_c: rosidl_typesupport_fastrtps_c;rosidl_typesupport_introspection_c
-- Found rosidl_adapter: 3.1.5 (/opt/ros/humble/share/rosidl_adapter/cmake)
-- Using all available rosidl_typesupport_cpp: rosidl_typesupport_fastrtps_cpp;rosidl_typesupport_introspection_cpp
-- Found ament_cmake_ros: 0.10.0 (/opt/ros/humble/share/ament_cmake_ros/cmake)
-- Using all available rosidl_typesupport_c: rosidl_typesupport_fastrtps_c;rosidl_typesupport_introspection_c
-- Using all available rosidl_typesupport_cpp: rosidl_typesupport_fastrtps_cpp;rosidl_typesupport_introspection_cpp
-- Found python_cmake_module: 0.10.0 (/opt/ros/humble/share/python_cmake_module/cmake)
-- Using PYTHON_EXECUTABLE: /usr/bin/python3
-- Using PYTHON_INCLUDE_DIRS: /usr/include/python3.10
-- Using PYTHON_LIBRARIES: /usr/lib/aarch64-linux-gnu/libpython3.10.so
-- Configuring done
-- Generating done
-- Build files have been written to: /home/heybat/Desktop/miniproject/build/robot_interfaces
[  2%] [34m[1mGenerating C code for ROS interfaces[0m
[  4%] [34m[1mGenerating C++ code for ROS interfaces[0m
[  4%] Built target robot_interfaces__cpp
[35m[1mConsolidate compiler generated dependencies of target robot_interfaces__rosidl_generator_c[0m
[  6%] [32mBuilding C object CMakeFiles/robot_interfaces__rosidl_generator_c.dir/rosidl_generator_c/robot_interfaces/msg/detail/turtle__functions.c.o[0m
[  8%] [32mBuilding C object CMakeFiles/robot_interfaces__rosidl_generator_c.dir/rosidl_generator_c/robot_interfaces/msg/detail/turtle_array__functions.c.o[0m
[ 10%] [32mBuilding C object CMakeFiles/robot_interfaces__rosidl_generator_c.dir/rosidl_generator_c/robot_interfaces/srv/detail/catch_turtle__functions.c.o[0m
[ 12%] [32m[1mLinking C shared library librobot_interfaces__rosidl_generator_c.so[0m
[ 12%] Built target robot_interfaces__rosidl_generator_c
[ 14%] [34m[1mGenerating C++ type support for eProsima Fast-RTPS[0m
[35m[1mConsolidate compiler generated dependencies of target robot_interfaces__rosidl_typesupport_fastrtps_cpp[0m
[ 17%] [32mBuilding CXX object CMakeFiles/robot_interfaces__rosidl_typesupport_fastrtps_cpp.dir/rosidl_typesupport_fastrtps_cpp/robot_interfaces/msg/detail/dds_fastrtps/turtle__type_support.cpp.o[0m
[ 19%] [32mBuilding CXX object CMakeFiles/robot_interfaces__rosidl_typesupport_fastrtps_cpp.dir/rosidl_typesupport_fastrtps_cpp/robot_interfaces/msg/detail/dds_fastrtps/turtle_array__type_support.cpp.o[0m
[ 21%] [32mBuilding CXX object CMakeFiles/robot_interfaces__rosidl_typesupport_fastrtps_cpp.dir/rosidl_typesupport_fastrtps_cpp/robot_interfaces/srv/detail/dds_fastrtps/catch_turtle__type_support.cpp.o[0m
[ 23%] [32m[1mLinking CXX shared library librobot_interfaces__rosidl_typesupport_fastrtps_cpp.so[0m
[ 23%] Built target robot_interfaces__rosidl_typesupport_fastrtps_cpp
[ 25%] [34m[1mGenerating C++ introspection for ROS interfaces[0m
[35m[1mConsolidate compiler generated dependencies of target robot_interfaces__rosidl_typesupport_introspection_cpp[0m
[ 27%] [32mBuilding CXX object CMakeFiles/robot_interfaces__rosidl_typesupport_introspection_cpp.dir/rosidl_typesupport_introspection_cpp/robot_interfaces/msg/detail/turtle__type_support.cpp.o[0m
[ 29%] [32mBuilding CXX object CMakeFiles/robot_interfaces__rosidl_typesupport_introspection_cpp.dir/rosidl_typesupport_introspection_cpp/robot_interfaces/msg/detail/turtle_array__type_support.cpp.o[0m
[ 31%] [32mBuilding CXX object CMakeFiles/robot_interfaces__rosidl_typesupport_introspection_cpp.dir/rosidl_typesupport_introspection_cpp/robot_interfaces/srv/detail/catch_turtle__type_support.cpp.o[0m
[ 34%] [32m[1mLinking CXX shared library librobot_interfaces__rosidl_typesupport_introspection_cpp.so[0m
[ 34%] Built target robot_interfaces__rosidl_typesupport_introspection_cpp
[ 36%] [34m[1mGenerating C type support for eProsima Fast-RTPS[0m
[35m[1mConsolidate compiler generated dependencies of target robot_interfaces__rosidl_typesupport_fastrtps_c[0m
[ 38%] [32mBuilding CXX object CMakeFiles/robot_interfaces__rosidl_typesupport_fastrtps_c.dir/rosidl_typesupport_fastrtps_c/robot_interfaces/msg/detail/turtle__type_support_c.cpp.o[0m
[ 40%] [32mBuilding CXX object CMakeFiles/robot_interfaces__rosidl_typesupport_fastrtps_c.dir/rosidl_typesupport_fastrtps_c/robot_interfaces/msg/detail/turtle_array__type_support_c.cpp.o[0m
[ 42%] [32mBuilding CXX object CMakeFiles/robot_interfaces__rosidl_typesupport_fastrtps_c.dir/rosidl_typesupport_fastrtps_c/robot_interfaces/srv/detail/catch_turtle__type_support_c.cpp.o[0m
[ 44%] [32m[1mLinking CXX shared library librobot_interfaces__rosidl_typesupport_fastrtps_c.so[0m
[ 44%] Built target robot_interfaces__rosidl_typesupport_fastrtps_c
[ 46%] [34m[1mGenerating C introspection for ROS interfaces[0m
[35m[1mConsolidate compiler generated dependencies of target robot_interfaces__rosidl_typesupport_introspection_c[0m
[ 48%] [32mBuilding C object CMakeFiles/robot_interfaces__rosidl_typesupport_introspection_c.dir/rosidl_typesupport_introspection_c/robot_interfaces/msg/detail/turtle__type_support.c.o[0m
[ 51%] [32mBuilding C object CMakeFiles/robot_interfaces__rosidl_typesupport_introspection_c.dir/rosidl_typesupport_introspection_c/robot_interfaces/msg/detail/turtle_array__type_support.c.o[0m
[ 53%] [32mBuilding C object CMakeFiles/robot_interfaces__rosidl_typesupport_introspection_c.dir/rosidl_typesupport_introspection_c/robot_interfaces/srv/detail/catch_turtle__type_support.c.o[0m
[ 55%] [32m[1mLinking C shared library librobot_interfaces__rosidl_typesupport_introspection_c.so[0m
[ 55%] Built target robot_interfaces__rosidl_typesupport_introspection_c
[ 57%] [34m[1mGenerating C type support dispatch for ROS interfaces[0m
[35m[1mConsolidate compiler generated dependencies of target robot_interfaces__rosidl_typesupport_c[0m
[ 59%] [32mBuilding CXX object CMakeFiles/robot_interfaces__rosidl_typesupport_c.dir/rosidl_typesupport_c/robot_interfaces/msg/turtle__type_support.cpp.o[0m
[ 61%] [32mBuilding CXX object CMakeFiles/robot_interfaces__rosidl_typesupport_c.dir/rosidl_typesupport_c/robot_interfaces/msg/turtle_array__type_support.cpp.o[0m
[ 63%] [32mBuilding CXX object CMakeFiles/robot_interfaces__rosidl_typesupport_c.dir/rosidl_typesupport_c/robot_interfaces/srv/catch_turtle__type_support.cpp.o[0m
[ 65%] [32m[1mLinking CXX shared library librobot_interfaces__rosidl_typesupport_c.so[0m
[ 65%] Built target robot_interfaces__rosidl_typesupport_c
[ 68%] [34m[1mGenerating C++ type support dispatch for ROS interfaces[0m
[35m[1mConsolidate compiler generated dependencies of target robot_interfaces__rosidl_typesupport_cpp[0m
[ 70%] [32mBuilding CXX object CMakeFiles/robot_interfaces__rosidl_typesupport_cpp.dir/rosidl_typesupport_cpp/robot_interfaces/msg/turtle__type_support.cpp.o[0m
[ 72%] [32mBuilding CXX object CMakeFiles/robot_interfaces__rosidl_typesupport_cpp.dir/rosidl_typesupport_cpp/robot_interfaces/srv/catch_turtle__type_support.cpp.o[0m
[ 74%] [32mBuilding CXX object CMakeFiles/robot_interfaces__rosidl_typesupport_cpp.dir/rosidl_typesupport_cpp/robot_interfaces/msg/turtle_array__type_support.cpp.o[0m
[ 76%] [32m[1mLinking CXX shared library librobot_interfaces__rosidl_typesupport_cpp.so[0m
[ 76%] Built target robot_interfaces__rosidl_typesupport_cpp
[ 76%] Built target ament_cmake_python_symlink_robot_interfaces
[ 76%] Built target robot_interfaces
running egg_info
writing robot_interfaces.egg-info/PKG-INFO
writing dependency_links to robot_interfaces.egg-info/dependency_links.txt
writing top-level names to robot_interfaces.egg-info/top_level.txt
reading manifest file 'robot_interfaces.egg-info/SOURCES.txt'
writing manifest file 'robot_interfaces.egg-info/SOURCES.txt'
[ 76%] Built target ament_cmake_python_build_robot_interfaces_egg
[ 78%] [34m[1mGenerating Python code for ROS interfaces[0m
[ 78%] Built target robot_interfaces__py
[35m[1mConsolidate compiler generated dependencies of target robot_interfaces__rosidl_generator_py[0m
[ 80%] [32mBuilding C object CMakeFiles/robot_interfaces__rosidl_generator_py.dir/rosidl_generator_py/robot_interfaces/msg/_turtle_s.c.o[0m
[ 82%] [32mBuilding C object CMakeFiles/robot_interfaces__rosidl_generator_py.dir/rosidl_generator_py/robot_interfaces/srv/_catch_turtle_s.c.o[0m
[ 85%] [32mBuilding C object CMakeFiles/robot_interfaces__rosidl_generator_py.dir/rosidl_generator_py/robot_interfaces/msg/_turtle_array_s.c.o[0m
[ 87%] [32m[1mLinking C shared library rosidl_generator_py/robot_interfaces/librobot_interfaces__rosidl_generator_py.so[0m
[ 87%] Built target robot_interfaces__rosidl_generator_py
[35m[1mConsolidate compiler generated dependencies of target robot_interfaces__rosidl_typesupport_fastrtps_c__pyext[0m
[ 89%] [32mBuilding C object CMakeFiles/robot_interfaces__rosidl_typesupport_fastrtps_c__pyext.dir/rosidl_generator_py/robot_interfaces/_robot_interfaces_s.ep.rosidl_typesupport_fastrtps_c.c.o[0m
[ 91%] [32m[1mLinking C shared library rosidl_generator_py/robot_interfaces/robot_interfaces_s__rosidl_typesupport_fastrtps_c.cpython-310-aarch64-linux-gnu.so[0m
[ 91%] Built target robot_interfaces__rosidl_typesupport_fastrtps_c__pyext
[35m[1mConsolidate compiler generated dependencies of target robot_interfaces__rosidl_typesupport_c__pyext[0m
[ 93%] [32mBuilding C object CMakeFiles/robot_interfaces__rosidl_typesupport_c__pyext.dir/rosidl_generator_py/robot_interfaces/_robot_interfaces_s.ep.rosidl_typesupport_c.c.o[0m
[ 95%] [32m[1mLinking C shared library rosidl_generator_py/robot_interfaces/robot_interfaces_s__rosidl_typesupport_c.cpython-310-aarch64-linux-gnu.so[0m
[ 95%] Built target robot_interfaces__rosidl_typesupport_c__pyext
[35m[1mConsolidate compiler generated dependencies of target robot_interfaces__rosidl_typesupport_introspection_c__pyext[0m
[ 97%] [32mBuilding C object CMakeFiles/robot_interfaces__rosidl_typesupport_introspection_c__pyext.dir/rosidl_generator_py/robot_interfaces/_robot_interfaces_s.ep.rosidl_typesupport_introspection_c.c.o[0m
[100%] [32m[1mLinking C shared library rosidl_generator_py/robot_interfaces/robot_interfaces_s__rosidl_typesupport_introspection_c.cpython-310-aarch64-linux-gnu.so[0m
[100%] Built target robot_interfaces__rosidl_typesupport_introspection_c__pyext
-- Install configuration: ""
-- Execute custom install script
-- Up-to-date symlink: /home/heybat/Desktop/miniproject/install/robot_interfaces/share/ament_index/resource_index/rosidl_interfaces/robot_interfaces
-- Up-to-date symlink: /home/heybat/Desktop/miniproject/install/robot_interfaces/include/robot_interfaces/robot_interfaces/msg/detail/turtle__functions.h
-- Up-to-date symlink: /home/heybat/Desktop/miniproject/install/robot_interfaces/include/robot_interfaces/robot_interfaces/msg/detail/turtle__struct.h
-- Up-to-date symlink: /home/heybat/Desktop/miniproject/install/robot_interfaces/include/robot_interfaces/robot_interfaces/msg/detail/turtle__type_support.h
-- Up-to-date symlink: /home/heybat/Desktop/miniproject/install/robot_interfaces/include/robot_interfaces/robot_interfaces/msg/detail/turtle_array__functions.h
-- Up-to-date symlink: /home/heybat/Desktop/miniproject/install/robot_interfaces/include/robot_interfaces/robot_interfaces/msg/detail/turtle_array__struct.h
-- Up-to-date symlink: /home/heybat/Desktop/miniproject/install/robot_interfaces/include/robot_interfaces/robot_interfaces/msg/detail/turtle_array__type_support.h
-- Up-to-date symlink: /home/heybat/Desktop/miniproject/install/robot_interfaces/include/robot_interfaces/robot_interfaces/msg/rosidl_generator_c__visibility_control.h
-- Up-to-date symlink: /home/heybat/Desktop/miniproject/install/robot_interfaces/include/robot_interfaces/robot_interfaces/msg/turtle.h
-- Up-to-date symlink: /home/heybat/Desktop/miniproject/install/robot_interfaces/include/robot_interfaces/robot_interfaces/msg/turtle_array.h
-- Symlinking: /home/heybat/Desktop/miniproject/install/robot_interfaces/include/robot_interfaces/robot_interfaces/srv/catch_turtle.h
-- Symlinking: /home/heybat/Desktop/miniproject/install/robot_interfaces/include/robot_interfaces/robot_interfaces/srv/detail/catch_turtle__functions.h
-- Symlinking: /home/heybat/Desktop/miniproject/install/robot_interfaces/include/robot_interfaces/robot_interfaces/srv/detail/catch_turtle__struct.h
-- Symlinking: /home/heybat/Desktop/miniproject/install/robot_interfaces/include/robot_interfaces/robot_interfaces/srv/detail/catch_turtle__type_support.h
-- Up-to-date symlink: /home/heybat/Desktop/miniproject/install/robot_interfaces/share/robot_interfaces/environment/library_path.sh
-- Up-to-date symlink: /home/heybat/Desktop/miniproject/install/robot_interfaces/share/robot_interfaces/environment/library_path.dsv
-- Up-to-date symlink: /home/heybat/Desktop/miniproject/install/robot_interfaces/include/robot_interfaces/robot_interfaces/msg/detail/turtle__rosidl_typesupport_fastrtps_c.h
-- Up-to-date symlink: /home/heybat/Desktop/miniproject/install/robot_interfaces/include/robot_interfaces/robot_interfaces/msg/detail/turtle_array__rosidl_typesupport_fastrtps_c.h
-- Up-to-date symlink: /home/heybat/Desktop/miniproject/install/robot_interfaces/include/robot_interfaces/robot_interfaces/msg/rosidl_typesupport_fastrtps_c__visibility_control.h
-- Symlinking: /home/heybat/Desktop/miniproject/install/robot_interfaces/include/robot_interfaces/robot_interfaces/srv/detail/catch_turtle__rosidl_typesupport_fastrtps_c.h
-- Up-to-date symlink: /home/heybat/Desktop/miniproject/install/robot_interfaces/include/robot_interfaces/robot_interfaces/msg/detail/turtle__rosidl_typesupport_introspection_c.h
-- Up-to-date symlink: /home/heybat/Desktop/miniproject/install/robot_interfaces/include/robot_interfaces/robot_interfaces/msg/detail/turtle_array__rosidl_typesupport_introspection_c.h
-- Up-to-date symlink: /home/heybat/Desktop/miniproject/install/robot_interfaces/include/robot_interfaces/robot_interfaces/msg/rosidl_typesupport_introspection_c__visibility_control.h
-- Symlinking: /home/heybat/Desktop/miniproject/install/robot_interfaces/include/robot_interfaces/robot_interfaces/srv/detail/catch_turtle__rosidl_typesupport_introspection_c.h
-- Up-to-date symlink: /home/heybat/Desktop/miniproject/install/robot_interfaces/include/robot_interfaces/robot_interfaces/msg/detail/turtle__builder.hpp
-- Up-to-date symlink: /home/heybat/Desktop/miniproject/install/robot_interfaces/include/robot_interfaces/robot_interfaces/msg/detail/turtle__struct.hpp
-- Up-to-date symlink: /home/heybat/Desktop/miniproject/install/robot_interfaces/include/robot_interfaces/robot_interfaces/msg/detail/turtle__traits.hpp
-- Up-to-date symlink: /home/heybat/Desktop/miniproject/install/robot_interfaces/include/robot_interfaces/robot_interfaces/msg/detail/turtle_array__builder.hpp
-- Up-to-date symlink: /home/heybat/Desktop/miniproject/install/robot_interfaces/include/robot_interfaces/robot_interfaces/msg/detail/turtle_array__struct.hpp
-- Up-to-date symlink: /home/heybat/Desktop/miniproject/install/robot_interfaces/include/robot_interfaces/robot_interfaces/msg/detail/turtle_array__traits.hpp
-- Up-to-date symlink: /home/heybat/Desktop/miniproject/install/robot_interfaces/include/robot_interfaces/robot_interfaces/msg/turtle.hpp
-- Up-to-date symlink: /home/heybat/Desktop/miniproject/install/robot_interfaces/include/robot_interfaces/robot_interfaces/msg/turtle_array.hpp
-- Symlinking: /home/heybat/Desktop/miniproject/install/robot_interfaces/include/robot_interfaces/robot_interfaces/srv/catch_turtle.hpp
-- Symlinking: /home/heybat/Desktop/miniproject/install/robot_interfaces/include/robot_interfaces/robot_interfaces/srv/detail/catch_turtle__builder.hpp
-- Symlinking: /home/heybat/Desktop/miniproject/install/robot_interfaces/include/robot_interfaces/robot_interfaces/srv/detail/catch_turtle__struct.hpp
-- Symlinking: /home/heybat/Desktop/miniproject/install/robot_interfaces/include/robot_interfaces/robot_interfaces/srv/detail/catch_turtle__traits.hpp
-- Up-to-date symlink: /home/heybat/Desktop/miniproject/install/robot_interfaces/include/robot_interfaces/robot_interfaces/msg/detail/turtle__rosidl_typesupport_fastrtps_cpp.hpp
-- Up-to-date symlink: /home/heybat/Desktop/miniproject/install/robot_interfaces/include/robot_interfaces/robot_interfaces/msg/detail/turtle_array__rosidl_typesupport_fastrtps_cpp.hpp
-- Up-to-date symlink: /home/heybat/Desktop/miniproject/install/robot_interfaces/include/robot_interfaces/robot_interfaces/msg/rosidl_typesupport_fastrtps_cpp__visibility_control.h
-- Symlinking: /home/heybat/Desktop/miniproject/install/robot_interfaces/include/robot_interfaces/robot_interfaces/srv/detail/catch_turtle__rosidl_typesupport_fastrtps_cpp.hpp
-- Up-to-date symlink: /home/heybat/Desktop/miniproject/install/robot_interfaces/include/robot_interfaces/robot_interfaces/msg/detail/turtle__rosidl_typesupport_introspection_cpp.hpp
-- Up-to-date symlink: /home/heybat/Desktop/miniproject/install/robot_interfaces/include/robot_interfaces/robot_interfaces/msg/detail/turtle_array__rosidl_typesupport_introspection_cpp.hpp
-- Symlinking: /home/heybat/Desktop/miniproject/install/robot_interfaces/include/robot_interfaces/robot_interfaces/srv/detail/catch_turtle__rosidl_typesupport_introspection_cpp.hpp
-- Up-to-date symlink: /home/heybat/Desktop/miniproject/install/robot_interfaces/share/robot_interfaces/environment/pythonpath.sh
-- Up-to-date symlink: /home/heybat/Desktop/miniproject/install/robot_interfaces/share/robot_interfaces/environment/pythonpath.dsv
-- Up-to-date symlink: /home/heybat/Desktop/miniproject/install/robot_interfaces/local/lib/python3.10/dist-packages/robot_interfaces-0.0.0-py3.10.egg-info/PKG-INFO
-- Up-to-date symlink: /home/heybat/Desktop/miniproject/install/robot_interfaces/local/lib/python3.10/dist-packages/robot_interfaces-0.0.0-py3.10.egg-info/SOURCES.txt
-- Up-to-date symlink: /home/heybat/Desktop/miniproject/install/robot_interfaces/local/lib/python3.10/dist-packages/robot_interfaces-0.0.0-py3.10.egg-info/dependency_links.txt
-- Up-to-date symlink: /home/heybat/Desktop/miniproject/install/robot_interfaces/local/lib/python3.10/dist-packages/robot_interfaces-0.0.0-py3.10.egg-info/top_level.txt
-- Up-to-date symlink: /home/heybat/Desktop/miniproject/install/robot_interfaces/local/lib/python3.10/dist-packages/robot_interfaces/__init__.py
-- Up-to-date symlink: /home/heybat/Desktop/miniproject/install/robot_interfaces/local/lib/python3.10/dist-packages/robot_interfaces/_robot_interfaces_s.ep.rosidl_typesupport_c.c
-- Up-to-date symlink: /home/heybat/Desktop/miniproject/install/robot_interfaces/local/lib/python3.10/dist-packages/robot_interfaces/_robot_interfaces_s.ep.rosidl_typesupport_fastrtps_c.c
-- Up-to-date symlink: /home/heybat/Desktop/miniproject/install/robot_interfaces/local/lib/python3.10/dist-packages/robot_interfaces/_robot_interfaces_s.ep.rosidl_typesupport_introspection_c.c
-- Up-to-date symlink: /home/heybat/Desktop/miniproject/install/robot_interfaces/local/lib/python3.10/dist-packages/robot_interfaces/librobot_interfaces__rosidl_generator_py.so
-- Up-to-date symlink: /home/heybat/Desktop/miniproject/install/robot_interfaces/local/lib/python3.10/dist-packages/robot_interfaces/msg/__init__.py
-- Up-to-date symlink: /home/heybat/Desktop/miniproject/install/robot_interfaces/local/lib/python3.10/dist-packages/robot_interfaces/msg/_turtle.py
-- Up-to-date symlink: /home/heybat/Desktop/miniproject/install/robot_interfaces/local/lib/python3.10/dist-packages/robot_interfaces/msg/_turtle_array.py
-- Up-to-date symlink: /home/heybat/Desktop/miniproject/install/robot_interfaces/local/lib/python3.10/dist-packages/robot_interfaces/msg/_turtle_array_s.c
-- Up-to-date symlink: /home/heybat/Desktop/miniproject/install/robot_interfaces/local/lib/python3.10/dist-packages/robot_interfaces/msg/_turtle_s.c
-- Up-to-date symlink: /home/heybat/Desktop/miniproject/install/robot_interfaces/local/lib/python3.10/dist-packages/robot_interfaces/robot_interfaces_s__rosidl_typesupport_c.cpython-310-aarch64-linux-gnu.so
-- Up-to-date symlink: /home/heybat/Desktop/miniproject/install/robot_interfaces/local/lib/python3.10/dist-packages/robot_interfaces/robot_interfaces_s__rosidl_typesupport_fastrtps_c.cpython-310-aarch64-linux-gnu.so
-- Up-to-date symlink: /home/heybat/Desktop/miniproject/install/robot_interfaces/local/lib/python3.10/dist-packages/robot_interfaces/robot_interfaces_s__rosidl_typesupport_introspection_c.cpython-310-aarch64-linux-gnu.so
-- Symlinking: /home/heybat/Desktop/miniproject/install/robot_interfaces/local/lib/python3.10/dist-packages/robot_interfaces/srv/__init__.py
-- Symlinking: /home/heybat/Desktop/miniproject/install/robot_interfaces/local/lib/python3.10/dist-packages/robot_interfaces/srv/_catch_turtle.py
-- Symlinking: /home/heybat/Desktop/miniproject/install/robot_interfaces/local/lib/python3.10/dist-packages/robot_interfaces/srv/_catch_turtle_s.c
-- Up-to-date symlink: /home/heybat/Desktop/miniproject/install/robot_interfaces/local/lib/python3.10/dist-packages/robot_interfaces/robot_interfaces_s__rosidl_typesupport_fastrtps_c.cpython-310-aarch64-linux-gnu.so
-- Up-to-date symlink: /home/heybat/Desktop/miniproject/install/robot_interfaces/local/lib/python3.10/dist-packages/robot_interfaces/robot_interfaces_s__rosidl_typesupport_introspection_c.cpython-310-aarch64-linux-gnu.so
-- Up-to-date symlink: /home/heybat/Desktop/miniproject/install/robot_interfaces/local/lib/python3.10/dist-packages/robot_interfaces/robot_interfaces_s__rosidl_typesupport_c.cpython-310-aarch64-linux-gnu.so
-- Up-to-date symlink: /home/heybat/Desktop/miniproject/install/robot_interfaces/share/robot_interfaces/msg/Turtle.idl
-- Up-to-date symlink: /home/heybat/Desktop/miniproject/install/robot_interfaces/share/robot_interfaces/msg/TurtleArray.idl
-- Symlinking: /home/heybat/Desktop/miniproject/install/robot_interfaces/share/robot_interfaces/srv/CatchTurtle.idl
-- Up-to-date symlink: /home/heybat/Desktop/miniproject/install/robot_interfaces/share/robot_interfaces/msg/Turtle.msg
-- Up-to-date symlink: /home/heybat/Desktop/miniproject/install/robot_interfaces/share/robot_interfaces/msg/TurtleArray.msg
-- Symlinking: /home/heybat/Desktop/miniproject/install/robot_interfaces/share/robot_interfaces/srv/CatchTurtle.srv
-- Symlinking: /home/heybat/Desktop/miniproject/install/robot_interfaces/share/robot_interfaces/srv/CatchTurtle_Request.msg
-- Symlinking: /home/heybat/Desktop/miniproject/install/robot_interfaces/share/robot_interfaces/srv/CatchTurtle_Response.msg
-- Up-to-date symlink: /home/heybat/Desktop/miniproject/install/robot_interfaces/share/ament_index/resource_index/package_run_dependencies/robot_interfaces
-- Up-to-date symlink: /home/heybat/Desktop/miniproject/install/robot_interfaces/share/ament_index/resource_index/parent_prefix_path/robot_interfaces
-- Up-to-date symlink: /home/heybat/Desktop/miniproject/install/robot_interfaces/share/robot_interfaces/environment/ament_prefix_path.sh
-- Up-to-date symlink: /home/heybat/Desktop/miniproject/install/robot_interfaces/share/robot_interfaces/environment/ament_prefix_path.dsv
-- Up-to-date symlink: /home/heybat/Desktop/miniproject/install/robot_interfaces/share/robot_interfaces/environment/path.sh
-- Up-to-date symlink: /home/heybat/Desktop/miniproject/install/robot_interfaces/share/robot_interfaces/environment/path.dsv
-- Up-to-date symlink: /home/heybat/Desktop/miniproject/install/robot_interfaces/share/robot_interfaces/local_setup.bash
-- Up-to-date symlink: /home/heybat/Desktop/miniproject/install/robot_interfaces/share/robot_interfaces/local_setup.sh
-- Up-to-date symlink: /home/heybat/Desktop/miniproject/install/robot_interfaces/share/robot_interfaces/local_setup.zsh
-- Up-to-date symlink: /home/heybat/Desktop/miniproject/install/robot_interfaces/share/robot_interfaces/local_setup.dsv
-- Symlinking: /home/heybat/Desktop/miniproject/install/robot_interfaces/share/robot_interfaces/package.dsv
-- Up-to-date symlink: /home/heybat/Desktop/miniproject/install/robot_interfaces/share/ament_index/resource_index/packages/robot_interfaces
-- Up-to-date symlink: /home/heybat/Desktop/miniproject/install/robot_interfaces/share/robot_interfaces/cmake/rosidl_cmake-extras.cmake
-- Up-to-date symlink: /home/heybat/Desktop/miniproject/install/robot_interfaces/share/robot_interfaces/cmake/ament_cmake_export_include_directories-extras.cmake
-- Up-to-date symlink: /home/heybat/Desktop/miniproject/install/robot_interfaces/share/robot_interfaces/cmake/ament_cmake_export_libraries-extras.cmake
-- Up-to-date symlink: /home/heybat/Desktop/miniproject/install/robot_interfaces/share/robot_interfaces/cmake/ament_cmake_export_targets-extras.cmake
-- Up-to-date symlink: /home/heybat/Desktop/miniproject/install/robot_interfaces/share/robot_interfaces/cmake/rosidl_cmake_export_typesupport_targets-extras.cmake
-- Up-to-date symlink: /home/heybat/Desktop/miniproject/install/robot_interfaces/share/robot_interfaces/cmake/ament_cmake_export_dependencies-extras.cmake
-- Up-to-date symlink: /home/heybat/Desktop/miniproject/install/robot_interfaces/share/robot_interfaces/cmake/rosidl_cmake_export_typesupport_libraries-extras.cmake
-- Up-to-date symlink: /home/heybat/Desktop/miniproject/install/robot_interfaces/share/robot_interfaces/cmake/robot_interfacesConfig.cmake
-- Up-to-date symlink: /home/heybat/Desktop/miniproject/install/robot_interfaces/share/robot_interfaces/cmake/robot_interfacesConfig-version.cmake
-- Up-to-date symlink: /home/heybat/Desktop/miniproject/install/robot_interfaces/share/robot_interfaces/package.xml
-- Installing: /home/heybat/Desktop/miniproject/install/robot_interfaces/lib/librobot_interfaces__rosidl_generator_c.so
-- Set runtime path of "/home/heybat/Desktop/miniproject/install/robot_interfaces/lib/librobot_interfaces__rosidl_generator_c.so" to ""
-- Installing: /home/heybat/Desktop/miniproject/install/robot_interfaces/lib/librobot_interfaces__rosidl_typesupport_fastrtps_c.so
-- Set runtime path of "/home/heybat/Desktop/miniproject/install/robot_interfaces/lib/librobot_interfaces__rosidl_typesupport_fastrtps_c.so" to ""
-- Installing: /home/heybat/Desktop/miniproject/install/robot_interfaces/lib/librobot_interfaces__rosidl_typesupport_introspection_c.so
-- Set runtime path of "/home/heybat/Desktop/miniproject/install/robot_interfaces/lib/librobot_interfaces__rosidl_typesupport_introspection_c.so" to ""
-- Installing: /home/heybat/Desktop/miniproject/install/robot_interfaces/lib/librobot_interfaces__rosidl_typesupport_c.so
-- Set runtime path of "/home/heybat/Desktop/miniproject/install/robot_interfaces/lib/librobot_interfaces__rosidl_typesupport_c.so" to ""
-- Installing: /home/heybat/Desktop/miniproject/install/robot_interfaces/lib/librobot_interfaces__rosidl_typesupport_fastrtps_cpp.so
-- Set runtime path of "/home/heybat/Desktop/miniproject/install/robot_interfaces/lib/librobot_interfaces__rosidl_typesupport_fastrtps_cpp.so" to ""
-- Installing: /home/heybat/Desktop/miniproject/install/robot_interfaces/lib/librobot_interfaces__rosidl_typesupport_introspection_cpp.so
-- Set runtime path of "/home/heybat/Desktop/miniproject/install/robot_interfaces/lib/librobot_interfaces__rosidl_typesupport_introspection_cpp.so" to ""
-- Installing: /home/heybat/Desktop/miniproject/install/robot_interfaces/lib/librobot_interfaces__rosidl_typesupport_cpp.so
-- Set runtime path of "/home/heybat/Desktop/miniproject/install/robot_interfaces/lib/librobot_interfaces__rosidl_typesupport_cpp.so" to ""
Listing '/home/heybat/Desktop/miniproject/install/robot_interfaces/local/lib/python3.10/dist-packages/robot_interfaces'...
Compiling '/home/heybat/Desktop/miniproject/install/robot_interfaces/local/lib/python3.10/dist-packages/robot_interfaces/__init__.py'...
Listing '/home/heybat/Desktop/miniproject/install/robot_interfaces/local/lib/python3.10/dist-packages/robot_interfaces/msg'...
Compiling '/home/heybat/Desktop/miniproject/install/robot_interfaces/local/lib/python3.10/dist-packages/robot_interfaces/msg/__init__.py'...
Compiling '/home/heybat/Desktop/miniproject/install/robot_interfaces/local/lib/python3.10/dist-packages/robot_interfaces/msg/_turtle.py'...
Compiling '/home/heybat/Desktop/miniproject/install/robot_interfaces/local/lib/python3.10/dist-packages/robot_interfaces/msg/_turtle_array.py'...
Listing '/home/heybat/Desktop/miniproject/install/robot_interfaces/local/lib/python3.10/dist-packages/robot_interfaces/srv'...
Compiling '/home/heybat/Desktop/miniproject/install/robot_interfaces/local/lib/python3.10/dist-packages/robot_interfaces/srv/__init__.py'...
Compiling '/home/heybat/Desktop/miniproject/install/robot_interfaces/local/lib/python3.10/dist-packages/robot_interfaces/srv/_catch_turtle.py'...
-- Installing: /home/heybat/Desktop/miniproject/install/robot_interfaces/lib/librobot_interfaces__rosidl_generator_py.so
-- Set runtime path of "/home/heybat/Desktop/miniproject/install/robot_interfaces/lib/librobot_interfaces__rosidl_generator_py.so" to ""
-- Up-to-date: /home/heybat/Desktop/miniproject/install/robot_interfaces/share/robot_interfaces/cmake/export_robot_interfaces__rosidl_generator_cExport.cmake
-- Up-to-date: /home/heybat/Desktop/miniproject/install/robot_interfaces/share/robot_interfaces/cmake/export_robot_interfaces__rosidl_generator_cExport-noconfig.cmake
-- Up-to-date: /home/heybat/Desktop/miniproject/install/robot_interfaces/share/robot_interfaces/cmake/export_robot_interfaces__rosidl_typesupport_fastrtps_cExport.cmake
-- Up-to-date: /home/heybat/Desktop/miniproject/install/robot_interfaces/share/robot_interfaces/cmake/export_robot_interfaces__rosidl_typesupport_fastrtps_cExport-noconfig.cmake
-- Up-to-date: /home/heybat/Desktop/miniproject/install/robot_interfaces/share/robot_interfaces/cmake/robot_interfaces__rosidl_typesupport_introspection_cExport.cmake
-- Up-to-date: /home/heybat/Desktop/miniproject/install/robot_interfaces/share/robot_interfaces/cmake/robot_interfaces__rosidl_typesupport_introspection_cExport-noconfig.cmake
-- Up-to-date: /home/heybat/Desktop/miniproject/install/robot_interfaces/share/robot_interfaces/cmake/robot_interfaces__rosidl_typesupport_cExport.cmake
-- Up-to-date: /home/heybat/Desktop/miniproject/install/robot_interfaces/share/robot_interfaces/cmake/robot_interfaces__rosidl_typesupport_cExport-noconfig.cmake
-- Up-to-date: /home/heybat/Desktop/miniproject/install/robot_interfaces/share/robot_interfaces/cmake/export_robot_interfaces__rosidl_generator_cppExport.cmake
-- Up-to-date: /home/heybat/Desktop/miniproject/install/robot_interfaces/share/robot_interfaces/cmake/export_robot_interfaces__rosidl_typesupport_fastrtps_cppExport.cmake
-- Up-to-date: /home/heybat/Desktop/miniproject/install/robot_interfaces/share/robot_interfaces/cmake/export_robot_interfaces__rosidl_typesupport_fastrtps_cppExport-noconfig.cmake
-- Up-to-date: /home/heybat/Desktop/miniproject/install/robot_interfaces/share/robot_interfaces/cmake/robot_interfaces__rosidl_typesupport_introspection_cppExport.cmake
-- Up-to-date: /home/heybat/Desktop/miniproject/install/robot_interfaces/share/robot_interfaces/cmake/robot_interfaces__rosidl_typesupport_introspection_cppExport-noconfig.cmake
-- Up-to-date: /home/heybat/Desktop/miniproject/install/robot_interfaces/share/robot_interfaces/cmake/robot_interfaces__rosidl_typesupport_cppExport.cmake
-- Up-to-date: /home/heybat/Desktop/miniproject/install/robot_interfaces/share/robot_interfaces/cmake/robot_interfaces__rosidl_typesupport_cppExport-noconfig.cmake
-- Up-to-date: /home/heybat/Desktop/miniproject/install/robot_interfaces/share/robot_interfaces/cmake/export_robot_interfaces__rosidl_generator_pyExport.cmake
-- Up-to-date: /home/heybat/Desktop/miniproject/install/robot_interfaces/share/robot_interfaces/cmake/export_robot_interfaces__rosidl_generator_pyExport-noconfig.cmake
