[3.250s] Invoking command in '/home/heybat/Desktop/miniproject/src/turtle_project': PYTHONPATH=/home/heybat/Desktop/miniproject/build/turtle_project/prefix_override:/home/heybat/Desktop/miniproject/install/turtle_project/lib/python3.10/site-packages:${PYTHONPATH} /usr/bin/python3 setup.py egg_info --egg-base ../../build/turtle_project build --build-base /home/heybat/Desktop/miniproject/build/turtle_project/build install --record /home/heybat/Desktop/miniproject/build/turtle_project/install.log --single-version-externally-managed
[4.519s] running egg_info
[4.528s] writing ../../build/turtle_project/turtle_project.egg-info/PKG-INFO
[4.545s] writing dependency_links to ../../build/turtle_project/turtle_project.egg-info/dependency_links.txt
[4.546s] writing entry points to ../../build/turtle_project/turtle_project.egg-info/entry_points.txt
[4.547s] writing requirements to ../../build/turtle_project/turtle_project.egg-info/requires.txt
[4.549s] writing top-level names to ../../build/turtle_project/turtle_project.egg-info/top_level.txt
[4.561s] reading manifest file '../../build/turtle_project/turtle_project.egg-info/SOURCES.txt'
[4.618s] writing manifest file '../../build/turtle_project/turtle_project.egg-info/SOURCES.txt'
[4.638s] running build
[4.639s] running build_py
[4.640s] copying turtle_project/template_python_node.py -> /home/heybat/Desktop/miniproject/build/turtle_project/build/lib/turtle_project
[4.642s] copying turtle_project/turtle_controller.py -> /home/heybat/Desktop/miniproject/build/turtle_project/build/lib/turtle_project
[4.644s] running install
[4.646s] running install_lib
[4.652s] copying /home/heybat/Desktop/miniproject/build/turtle_project/build/lib/turtle_project/template_python_node.py -> /home/heybat/Desktop/miniproject/install/turtle_project/lib/python3.10/site-packages/turtle_project
[4.654s] copying /home/heybat/Desktop/miniproject/build/turtle_project/build/lib/turtle_project/turtle_controller.py -> /home/heybat/Desktop/miniproject/install/turtle_project/lib/python3.10/site-packages/turtle_project
[4.657s] byte-compiling /home/heybat/Desktop/miniproject/install/turtle_project/lib/python3.10/site-packages/turtle_project/template_python_node.py to template_python_node.cpython-310.pyc
[4.660s] byte-compiling /home/heybat/Desktop/miniproject/install/turtle_project/lib/python3.10/site-packages/turtle_project/turtle_controller.py to turtle_controller.cpython-310.pyc
[4.662s] running install_data
[4.665s] running install_egg_info
[4.683s] removing '/home/heybat/Desktop/miniproject/install/turtle_project/lib/python3.10/site-packages/turtle_project-0.0.0-py3.10.egg-info' (and everything under it)
[4.686s] Copying ../../build/turtle_project/turtle_project.egg-info to /home/heybat/Desktop/miniproject/install/turtle_project/lib/python3.10/site-packages/turtle_project-0.0.0-py3.10.egg-info
[4.698s] running install_scripts
[4.818s] Installing turtle_controller script to /home/heybat/Desktop/miniproject/install/turtle_project/lib/turtle_project
[4.819s] writing list of installed files to '/home/heybat/Desktop/miniproject/build/turtle_project/install.log'
[4.994s] Invoked command in '/home/heybat/Desktop/miniproject/src/turtle_project' returned '0': PYTHONPATH=/home/heybat/Desktop/miniproject/build/turtle_project/prefix_override:/home/heybat/Desktop/miniproject/install/turtle_project/lib/python3.10/site-packages:${PYTHONPATH} /usr/bin/python3 setup.py egg_info --egg-base ../../build/turtle_project build --build-base /home/heybat/Desktop/miniproject/build/turtle_project/build install --record /home/heybat/Desktop/miniproject/build/turtle_project/install.log --single-version-externally-managed
