[1.605s] DEBUG:colcon:Command line arguments: ['/usr/bin/colcon', 'build', '--symlink-install']
[1.605s] DEBUG:colcon:Parsed command line arguments: Namespace(log_base=None, log_level=None, verb_name='build', build_base='build', install_base='install', merge_install=False, symlink_install=True, test_result_base=None, continue_on_error=False, executor='parallel', parallel_workers=4, event_handlers=None, ignore_user_meta=False, metas=['./colcon.meta'], base_paths=['.'], packages_ignore=None, packages_ignore_regex=None, paths=None, packages_up_to=None, packages_up_to_regex=None, packages_above=None, packages_above_and_dependencies=None, packages_above_depth=None, packages_select_by_dep=None, packages_skip_by_dep=None, packages_skip_up_to=None, packages_select_build_failed=False, packages_skip_build_finished=False, packages_select_test_failures=False, packages_skip_test_passed=False, packages_select=None, packages_skip=None, packages_select_regex=None, packages_skip_regex=None, packages_start=None, packages_end=None, allow_overriding=[], cmake_args=None, cmake_target=None, cmake_target_skip_unavailable=False, cmake_clean_cache=False, cmake_clean_first=False, cmake_force_configure=False, ament_cmake_args=None, catkin_cmake_args=None, catkin_skip_building_tests=False, verb_parser=<colcon_defaults.argument_parser.defaults.DefaultArgumentsDecorator object at 0xffff99ee3fd0>, verb_extension=<colcon_core.verb.build.BuildVerb object at 0xffff99f908e0>, main=<bound method BuildVerb.main of <colcon_core.verb.build.BuildVerb object at 0xffff99f908e0>>)
[1.727s] Level 1:colcon.colcon_core.package_discovery:discover_packages(colcon_meta) check parameters
[1.728s] Level 1:colcon.colcon_core.package_discovery:discover_packages(recursive) check parameters
[1.728s] Level 1:colcon.colcon_core.package_discovery:discover_packages(ignore) check parameters
[1.729s] Level 1:colcon.colcon_core.package_discovery:discover_packages(path) check parameters
[1.729s] Level 1:colcon.colcon_core.package_discovery:discover_packages(colcon_meta) discover
[1.729s] Level 1:colcon.colcon_core.package_discovery:discover_packages(recursive) discover
[1.730s] INFO:colcon.colcon_core.package_discovery:Crawling recursively for packages in '/home/heybat/Desktop/miniproject'
[1.730s] Level 1:colcon.colcon_core.package_identification:_identify(.) by extensions ['ignore', 'ignore_ament_install']
[1.731s] Level 1:colcon.colcon_core.package_identification:_identify(.) by extension 'ignore'
[1.731s] Level 1:colcon.colcon_core.package_identification:_identify(.) by extension 'ignore_ament_install'
[1.732s] Level 1:colcon.colcon_core.package_identification:_identify(.) by extensions ['colcon_pkg']
[1.732s] Level 1:colcon.colcon_core.package_identification:_identify(.) by extension 'colcon_pkg'
[1.732s] Level 1:colcon.colcon_core.package_identification:_identify(.) by extensions ['colcon_meta']
[1.732s] Level 1:colcon.colcon_core.package_identification:_identify(.) by extension 'colcon_meta'
[1.733s] Level 1:colcon.colcon_core.package_identification:_identify(.) by extensions ['ros']
[1.733s] Level 1:colcon.colcon_core.package_identification:_identify(.) by extension 'ros'
[1.786s] Level 1:colcon.colcon_core.package_identification:_identify(.) by extensions ['cmake', 'python']
[1.786s] Level 1:colcon.colcon_core.package_identification:_identify(.) by extension 'cmake'
[1.787s] Level 1:colcon.colcon_core.package_identification:_identify(.) by extension 'python'
[1.787s] Level 1:colcon.colcon_core.package_identification:_identify(.) by extensions ['python_setup_py']
[1.787s] Level 1:colcon.colcon_core.package_identification:_identify(.) by extension 'python_setup_py'
[1.788s] Level 1:colcon.colcon_core.package_identification:_identify(build) by extensions ['ignore', 'ignore_ament_install']
[1.789s] Level 1:colcon.colcon_core.package_identification:_identify(build) by extension 'ignore'
[1.789s] Level 1:colcon.colcon_core.package_identification:_identify(build) ignored
[1.790s] Level 1:colcon.colcon_core.package_identification:_identify(install) by extensions ['ignore', 'ignore_ament_install']
[1.790s] Level 1:colcon.colcon_core.package_identification:_identify(install) by extension 'ignore'
[1.791s] Level 1:colcon.colcon_core.package_identification:_identify(install) ignored
[1.791s] Level 1:colcon.colcon_core.package_identification:_identify(log) by extensions ['ignore', 'ignore_ament_install']
[1.792s] Level 1:colcon.colcon_core.package_identification:_identify(log) by extension 'ignore'
[1.792s] Level 1:colcon.colcon_core.package_identification:_identify(log) ignored
[1.793s] Level 1:colcon.colcon_core.package_identification:_identify(src) by extensions ['ignore', 'ignore_ament_install']
[1.793s] Level 1:colcon.colcon_core.package_identification:_identify(src) by extension 'ignore'
[1.793s] Level 1:colcon.colcon_core.package_identification:_identify(src) by extension 'ignore_ament_install'
[1.794s] Level 1:colcon.colcon_core.package_identification:_identify(src) by extensions ['colcon_pkg']
[1.794s] Level 1:colcon.colcon_core.package_identification:_identify(src) by extension 'colcon_pkg'
[1.794s] Level 1:colcon.colcon_core.package_identification:_identify(src) by extensions ['colcon_meta']
[1.794s] Level 1:colcon.colcon_core.package_identification:_identify(src) by extension 'colcon_meta'
[1.795s] Level 1:colcon.colcon_core.package_identification:_identify(src) by extensions ['ros']
[1.795s] Level 1:colcon.colcon_core.package_identification:_identify(src) by extension 'ros'
[1.795s] Level 1:colcon.colcon_core.package_identification:_identify(src) by extensions ['cmake', 'python']
[1.795s] Level 1:colcon.colcon_core.package_identification:_identify(src) by extension 'cmake'
[1.796s] Level 1:colcon.colcon_core.package_identification:_identify(src) by extension 'python'
[1.796s] Level 1:colcon.colcon_core.package_identification:_identify(src) by extensions ['python_setup_py']
[1.796s] Level 1:colcon.colcon_core.package_identification:_identify(src) by extension 'python_setup_py'
[1.797s] Level 1:colcon.colcon_core.package_identification:_identify(src/turtle_project) by extensions ['ignore', 'ignore_ament_install']
[1.797s] Level 1:colcon.colcon_core.package_identification:_identify(src/turtle_project) by extension 'ignore'
[1.798s] Level 1:colcon.colcon_core.package_identification:_identify(src/turtle_project) by extension 'ignore_ament_install'
[1.798s] Level 1:colcon.colcon_core.package_identification:_identify(src/turtle_project) by extensions ['colcon_pkg']
[1.798s] Level 1:colcon.colcon_core.package_identification:_identify(src/turtle_project) by extension 'colcon_pkg'
[1.798s] Level 1:colcon.colcon_core.package_identification:_identify(src/turtle_project) by extensions ['colcon_meta']
[1.799s] Level 1:colcon.colcon_core.package_identification:_identify(src/turtle_project) by extension 'colcon_meta'
[1.799s] Level 1:colcon.colcon_core.package_identification:_identify(src/turtle_project) by extensions ['ros']
[1.799s] Level 1:colcon.colcon_core.package_identification:_identify(src/turtle_project) by extension 'ros'
[1.811s] DEBUG:colcon.colcon_core.package_identification:Package 'src/turtle_project' with type 'ros.ament_python' and name 'turtle_project'
[1.812s] Level 1:colcon.colcon_core.package_discovery:discover_packages(recursive) using defaults
[1.812s] Level 1:colcon.colcon_core.package_discovery:discover_packages(ignore) discover
[1.812s] Level 1:colcon.colcon_core.package_discovery:discover_packages(ignore) using defaults
[1.812s] Level 1:colcon.colcon_core.package_discovery:discover_packages(path) discover
[1.812s] Level 1:colcon.colcon_core.package_discovery:discover_packages(path) using defaults
[1.923s] Level 1:colcon.colcon_core.package_discovery:discover_packages(prefix_path) check parameters
[1.924s] Level 1:colcon.colcon_core.package_discovery:discover_packages(prefix_path) discover
[1.940s] DEBUG:colcon.colcon_installed_package_information.package_discovery:Found 1 installed packages in /home/heybat/Desktop/miniproject/install
[1.946s] DEBUG:colcon.colcon_installed_package_information.package_discovery:Found 1 installed packages in /home/heybat/Desktop/ROS/ActivitywithROS/Activity2_Ros2/install
[1.952s] DEBUG:colcon.colcon_installed_package_information.package_discovery:Found 1 installed packages in /home/heybat/Desktop/ros2_ws2/install
[1.957s] DEBUG:colcon.colcon_installed_package_information.package_discovery:Found 2 installed packages in /home/heybat/Desktop/ws_ros2/install
[1.969s] DEBUG:colcon.colcon_installed_package_information.package_discovery:Found 270 installed packages in /opt/ros/humble
[1.976s] Level 1:colcon.colcon_core.package_discovery:discover_packages(prefix_path) using defaults
[2.257s] Level 5:colcon.colcon_core.verb:set package 'turtle_project' build argument 'cmake_args' from command line to 'None'
[2.258s] Level 5:colcon.colcon_core.verb:set package 'turtle_project' build argument 'cmake_target' from command line to 'None'
[2.258s] Level 5:colcon.colcon_core.verb:set package 'turtle_project' build argument 'cmake_target_skip_unavailable' from command line to 'False'
[2.258s] Level 5:colcon.colcon_core.verb:set package 'turtle_project' build argument 'cmake_clean_cache' from command line to 'False'
[2.258s] Level 5:colcon.colcon_core.verb:set package 'turtle_project' build argument 'cmake_clean_first' from command line to 'False'
[2.258s] Level 5:colcon.colcon_core.verb:set package 'turtle_project' build argument 'cmake_force_configure' from command line to 'False'
[2.258s] Level 5:colcon.colcon_core.verb:set package 'turtle_project' build argument 'ament_cmake_args' from command line to 'None'
[2.258s] Level 5:colcon.colcon_core.verb:set package 'turtle_project' build argument 'catkin_cmake_args' from command line to 'None'
[2.258s] Level 5:colcon.colcon_core.verb:set package 'turtle_project' build argument 'catkin_skip_building_tests' from command line to 'False'
[2.259s] DEBUG:colcon.colcon_core.verb:Building package 'turtle_project' with the following arguments: {'ament_cmake_args': None, 'build_base': '/home/heybat/Desktop/miniproject/build/turtle_project', 'catkin_cmake_args': None, 'catkin_skip_building_tests': False, 'cmake_args': None, 'cmake_clean_cache': False, 'cmake_clean_first': False, 'cmake_force_configure': False, 'cmake_target': None, 'cmake_target_skip_unavailable': False, 'install_base': '/home/heybat/Desktop/miniproject/install/turtle_project', 'merge_install': False, 'path': '/home/heybat/Desktop/miniproject/src/turtle_project', 'symlink_install': True, 'test_result_base': None}
[2.261s] INFO:colcon.colcon_core.executor:Executing jobs using 'parallel' executor
[2.274s] DEBUG:colcon.colcon_parallel_executor.executor.parallel:run_until_complete
[2.275s] INFO:colcon.colcon_ros.task.ament_python.build:Building ROS package in '/home/heybat/Desktop/miniproject/src/turtle_project' with build type 'ament_python'
[2.276s] Level 1:colcon.colcon_core.shell:create_environment_hook('turtle_project', 'ament_prefix_path')
[2.296s] INFO:colcon.colcon_core.plugin_system:Skipping extension 'colcon_core.shell.bat': Not used on non-Windows systems
[2.297s] INFO:colcon.colcon_core.shell:Creating environment hook '/home/heybat/Desktop/miniproject/install/turtle_project/share/turtle_project/hook/ament_prefix_path.ps1'
[2.300s] INFO:colcon.colcon_core.shell:Creating environment descriptor '/home/heybat/Desktop/miniproject/install/turtle_project/share/turtle_project/hook/ament_prefix_path.dsv'
[2.302s] INFO:colcon.colcon_core.shell:Creating environment hook '/home/heybat/Desktop/miniproject/install/turtle_project/share/turtle_project/hook/ament_prefix_path.sh'
[2.313s] INFO:colcon.colcon_core.shell:Skip shell extension 'powershell' for command environment: Not usable outside of PowerShell
[2.313s] DEBUG:colcon.colcon_core.shell:Skip shell extension 'dsv' for command environment
[3.962s] INFO:colcon.colcon_core.task.python.build:Building Python package in '/home/heybat/Desktop/miniproject/src/turtle_project'
[3.967s] INFO:colcon.colcon_core.shell:Skip shell extension 'powershell' for command environment: Not usable outside of PowerShell
[3.967s] DEBUG:colcon.colcon_core.shell:Skip shell extension 'dsv' for command environment
[6.115s] DEBUG:colcon.colcon_core.event_handler.log_command:Invoking command in '/home/heybat/Desktop/miniproject/build/turtle_project': PYTHONPATH=/home/heybat/Desktop/miniproject/build/turtle_project/prefix_override:/home/heybat/Desktop/miniproject/install/turtle_project/lib/python3.10/site-packages:${PYTHONPATH} /usr/bin/python3 setup.py develop --editable --build-directory /home/heybat/Desktop/miniproject/build/turtle_project/build --no-deps install_data
[9.010s] Level 1:colcon.colcon_core.shell:create_environment_hook('turtle_project', 'pythonpath_develop')
[9.018s] INFO:colcon.colcon_core.shell:Creating environment hook '/home/heybat/Desktop/miniproject/build/turtle_project/share/turtle_project/hook/pythonpath_develop.ps1'
[9.021s] DEBUG:colcon.colcon_core.event_handler.log_command:Invoked command in '/home/heybat/Desktop/miniproject/build/turtle_project' returned '0': PYTHONPATH=/home/heybat/Desktop/miniproject/build/turtle_project/prefix_override:/home/heybat/Desktop/miniproject/install/turtle_project/lib/python3.10/site-packages:${PYTHONPATH} /usr/bin/python3 setup.py develop --editable --build-directory /home/heybat/Desktop/miniproject/build/turtle_project/build --no-deps install_data
[9.028s] INFO:colcon.colcon_core.shell:Creating environment descriptor '/home/heybat/Desktop/miniproject/build/turtle_project/share/turtle_project/hook/pythonpath_develop.dsv'
[9.031s] INFO:colcon.colcon_core.shell:Creating environment hook '/home/heybat/Desktop/miniproject/build/turtle_project/share/turtle_project/hook/pythonpath_develop.sh'
[9.062s] Level 1:colcon.colcon_core.environment:checking '/home/heybat/Desktop/miniproject/install/turtle_project' for CMake module files
[9.065s] Level 1:colcon.colcon_core.environment:checking '/home/heybat/Desktop/miniproject/install/turtle_project' for CMake config files
[9.068s] Level 1:colcon.colcon_core.environment:checking '/home/heybat/Desktop/miniproject/install/turtle_project/lib'
[9.069s] Level 1:colcon.colcon_core.environment:checking '/home/heybat/Desktop/miniproject/install/turtle_project/bin'
[9.070s] Level 1:colcon.colcon_core.environment:checking '/home/heybat/Desktop/miniproject/install/turtle_project/lib/pkgconfig/turtle_project.pc'
[9.071s] Level 1:colcon.colcon_core.environment:checking '/home/heybat/Desktop/miniproject/install/turtle_project/lib/python3.10/site-packages'
[9.071s] Level 1:colcon.colcon_core.shell:create_environment_hook('turtle_project', 'pythonpath')
[9.077s] INFO:colcon.colcon_core.shell:Creating environment hook '/home/heybat/Desktop/miniproject/install/turtle_project/share/turtle_project/hook/pythonpath.ps1'
[9.079s] INFO:colcon.colcon_core.shell:Creating environment descriptor '/home/heybat/Desktop/miniproject/install/turtle_project/share/turtle_project/hook/pythonpath.dsv'
[9.082s] INFO:colcon.colcon_core.shell:Creating environment hook '/home/heybat/Desktop/miniproject/install/turtle_project/share/turtle_project/hook/pythonpath.sh'
[9.085s] Level 1:colcon.colcon_core.environment:checking '/home/heybat/Desktop/miniproject/install/turtle_project/bin'
[9.086s] Level 1:colcon.colcon_core.environment:create_environment_scripts_only(turtle_project)
[9.094s] INFO:colcon.colcon_core.shell:Creating package script '/home/heybat/Desktop/miniproject/install/turtle_project/share/turtle_project/package.ps1'
[9.099s] INFO:colcon.colcon_core.shell:Creating package descriptor '/home/heybat/Desktop/miniproject/install/turtle_project/share/turtle_project/package.dsv'
[9.103s] INFO:colcon.colcon_core.shell:Creating package script '/home/heybat/Desktop/miniproject/install/turtle_project/share/turtle_project/package.sh'
[9.109s] INFO:colcon.colcon_core.shell:Creating package script '/home/heybat/Desktop/miniproject/install/turtle_project/share/turtle_project/package.bash'
[9.115s] INFO:colcon.colcon_core.shell:Creating package script '/home/heybat/Desktop/miniproject/install/turtle_project/share/turtle_project/package.zsh'
[9.134s] Level 1:colcon.colcon_core.environment:create_file_with_runtime_dependencies(/home/heybat/Desktop/miniproject/install/turtle_project/share/colcon-core/packages/turtle_project)
[9.136s] DEBUG:colcon.colcon_parallel_executor.executor.parallel:closing loop
[9.137s] DEBUG:colcon.colcon_parallel_executor.executor.parallel:loop closed
[9.137s] DEBUG:colcon.colcon_parallel_executor.executor.parallel:run_until_complete finished with '0'
[9.137s] DEBUG:colcon.colcon_core.event_reactor:joining thread
[9.169s] INFO:colcon.colcon_core.plugin_system:Skipping extension 'colcon_notification.desktop_notification.terminal_notifier': Not used on non-Darwin systems
[9.170s] INFO:colcon.colcon_core.plugin_system:Skipping extension 'colcon_notification.desktop_notification.win32': Not used on non-Windows systems
[9.171s] INFO:colcon.colcon_notification.desktop_notification:Sending desktop notification using 'notify2'
[9.254s] DEBUG:colcon.colcon_core.event_reactor:joined thread
[9.275s] INFO:colcon.colcon_core.shell:Creating prefix script '/home/heybat/Desktop/miniproject/install/local_setup.ps1'
[9.280s] INFO:colcon.colcon_core.shell:Creating prefix util module '/home/heybat/Desktop/miniproject/install/_local_setup_util_ps1.py'
[9.288s] INFO:colcon.colcon_core.shell:Creating prefix chain script '/home/heybat/Desktop/miniproject/install/setup.ps1'
[9.299s] INFO:colcon.colcon_core.shell:Creating prefix script '/home/heybat/Desktop/miniproject/install/local_setup.sh'
[9.304s] INFO:colcon.colcon_core.shell:Creating prefix util module '/home/heybat/Desktop/miniproject/install/_local_setup_util_sh.py'
[9.307s] INFO:colcon.colcon_core.shell:Creating prefix chain script '/home/heybat/Desktop/miniproject/install/setup.sh'
[9.319s] INFO:colcon.colcon_core.shell:Creating prefix script '/home/heybat/Desktop/miniproject/install/local_setup.bash'
[9.323s] INFO:colcon.colcon_core.shell:Creating prefix chain script '/home/heybat/Desktop/miniproject/install/setup.bash'
[9.335s] INFO:colcon.colcon_core.shell:Creating prefix script '/home/heybat/Desktop/miniproject/install/local_setup.zsh'
[9.339s] INFO:colcon.colcon_core.shell:Creating prefix chain script '/home/heybat/Desktop/miniproject/install/setup.zsh'
